[ 2016-10-10T14:18:31+08:00 ] 192.168.0.164 /CoalApp/Admin/Public/font/roboto/Roboto-Regular.woff2
INFO: [ app_init ] --START--
INFO: Run Behavior\BuildLiteBehavior [ RunTime:0.000015s ]
INFO: [ app_init ] --END-- [ RunTime:0.000339s ]
ERR: 无法加载模块:CoalApp

[ 2016-10-10T14:18:31+08:00 ] 192.168.0.164 /CoalApp/Admin/Public/font/roboto/Roboto-Regular.woff
INFO: [ app_init ] --START--
INFO: Run Behavior\BuildLiteBehavior [ RunTime:0.000012s ]
INFO: [ app_init ] --END-- [ RunTime:0.000275s ]
ERR: 无法加载模块:CoalApp

[ 2016-10-10T14:18:31+08:00 ] 192.168.0.164 /CoalApp/Admin/Public/font/roboto/Roboto-Regular.ttf
INFO: [ app_init ] --START--
INFO: Run Behavior\BuildLiteBehavior [ RunTime:0.000011s ]
INFO: [ app_init ] --END-- [ RunTime:0.000233s ]
ERR: 无法加载模块:CoalApp

[ 2016-10-10T16:10:25+08:00 ] 192.168.0.164 /CoalApp/Admin/Public/js/jquery.min.map
INFO: [ app_init ] --START--
INFO: Run Behavior\BuildLiteBehavior [ RunTime:0.000008s ]
INFO: [ app_init ] --END-- [ RunTime:0.000175s ]
ERR: 无法加载模块:CoalApp

[ 2016-10-10T16:10:28+08:00 ] 192.168.0.164 /CoalApp/Admin/Public/js/jquery.min.map
INFO: [ app_init ] --START--
INFO: Run Behavior\BuildLiteBehavior [ RunTime:0.000012s ]
INFO: [ app_init ] --END-- [ RunTime:0.000269s ]
ERR: 无法加载模块:CoalApp

[ 2016-10-10T16:15:08+08:00 ] 192.168.0.164 /CoalApp/Admin/Public/js/jquery.min.map
INFO: [ app_init ] --START--
INFO: Run Behavior\BuildLiteBehavior [ RunTime:0.000010s ]
INFO: [ app_init ] --END-- [ RunTime:0.000230s ]
ERR: 无法加载模块:CoalApp

[ 2016-10-10T16:15:27+08:00 ] 192.168.0.164 /CoalApp/Admin/Public/js/jquery.min.map
INFO: [ app_init ] --START--
INFO: Run Behavior\BuildLiteBehavior [ RunTime:0.000018s ]
INFO: [ app_init ] --END-- [ RunTime:0.000415s ]
ERR: 无法加载模块:CoalApp

[ 2016-10-10T16:52:49+08:00 ] 192.168.0.164 /CoalApp/Admin/Public/css/iconfont.woff
INFO: [ app_init ] --START--
INFO: Run Behavior\BuildLiteBehavior [ RunTime:0.000011s ]
INFO: [ app_init ] --END-- [ RunTime:0.000262s ]
ERR: 无法加载模块:CoalApp

[ 2016-10-10T16:52:49+08:00 ] 192.168.0.164 /CoalApp/Admin/Public/css/iconfont.ttf
INFO: [ app_init ] --START--
INFO: Run Behavior\BuildLiteBehavior [ RunTime:0.000021s ]
INFO: [ app_init ] --END-- [ RunTime:0.000518s ]
ERR: 无法加载模块:CoalApp

[ 2016-10-10T17:04:04+08:00 ] 192.168.0.164 /CoalApp/Mwt/Public/css/bootstrap.css.map
INFO: [ app_init ] --START--
INFO: Run Behavior\BuildLiteBehavior [ RunTime:0.000011s ]
INFO: [ app_init ] --END-- [ RunTime:0.000254s ]
ERR: 无法加载模块:CoalApp

[ 2016-10-10T17:04:34+08:00 ] 192.168.0.164 /CoalApp/Mwt/Public/css/bootstrap.css.map
INFO: [ app_init ] --START--
INFO: Run Behavior\BuildLiteBehavior [ RunTime:0.000022s ]
INFO: [ app_init ] --END-- [ RunTime:0.000526s ]
ERR: 无法加载模块:CoalApp

[ 2016-10-10T17:04:39+08:00 ] 192.168.0.164 /CoalApp/Mwt/Public/css/bootstrap.css.map
INFO: [ app_init ] --START--
INFO: Run Behavior\BuildLiteBehavior [ RunTime:0.000008s ]
INFO: [ app_init ] --END-- [ RunTime:0.000239s ]
ERR: 无法加载模块:CoalApp

[ 2016-10-10T17:04:41+08:00 ] 192.168.0.164 /CoalApp/Mwt/Public/css/bootstrap.css.map
INFO: [ app_init ] --START--
INFO: Run Behavior\BuildLiteBehavior [ RunTime:0.000019s ]
INFO: [ app_init ] --END-- [ RunTime:0.000458s ]
ERR: 无法加载模块:CoalApp

[ 2016-10-10T17:06:24+08:00 ] 192.168.0.164 /CoalApp/Mwt/Public/css/bootstrap.css.map
INFO: [ app_init ] --START--
INFO: Run Behavior\BuildLiteBehavior [ RunTime:0.000009s ]
INFO: [ app_init ] --END-- [ RunTime:0.000175s ]
ERR: 无法加载模块:CoalApp

[ 2016-10-10T17:08:42+08:00 ] 192.168.0.164 /CoalApp/Mwt/Public/css/bootstrap.css.map
INFO: [ app_init ] --START--
INFO: Run Behavior\BuildLiteBehavior [ RunTime:0.000020s ]
INFO: [ app_init ] --END-- [ RunTime:0.000522s ]
ERR: 无法加载模块:CoalApp

[ 2016-10-10T17:10:34+08:00 ] 192.168.0.164 /CoalApp/Mwt/Public/css/bootstrap.css.map
INFO: [ app_init ] --START--
INFO: Run Behavior\BuildLiteBehavior [ RunTime:0.000021s ]
INFO: [ app_init ] --END-- [ RunTime:0.000480s ]
ERR: 无法加载模块:CoalApp

[ 2016-10-10T17:12:37+08:00 ] 192.168.0.164 /CoalApp/Mwt/Public/css/bootstrap.css.map
INFO: [ app_init ] --START--
INFO: Run Behavior\BuildLiteBehavior [ RunTime:0.000020s ]
INFO: [ app_init ] --END-- [ RunTime:0.000492s ]
ERR: 无法加载模块:CoalApp

[ 2016-10-10T17:13:12+08:00 ] 192.168.0.164 /CoalApp/Mwt/Public/css/bootstrap.css.map
INFO: [ app_init ] --START--
INFO: Run Behavior\BuildLiteBehavior [ RunTime:0.000019s ]
INFO: [ app_init ] --END-- [ RunTime:0.000458s ]
ERR: 无法加载模块:CoalApp

[ 2016-10-10T17:13:50+08:00 ] 192.168.0.164 /CoalApp/Mwt/Public/css/bootstrap.css.map
INFO: [ app_init ] --START--
INFO: Run Behavior\BuildLiteBehavior [ RunTime:0.000020s ]
INFO: [ app_init ] --END-- [ RunTime:0.000493s ]
ERR: 无法加载模块:CoalApp

[ 2016-10-10T17:13:56+08:00 ] 192.168.0.164 /CoalApp/Mwt/Public/css/bootstrap.css.map
INFO: [ app_init ] --START--
INFO: Run Behavior\BuildLiteBehavior [ RunTime:0.000022s ]
INFO: [ app_init ] --END-- [ RunTime:0.000569s ]
ERR: 无法加载模块:CoalApp

[ 2016-10-10T17:14:29+08:00 ] 192.168.0.164 /CoalApp/Mwt/Public/css/bootstrap.css.map
INFO: [ app_init ] --START--
INFO: Run Behavior\BuildLiteBehavior [ RunTime:0.000008s ]
INFO: [ app_init ] --END-- [ RunTime:0.000176s ]
ERR: 无法加载模块:CoalApp

[ 2016-10-10T17:15:15+08:00 ] 192.168.0.164 /CoalApp/Mwt/Public/css/bootstrap.css.map
INFO: [ app_init ] --START--
INFO: Run Behavior\BuildLiteBehavior [ RunTime:0.000009s ]
INFO: [ app_init ] --END-- [ RunTime:0.000206s ]
ERR: 无法加载模块:CoalApp

[ 2016-10-10T17:15:18+08:00 ] 192.168.0.164 /CoalApp/Mwt/Public/css/bootstrap.css.map
INFO: [ app_init ] --START--
INFO: Run Behavior\BuildLiteBehavior [ RunTime:0.000018s ]
INFO: [ app_init ] --END-- [ RunTime:0.000433s ]
ERR: 无法加载模块:CoalApp

[ 2016-10-10T17:16:20+08:00 ] 192.168.0.164 /CoalApp/Mwt/Public/css/bootstrap.css.map
INFO: [ app_init ] --START--
INFO: Run Behavior\BuildLiteBehavior [ RunTime:0.000022s ]
INFO: [ app_init ] --END-- [ RunTime:0.000539s ]
ERR: 无法加载模块:CoalApp

[ 2016-10-10T17:17:18+08:00 ] 192.168.0.164 /CoalApp/Mwt/Public/css/bootstrap.css.map
INFO: [ app_init ] --START--
INFO: Run Behavior\BuildLiteBehavior [ RunTime:0.000021s ]
INFO: [ app_init ] --END-- [ RunTime:0.000479s ]
ERR: 无法加载模块:CoalApp

[ 2016-10-10T17:17:23+08:00 ] 192.168.0.164 /CoalApp/Mwt/Public/css/bootstrap.css.map
INFO: [ app_init ] --START--
INFO: Run Behavior\BuildLiteBehavior [ RunTime:0.000019s ]
INFO: [ app_init ] --END-- [ RunTime:0.000436s ]
ERR: 无法加载模块:CoalApp

[ 2016-10-10T17:18:13+08:00 ] 192.168.0.164 /CoalApp/Mwt/Public/css/bootstrap.css.map
INFO: [ app_init ] --START--
INFO: Run Behavior\BuildLiteBehavior [ RunTime:0.000008s ]
INFO: [ app_init ] --END-- [ RunTime:0.000177s ]
ERR: 无法加载模块:CoalApp

[ 2016-10-10T17:19:20+08:00 ] 192.168.0.164 /CoalApp/Mwt/Public/css/bootstrap.css.map
INFO: [ app_init ] --START--
INFO: Run Behavior\BuildLiteBehavior [ RunTime:0.000023s ]
INFO: [ app_init ] --END-- [ RunTime:0.000540s ]
ERR: 无法加载模块:CoalApp

[ 2016-10-10T17:19:40+08:00 ] 192.168.0.164 /CoalApp/Mwt/Public/css/bootstrap.css.map
INFO: [ app_init ] --START--
INFO: Run Behavior\BuildLiteBehavior [ RunTime:0.000013s ]
INFO: [ app_init ] --END-- [ RunTime:0.000296s ]
ERR: 无法加载模块:CoalApp

[ 2016-10-10T17:20:07+08:00 ] 192.168.0.164 /CoalApp/Mwt/Public/css/bootstrap.css.map
INFO: [ app_init ] --START--
INFO: Run Behavior\BuildLiteBehavior [ RunTime:0.000008s ]
INFO: [ app_init ] --END-- [ RunTime:0.000166s ]
ERR: 无法加载模块:CoalApp

[ 2016-10-10T17:20:10+08:00 ] 192.168.0.164 /CoalApp/Mwt/Public/css/bootstrap.css.map
INFO: [ app_init ] --START--
INFO: Run Behavior\BuildLiteBehavior [ RunTime:0.000008s ]
INFO: [ app_init ] --END-- [ RunTime:0.000167s ]
ERR: 无法加载模块:CoalApp

[ 2016-10-10T17:20:30+08:00 ] 192.168.0.164 /CoalApp/Mwt/Public/css/bootstrap.css.map
INFO: [ app_init ] --START--
INFO: Run Behavior\BuildLiteBehavior [ RunTime:0.000009s ]
INFO: [ app_init ] --END-- [ RunTime:0.000177s ]
ERR: 无法加载模块:CoalApp

[ 2016-10-10T17:21:32+08:00 ] 192.168.0.164 /CoalApp/Mwt/Public/css/bootstrap.css.map
INFO: [ app_init ] --START--
INFO: Run Behavior\BuildLiteBehavior [ RunTime:0.000020s ]
INFO: [ app_init ] --END-- [ RunTime:0.000471s ]
ERR: 无法加载模块:CoalApp

[ 2016-10-10T17:22:06+08:00 ] 192.168.0.164 /CoalApp/Mwt/Public/css/bootstrap.css.map
INFO: [ app_init ] --START--
INFO: Run Behavior\BuildLiteBehavior [ RunTime:0.000017s ]
INFO: [ app_init ] --END-- [ RunTime:0.000413s ]
ERR: 无法加载模块:CoalApp

[ 2016-10-10T17:22:32+08:00 ] 192.168.0.164 /CoalApp/Mwt/Public/css/bootstrap.css.map
INFO: [ app_init ] --START--
INFO: Run Behavior\BuildLiteBehavior [ RunTime:0.000013s ]
INFO: [ app_init ] --END-- [ RunTime:0.000322s ]
ERR: 无法加载模块:CoalApp

[ 2016-10-10T17:22:49+08:00 ] 192.168.0.164 /CoalApp/Mwt/Public/css/bootstrap.css.map
INFO: [ app_init ] --START--
INFO: Run Behavior\BuildLiteBehavior [ RunTime:0.000008s ]
INFO: [ app_init ] --END-- [ RunTime:0.000176s ]
ERR: 无法加载模块:CoalApp

[ 2016-10-10T17:23:15+08:00 ] 192.168.0.164 /CoalApp/Mwt/Public/css/bootstrap.css.map
INFO: [ app_init ] --START--
INFO: Run Behavior\BuildLiteBehavior [ RunTime:0.000022s ]
INFO: [ app_init ] --END-- [ RunTime:0.000529s ]
ERR: 无法加载模块:CoalApp

[ 2016-10-10T17:27:37+08:00 ] 192.168.0.164 /CoalApp/Mwt/Public/css/bootstrap.css.map
INFO: [ app_init ] --START--
INFO: Run Behavior\BuildLiteBehavior [ RunTime:0.000021s ]
INFO: [ app_init ] --END-- [ RunTime:0.000532s ]
ERR: 无法加载模块:CoalApp

[ 2016-10-10T17:27:49+08:00 ] 192.168.0.164 /CoalApp/Mwt/Public/css/bootstrap.css.map
INFO: [ app_init ] --START--
INFO: Run Behavior\BuildLiteBehavior [ RunTime:0.000013s ]
INFO: [ app_init ] --END-- [ RunTime:0.000277s ]
ERR: 无法加载模块:CoalApp

[ 2016-10-10T17:27:51+08:00 ] 192.168.0.164 /CoalApp/Mwt/Public/css/bootstrap.css.map
INFO: [ app_init ] --START--
INFO: Run Behavior\BuildLiteBehavior [ RunTime:0.000018s ]
INFO: [ app_init ] --END-- [ RunTime:0.000450s ]
ERR: 无法加载模块:CoalApp

[ 2016-10-10T17:27:55+08:00 ] 192.168.0.164 /CoalApp/Mwt/Public/css/bootstrap.css.map
INFO: [ app_init ] --START--
INFO: Run Behavior\BuildLiteBehavior [ RunTime:0.000008s ]
INFO: [ app_init ] --END-- [ RunTime:0.000206s ]
ERR: 无法加载模块:CoalApp

[ 2016-10-10T17:28:18+08:00 ] 192.168.0.164 /CoalApp/Mwt/Public/css/bootstrap.css.map
INFO: [ app_init ] --START--
INFO: Run Behavior\BuildLiteBehavior [ RunTime:0.000018s ]
INFO: [ app_init ] --END-- [ RunTime:0.000404s ]
ERR: 无法加载模块:CoalApp

[ 2016-10-10T17:28:42+08:00 ] 192.168.0.164 /CoalApp/Mwt/Public/css/bootstrap.css.map
INFO: [ app_init ] --START--
INFO: Run Behavior\BuildLiteBehavior [ RunTime:0.000019s ]
INFO: [ app_init ] --END-- [ RunTime:0.000436s ]
ERR: 无法加载模块:CoalApp

[ 2016-10-10T17:28:51+08:00 ] 192.168.0.164 /CoalApp/Mwt/Public/css/bootstrap.css.map
INFO: [ app_init ] --START--
INFO: Run Behavior\BuildLiteBehavior [ RunTime:0.000029s ]
INFO: [ app_init ] --END-- [ RunTime:0.000416s ]
ERR: 无法加载模块:CoalApp

[ 2016-10-10T17:29:03+08:00 ] 192.168.0.164 /CoalApp/Mwt/Public/css/bootstrap.css.map
INFO: [ app_init ] --START--
INFO: Run Behavior\BuildLiteBehavior [ RunTime:0.000010s ]
INFO: [ app_init ] --END-- [ RunTime:0.000219s ]
ERR: 无法加载模块:CoalApp

[ 2016-10-10T17:29:06+08:00 ] 192.168.0.164 /CoalApp/Mwt/Public/css/bootstrap.css.map
INFO: [ app_init ] --START--
INFO: Run Behavior\BuildLiteBehavior [ RunTime:0.000018s ]
INFO: [ app_init ] --END-- [ RunTime:0.000401s ]
ERR: 无法加载模块:CoalApp

[ 2016-10-10T17:29:08+08:00 ] 192.168.0.164 /CoalApp/Mwt/Public/css/bootstrap.css.map
INFO: [ app_init ] --START--
INFO: Run Behavior\BuildLiteBehavior [ RunTime:0.000022s ]
INFO: [ app_init ] --END-- [ RunTime:0.000520s ]
ERR: 无法加载模块:CoalApp

[ 2016-10-10T17:29:10+08:00 ] 192.168.0.164 /CoalApp/Mwt/Public/css/bootstrap.css.map
INFO: [ app_init ] --START--
INFO: Run Behavior\BuildLiteBehavior [ RunTime:0.000022s ]
INFO: [ app_init ] --END-- [ RunTime:0.000520s ]
ERR: 无法加载模块:CoalApp

[ 2016-10-10T17:29:11+08:00 ] 192.168.0.164 /CoalApp/Mwt/Public/css/bootstrap.css.map
INFO: [ app_init ] --START--
INFO: Run Behavior\BuildLiteBehavior [ RunTime:0.000022s ]
INFO: [ app_init ] --END-- [ RunTime:0.000517s ]
ERR: 无法加载模块:CoalApp

[ 2016-10-10T17:29:17+08:00 ] 192.168.0.164 /CoalApp/Mwt/Public/css/bootstrap.css.map
INFO: [ app_init ] --START--
INFO: Run Behavior\BuildLiteBehavior [ RunTime:0.000009s ]
INFO: [ app_init ] --END-- [ RunTime:0.000207s ]
ERR: 无法加载模块:CoalApp

[ 2016-10-10T17:29:30+08:00 ] 192.168.0.164 /CoalApp/Mwt/Public/css/bootstrap.css.map
INFO: [ app_init ] --START--
INFO: Run Behavior\BuildLiteBehavior [ RunTime:0.000009s ]
INFO: [ app_init ] --END-- [ RunTime:0.000173s ]
ERR: 无法加载模块:CoalApp

[ 2016-10-10T17:30:07+08:00 ] 192.168.0.164 /CoalApp/Mwt/Public/css/bootstrap.css.map
INFO: [ app_init ] --START--
INFO: Run Behavior\BuildLiteBehavior [ RunTime:0.000008s ]
INFO: [ app_init ] --END-- [ RunTime:0.000188s ]
ERR: 无法加载模块:CoalApp

[ 2016-10-10T17:30:31+08:00 ] 192.168.0.164 /CoalApp/Mwt/Public/css/bootstrap.css.map
INFO: [ app_init ] --START--
INFO: Run Behavior\BuildLiteBehavior [ RunTime:0.000022s ]
INFO: [ app_init ] --END-- [ RunTime:0.000523s ]
ERR: 无法加载模块:CoalApp

[ 2016-10-10T17:30:32+08:00 ] 192.168.0.164 /CoalApp/Mwt/Public/css/bootstrap.css.map
INFO: [ app_init ] --START--
INFO: Run Behavior\BuildLiteBehavior [ RunTime:0.000009s ]
INFO: [ app_init ] --END-- [ RunTime:0.000184s ]
ERR: 无法加载模块:CoalApp

[ 2016-10-10T17:30:59+08:00 ] 192.168.0.164 /CoalApp/Mwt/Public/css/bootstrap.css.map
INFO: [ app_init ] --START--
INFO: Run Behavior\BuildLiteBehavior [ RunTime:0.000020s ]
INFO: [ app_init ] --END-- [ RunTime:0.000473s ]
ERR: 无法加载模块:CoalApp

[ 2016-10-10T17:32:01+08:00 ] 192.168.0.164 /CoalApp/Mwt/Public/css/bootstrap.css.map
INFO: [ app_init ] --START--
INFO: Run Behavior\BuildLiteBehavior [ RunTime:0.000013s ]
INFO: [ app_init ] --END-- [ RunTime:0.000290s ]
ERR: 无法加载模块:CoalApp

[ 2016-10-10T17:32:03+08:00 ] 192.168.0.164 /CoalApp/Mwt/Public/css/bootstrap.css.map
INFO: [ app_init ] --START--
INFO: Run Behavior\BuildLiteBehavior [ RunTime:0.000020s ]
INFO: [ app_init ] --END-- [ RunTime:0.000476s ]
ERR: 无法加载模块:CoalApp

[ 2016-10-10T17:33:14+08:00 ] 192.168.0.164 /CoalApp/Mwt/Public/css/bootstrap.css.map
INFO: [ app_init ] --START--
INFO: Run Behavior\BuildLiteBehavior [ RunTime:0.000022s ]
INFO: [ app_init ] --END-- [ RunTime:0.000523s ]
ERR: 无法加载模块:CoalApp

[ 2016-10-10T17:33:17+08:00 ] 192.168.0.164 /CoalApp/Mwt/Public/css/bootstrap.css.map
INFO: [ app_init ] --START--
INFO: Run Behavior\BuildLiteBehavior [ RunTime:0.000012s ]
INFO: [ app_init ] --END-- [ RunTime:0.000263s ]
ERR: 无法加载模块:CoalApp

[ 2016-10-10T17:33:37+08:00 ] 192.168.0.164 /CoalApp/Mwt/Public/css/bootstrap.css.map
INFO: [ app_init ] --START--
INFO: Run Behavior\BuildLiteBehavior [ RunTime:0.000020s ]
INFO: [ app_init ] --END-- [ RunTime:0.000493s ]
ERR: 无法加载模块:CoalApp

[ 2016-10-10T17:33:50+08:00 ] 192.168.0.164 /CoalApp/Mwt/Public/css/bootstrap.css.map
INFO: [ app_init ] --START--
INFO: Run Behavior\BuildLiteBehavior [ RunTime:0.000021s ]
INFO: [ app_init ] --END-- [ RunTime:0.000492s ]
ERR: 无法加载模块:CoalApp

