[ 2016-10-08T15:59:36+08:00 ] 192.168.0.164 /CoalApp/Admin/Public/font/roboto/Roboto-Regular.woff2
INFO: [ app_init ] --START--
INFO: Run Behavior\BuildLiteBehavior [ RunTime:0.000017s ]
INFO: [ app_init ] --END-- [ RunTime:0.000407s ]
ERR: 无法加载模块:CoalApp

[ 2016-10-08T15:59:36+08:00 ] 192.168.0.164 /CoalApp/Admin/Public/font/roboto/Roboto-Regular.woff
INFO: [ app_init ] --START--
INFO: Run Behavior\BuildLiteBehavior [ RunTime:0.000018s ]
INFO: [ app_init ] --END-- [ RunTime:0.000448s ]
ERR: 无法加载模块:CoalApp

[ 2016-10-08T15:59:36+08:00 ] 192.168.0.164 /CoalApp/Admin/Public/font/roboto/Roboto-Regular.ttf
INFO: [ app_init ] --START--
INFO: Run Behavior\BuildLiteBehavior [ RunTime:0.000016s ]
INFO: [ app_init ] --END-- [ RunTime:0.000334s ]
ERR: 无法加载模块:CoalApp

[ 2016-10-08T16:00:10+08:00 ] 192.168.0.164 /CoalApp/Admin/Public/font/roboto/Roboto-Regular.woff2
INFO: [ app_init ] --START--
INFO: Run Behavior\BuildLiteBehavior [ RunTime:0.000009s ]
INFO: [ app_init ] --END-- [ RunTime:0.000177s ]
ERR: 无法加载模块:CoalApp

[ 2016-10-08T16:00:10+08:00 ] 192.168.0.164 /CoalApp/Admin/Public/font/roboto/Roboto-Regular.woff
INFO: [ app_init ] --START--
INFO: Run Behavior\BuildLiteBehavior [ RunTime:0.000008s ]
INFO: [ app_init ] --END-- [ RunTime:0.000175s ]
ERR: 无法加载模块:CoalApp

[ 2016-10-08T16:00:10+08:00 ] 192.168.0.164 /CoalApp/Admin/Public/font/roboto/Roboto-Regular.ttf
INFO: [ app_init ] --START--
INFO: Run Behavior\BuildLiteBehavior [ RunTime:0.000009s ]
INFO: [ app_init ] --END-- [ RunTime:0.000176s ]
ERR: 无法加载模块:CoalApp

[ 2016-10-08T16:00:10+08:00 ] 192.168.0.164 /CoalApp/Admin/Public/font/roboto/Roboto-Regular.woff2
INFO: [ app_init ] --START--
INFO: Run Behavior\BuildLiteBehavior [ RunTime:0.000008s ]
INFO: [ app_init ] --END-- [ RunTime:0.000171s ]
ERR: 无法加载模块:CoalApp

[ 2016-10-08T16:00:10+08:00 ] 192.168.0.164 /CoalApp/Admin/Public/font/roboto/Roboto-Regular.woff
INFO: [ app_init ] --START--
INFO: Run Behavior\BuildLiteBehavior [ RunTime:0.000008s ]
INFO: [ app_init ] --END-- [ RunTime:0.000182s ]
ERR: 无法加载模块:CoalApp

[ 2016-10-08T16:00:10+08:00 ] 192.168.0.164 /CoalApp/Admin/Public/font/roboto/Roboto-Regular.ttf
INFO: [ app_init ] --START--
INFO: Run Behavior\BuildLiteBehavior [ RunTime:0.000007s ]
INFO: [ app_init ] --END-- [ RunTime:0.000168s ]
ERR: 无法加载模块:CoalApp

[ 2016-10-08T16:00:47+08:00 ] 192.168.0.164 /CoalApp/Admin/Public/font/roboto/Roboto-Regular.woff2
INFO: [ app_init ] --START--
INFO: Run Behavior\BuildLiteBehavior [ RunTime:0.000008s ]
INFO: [ app_init ] --END-- [ RunTime:0.000178s ]
ERR: 无法加载模块:CoalApp

[ 2016-10-08T16:00:47+08:00 ] 192.168.0.164 /CoalApp/Admin/Public/font/roboto/Roboto-Regular.woff
INFO: [ app_init ] --START--
INFO: Run Behavior\BuildLiteBehavior [ RunTime:0.000011s ]
INFO: [ app_init ] --END-- [ RunTime:0.000240s ]
ERR: 无法加载模块:CoalApp

[ 2016-10-08T16:00:47+08:00 ] 192.168.0.164 /CoalApp/Admin/Public/font/roboto/Roboto-Regular.ttf
INFO: [ app_init ] --START--
INFO: Run Behavior\BuildLiteBehavior [ RunTime:0.000008s ]
INFO: [ app_init ] --END-- [ RunTime:0.000176s ]
ERR: 无法加载模块:CoalApp

[ 2016-10-08T16:00:47+08:00 ] 192.168.0.164 /CoalApp/Admin/Public/font/roboto/Roboto-Regular.woff2
INFO: [ app_init ] --START--
INFO: Run Behavior\BuildLiteBehavior [ RunTime:0.000008s ]
INFO: [ app_init ] --END-- [ RunTime:0.000174s ]
ERR: 无法加载模块:CoalApp

[ 2016-10-08T16:00:48+08:00 ] 192.168.0.164 /CoalApp/Admin/Public/font/roboto/Roboto-Regular.woff
INFO: [ app_init ] --START--
INFO: Run Behavior\BuildLiteBehavior [ RunTime:0.000008s ]
INFO: [ app_init ] --END-- [ RunTime:0.000176s ]
ERR: 无法加载模块:CoalApp

[ 2016-10-08T16:00:48+08:00 ] 192.168.0.164 /CoalApp/Admin/Public/font/roboto/Roboto-Regular.ttf
INFO: [ app_init ] --START--
INFO: Run Behavior\BuildLiteBehavior [ RunTime:0.000008s ]
INFO: [ app_init ] --END-- [ RunTime:0.000178s ]
ERR: 无法加载模块:CoalApp

[ 2016-10-08T16:14:09+08:00 ] 192.168.0.164 /CoalApp/Admin/Public/font/roboto/Roboto-Regular.woff2
INFO: [ app_init ] --START--
INFO: Run Behavior\BuildLiteBehavior [ RunTime:0.000010s ]
INFO: [ app_init ] --END-- [ RunTime:0.000221s ]
ERR: 无法加载模块:CoalApp

[ 2016-10-08T16:14:09+08:00 ] 192.168.0.164 /CoalApp/Admin/Public/font/roboto/Roboto-Regular.woff
INFO: [ app_init ] --START--
INFO: Run Behavior\BuildLiteBehavior [ RunTime:0.000014s ]
INFO: [ app_init ] --END-- [ RunTime:0.000318s ]
ERR: 无法加载模块:CoalApp

[ 2016-10-08T16:14:09+08:00 ] 192.168.0.164 /CoalApp/Admin/Public/font/roboto/Roboto-Regular.ttf
INFO: [ app_init ] --START--
INFO: Run Behavior\BuildLiteBehavior [ RunTime:0.000013s ]
INFO: [ app_init ] --END-- [ RunTime:0.000277s ]
ERR: 无法加载模块:CoalApp

[ 2016-10-08T16:16:33+08:00 ] 192.168.0.164 /CoalApp/Admin/Public/font/roboto/Roboto-Regular.woff2
INFO: [ app_init ] --START--
INFO: Run Behavior\BuildLiteBehavior [ RunTime:0.000019s ]
INFO: [ app_init ] --END-- [ RunTime:0.000485s ]
ERR: 无法加载模块:CoalApp

[ 2016-10-08T16:16:33+08:00 ] 192.168.0.164 /CoalApp/Admin/Public/font/roboto/Roboto-Regular.woff
INFO: [ app_init ] --START--
INFO: Run Behavior\BuildLiteBehavior [ RunTime:0.000017s ]
INFO: [ app_init ] --END-- [ RunTime:0.000400s ]
ERR: 无法加载模块:CoalApp

[ 2016-10-08T16:16:33+08:00 ] 192.168.0.164 /CoalApp/Admin/Public/font/roboto/Roboto-Regular.ttf
INFO: [ app_init ] --START--
INFO: Run Behavior\BuildLiteBehavior [ RunTime:0.000011s ]
INFO: [ app_init ] --END-- [ RunTime:0.000279s ]
ERR: 无法加载模块:CoalApp

[ 2016-10-08T16:19:46+08:00 ] 192.168.0.164 /CoalApp/Admin/Public/font/roboto/Roboto-Regular.woff2
INFO: [ app_init ] --START--
INFO: Run Behavior\BuildLiteBehavior [ RunTime:0.000010s ]
INFO: [ app_init ] --END-- [ RunTime:0.000235s ]
ERR: 无法加载模块:CoalApp

[ 2016-10-08T16:19:46+08:00 ] 192.168.0.164 /CoalApp/Admin/Public/font/roboto/Roboto-Regular.woff
INFO: [ app_init ] --START--
INFO: Run Behavior\BuildLiteBehavior [ RunTime:0.000008s ]
INFO: [ app_init ] --END-- [ RunTime:0.000170s ]
ERR: 无法加载模块:CoalApp

[ 2016-10-08T16:19:46+08:00 ] 192.168.0.164 /CoalApp/Admin/Public/font/roboto/Roboto-Regular.ttf
INFO: [ app_init ] --START--
INFO: Run Behavior\BuildLiteBehavior [ RunTime:0.000009s ]
INFO: [ app_init ] --END-- [ RunTime:0.000176s ]
ERR: 无法加载模块:CoalApp

[ 2016-10-08T16:20:07+08:00 ] 192.168.0.164 /CoalApp/Admin/Public/font/roboto/Roboto-Regular.woff2
INFO: [ app_init ] --START--
INFO: Run Behavior\BuildLiteBehavior [ RunTime:0.000010s ]
INFO: [ app_init ] --END-- [ RunTime:0.000217s ]
ERR: 无法加载模块:CoalApp

[ 2016-10-08T16:20:07+08:00 ] 192.168.0.164 /CoalApp/Admin/Public/font/roboto/Roboto-Regular.woff
INFO: [ app_init ] --START--
INFO: Run Behavior\BuildLiteBehavior [ RunTime:0.000013s ]
INFO: [ app_init ] --END-- [ RunTime:0.000276s ]
ERR: 无法加载模块:CoalApp

[ 2016-10-08T16:20:07+08:00 ] 192.168.0.164 /CoalApp/Admin/Public/font/roboto/Roboto-Regular.ttf
INFO: [ app_init ] --START--
INFO: Run Behavior\BuildLiteBehavior [ RunTime:0.000010s ]
INFO: [ app_init ] --END-- [ RunTime:0.000255s ]
ERR: 无法加载模块:CoalApp

[ 2016-10-08T16:20:07+08:00 ] 192.168.0.164 /CoalApp/Admin/Public/font/roboto/Roboto-Regular.woff2
INFO: [ app_init ] --START--
INFO: Run Behavior\BuildLiteBehavior [ RunTime:0.000012s ]
INFO: [ app_init ] --END-- [ RunTime:0.000259s ]
ERR: 无法加载模块:CoalApp

[ 2016-10-08T16:20:07+08:00 ] 192.168.0.164 /CoalApp/Admin/Public/font/roboto/Roboto-Regular.woff
INFO: [ app_init ] --START--
INFO: Run Behavior\BuildLiteBehavior [ RunTime:0.000008s ]
INFO: [ app_init ] --END-- [ RunTime:0.000182s ]
ERR: 无法加载模块:CoalApp

[ 2016-10-08T16:20:07+08:00 ] 192.168.0.164 /CoalApp/Admin/Public/font/roboto/Roboto-Regular.ttf
INFO: [ app_init ] --START--
INFO: Run Behavior\BuildLiteBehavior [ RunTime:0.000024s ]
INFO: [ app_init ] --END-- [ RunTime:0.000234s ]
ERR: 无法加载模块:CoalApp

[ 2016-10-08T16:20:32+08:00 ] 192.168.0.164 /CoalApp/Admin/Public/font/roboto/Roboto-Regular.woff2
INFO: [ app_init ] --START--
INFO: Run Behavior\BuildLiteBehavior [ RunTime:0.000012s ]
INFO: [ app_init ] --END-- [ RunTime:0.000281s ]
ERR: 无法加载模块:CoalApp

[ 2016-10-08T16:20:32+08:00 ] 192.168.0.164 /CoalApp/Admin/Public/font/roboto/Roboto-Regular.woff
INFO: [ app_init ] --START--
INFO: Run Behavior\BuildLiteBehavior [ RunTime:0.000014s ]
INFO: [ app_init ] --END-- [ RunTime:0.000308s ]
ERR: 无法加载模块:CoalApp

[ 2016-10-08T16:20:32+08:00 ] 192.168.0.164 /CoalApp/Admin/Public/font/roboto/Roboto-Regular.ttf
INFO: [ app_init ] --START--
INFO: Run Behavior\BuildLiteBehavior [ RunTime:0.000010s ]
INFO: [ app_init ] --END-- [ RunTime:0.000215s ]
ERR: 无法加载模块:CoalApp

[ 2016-10-08T16:20:33+08:00 ] 192.168.0.164 /CoalApp/Admin/Public/font/roboto/Roboto-Regular.woff2
INFO: [ app_init ] --START--
INFO: Run Behavior\BuildLiteBehavior [ RunTime:0.000009s ]
INFO: [ app_init ] --END-- [ RunTime:0.000208s ]
ERR: 无法加载模块:CoalApp

[ 2016-10-08T16:20:33+08:00 ] 192.168.0.164 /CoalApp/Admin/Public/font/roboto/Roboto-Regular.woff
INFO: [ app_init ] --START--
INFO: Run Behavior\BuildLiteBehavior [ RunTime:0.000008s ]
INFO: [ app_init ] --END-- [ RunTime:0.000183s ]
ERR: 无法加载模块:CoalApp

[ 2016-10-08T16:20:33+08:00 ] 192.168.0.164 /CoalApp/Admin/Public/font/roboto/Roboto-Regular.ttf
INFO: [ app_init ] --START--
INFO: Run Behavior\BuildLiteBehavior [ RunTime:0.000009s ]
INFO: [ app_init ] --END-- [ RunTime:0.000202s ]
ERR: 无法加载模块:CoalApp

[ 2016-10-08T16:20:33+08:00 ] 192.168.0.164 /CoalApp/Admin/Public/font/roboto/Roboto-Regular.woff2
INFO: [ app_init ] --START--
INFO: Run Behavior\BuildLiteBehavior [ RunTime:0.000008s ]
INFO: [ app_init ] --END-- [ RunTime:0.000174s ]
ERR: 无法加载模块:CoalApp

[ 2016-10-08T16:20:33+08:00 ] 192.168.0.164 /CoalApp/Admin/Public/font/roboto/Roboto-Regular.woff
INFO: [ app_init ] --START--
INFO: Run Behavior\BuildLiteBehavior [ RunTime:0.000009s ]
INFO: [ app_init ] --END-- [ RunTime:0.000184s ]
ERR: 无法加载模块:CoalApp

[ 2016-10-08T16:20:33+08:00 ] 192.168.0.164 /CoalApp/Admin/Public/font/roboto/Roboto-Regular.ttf
INFO: [ app_init ] --START--
INFO: Run Behavior\BuildLiteBehavior [ RunTime:0.000009s ]
INFO: [ app_init ] --END-- [ RunTime:0.000176s ]
ERR: 无法加载模块:CoalApp

[ 2016-10-08T16:20:57+08:00 ] 192.168.0.164 /CoalApp/Admin/Public/font/roboto/Roboto-Regular.woff2
INFO: [ app_init ] --START--
INFO: Run Behavior\BuildLiteBehavior [ RunTime:0.000008s ]
INFO: [ app_init ] --END-- [ RunTime:0.000178s ]
ERR: 无法加载模块:CoalApp

[ 2016-10-08T16:20:57+08:00 ] 192.168.0.164 /CoalApp/Admin/Public/font/roboto/Roboto-Regular.woff
INFO: [ app_init ] --START--
INFO: Run Behavior\BuildLiteBehavior [ RunTime:0.000009s ]
INFO: [ app_init ] --END-- [ RunTime:0.000237s ]
ERR: 无法加载模块:CoalApp

[ 2016-10-08T16:20:57+08:00 ] 192.168.0.164 /CoalApp/Admin/Public/font/roboto/Roboto-Regular.ttf
INFO: [ app_init ] --START--
INFO: Run Behavior\BuildLiteBehavior [ RunTime:0.000008s ]
INFO: [ app_init ] --END-- [ RunTime:0.000170s ]
ERR: 无法加载模块:CoalApp

[ 2016-10-08T16:20:58+08:00 ] 192.168.0.164 /CoalApp/Admin/Public/font/roboto/Roboto-Regular.woff2
INFO: [ app_init ] --START--
INFO: Run Behavior\BuildLiteBehavior [ RunTime:0.000008s ]
INFO: [ app_init ] --END-- [ RunTime:0.000176s ]
ERR: 无法加载模块:CoalApp

[ 2016-10-08T16:20:58+08:00 ] 192.168.0.164 /CoalApp/Admin/Public/font/roboto/Roboto-Regular.woff
INFO: [ app_init ] --START--
INFO: Run Behavior\BuildLiteBehavior [ RunTime:0.000009s ]
INFO: [ app_init ] --END-- [ RunTime:0.000174s ]
ERR: 无法加载模块:CoalApp

[ 2016-10-08T16:20:58+08:00 ] 192.168.0.164 /CoalApp/Admin/Public/font/roboto/Roboto-Regular.ttf
INFO: [ app_init ] --START--
INFO: Run Behavior\BuildLiteBehavior [ RunTime:0.000020s ]
INFO: [ app_init ] --END-- [ RunTime:0.000245s ]
ERR: 无法加载模块:CoalApp

[ 2016-10-08T16:20:58+08:00 ] 192.168.0.164 /CoalApp/Admin/Public/font/roboto/Roboto-Regular.woff2
INFO: [ app_init ] --START--
INFO: Run Behavior\BuildLiteBehavior [ RunTime:0.000008s ]
INFO: [ app_init ] --END-- [ RunTime:0.000174s ]
ERR: 无法加载模块:CoalApp

[ 2016-10-08T16:20:58+08:00 ] 192.168.0.164 /CoalApp/Admin/Public/font/roboto/Roboto-Regular.woff
INFO: [ app_init ] --START--
INFO: Run Behavior\BuildLiteBehavior [ RunTime:0.000008s ]
INFO: [ app_init ] --END-- [ RunTime:0.000177s ]
ERR: 无法加载模块:CoalApp

[ 2016-10-08T16:20:58+08:00 ] 192.168.0.164 /CoalApp/Admin/Public/font/roboto/Roboto-Regular.ttf
INFO: [ app_init ] --START--
INFO: Run Behavior\BuildLiteBehavior [ RunTime:0.000008s ]
INFO: [ app_init ] --END-- [ RunTime:0.000168s ]
ERR: 无法加载模块:CoalApp

[ 2016-10-08T16:21:16+08:00 ] 192.168.0.164 /CoalApp/Admin/Public/font/roboto/Roboto-Regular.woff2
INFO: [ app_init ] --START--
INFO: Run Behavior\BuildLiteBehavior [ RunTime:0.000019s ]
INFO: [ app_init ] --END-- [ RunTime:0.000231s ]
ERR: 无法加载模块:CoalApp

[ 2016-10-08T16:21:16+08:00 ] 192.168.0.164 /CoalApp/Admin/Public/font/roboto/Roboto-Regular.woff
INFO: [ app_init ] --START--
INFO: Run Behavior\BuildLiteBehavior [ RunTime:0.000008s ]
INFO: [ app_init ] --END-- [ RunTime:0.000169s ]
ERR: 无法加载模块:CoalApp

[ 2016-10-08T16:21:16+08:00 ] 192.168.0.164 /CoalApp/Admin/Public/font/roboto/Roboto-Regular.ttf
INFO: [ app_init ] --START--
INFO: Run Behavior\BuildLiteBehavior [ RunTime:0.000008s ]
INFO: [ app_init ] --END-- [ RunTime:0.000175s ]
ERR: 无法加载模块:CoalApp

[ 2016-10-08T16:21:28+08:00 ] 192.168.0.164 /CoalApp/Admin/Public/font/roboto/Roboto-Regular.woff2
INFO: [ app_init ] --START--
INFO: Run Behavior\BuildLiteBehavior [ RunTime:0.000020s ]
INFO: [ app_init ] --END-- [ RunTime:0.000471s ]
ERR: 无法加载模块:CoalApp

[ 2016-10-08T16:21:28+08:00 ] 192.168.0.164 /CoalApp/Admin/Public/font/roboto/Roboto-Regular.woff
INFO: [ app_init ] --START--
INFO: Run Behavior\BuildLiteBehavior [ RunTime:0.000014s ]
INFO: [ app_init ] --END-- [ RunTime:0.000307s ]
ERR: 无法加载模块:CoalApp

[ 2016-10-08T16:21:28+08:00 ] 192.168.0.164 /CoalApp/Admin/Public/font/roboto/Roboto-Regular.ttf
INFO: [ app_init ] --START--
INFO: Run Behavior\BuildLiteBehavior [ RunTime:0.000013s ]
INFO: [ app_init ] --END-- [ RunTime:0.000297s ]
ERR: 无法加载模块:CoalApp

[ 2016-10-08T16:21:57+08:00 ] 192.168.0.164 /CoalApp/Admin/Public/font/roboto/Roboto-Regular.woff2
INFO: [ app_init ] --START--
INFO: Run Behavior\BuildLiteBehavior [ RunTime:0.000010s ]
INFO: [ app_init ] --END-- [ RunTime:0.000234s ]
ERR: 无法加载模块:CoalApp

[ 2016-10-08T16:21:57+08:00 ] 192.168.0.164 /CoalApp/Admin/Public/font/roboto/Roboto-Regular.woff
INFO: [ app_init ] --START--
INFO: Run Behavior\BuildLiteBehavior [ RunTime:0.000008s ]
INFO: [ app_init ] --END-- [ RunTime:0.000179s ]
ERR: 无法加载模块:CoalApp

[ 2016-10-08T16:21:57+08:00 ] 192.168.0.164 /CoalApp/Admin/Public/font/roboto/Roboto-Regular.ttf
INFO: [ app_init ] --START--
INFO: Run Behavior\BuildLiteBehavior [ RunTime:0.000008s ]
INFO: [ app_init ] --END-- [ RunTime:0.000179s ]
ERR: 无法加载模块:CoalApp

[ 2016-10-08T16:22:06+08:00 ] 192.168.0.164 /CoalApp/Admin/Public/font/roboto/Roboto-Regular.woff2
INFO: [ app_init ] --START--
INFO: Run Behavior\BuildLiteBehavior [ RunTime:0.000011s ]
INFO: [ app_init ] --END-- [ RunTime:0.000223s ]
ERR: 无法加载模块:CoalApp

[ 2016-10-08T16:22:06+08:00 ] 192.168.0.164 /CoalApp/Admin/Public/font/roboto/Roboto-Regular.woff
INFO: [ app_init ] --START--
INFO: Run Behavior\BuildLiteBehavior [ RunTime:0.000008s ]
INFO: [ app_init ] --END-- [ RunTime:0.000172s ]
ERR: 无法加载模块:CoalApp

[ 2016-10-08T16:22:06+08:00 ] 192.168.0.164 /CoalApp/Admin/Public/font/roboto/Roboto-Regular.ttf
INFO: [ app_init ] --START--
INFO: Run Behavior\BuildLiteBehavior [ RunTime:0.000008s ]
INFO: [ app_init ] --END-- [ RunTime:0.000173s ]
ERR: 无法加载模块:CoalApp

[ 2016-10-08T16:23:01+08:00 ] 192.168.0.164 /CoalApp/Admin/Public/font/roboto/Roboto-Regular.woff2
INFO: [ app_init ] --START--
INFO: Run Behavior\BuildLiteBehavior [ RunTime:0.000020s ]
INFO: [ app_init ] --END-- [ RunTime:0.000472s ]
ERR: 无法加载模块:CoalApp

[ 2016-10-08T16:23:01+08:00 ] 192.168.0.164 /CoalApp/Admin/Public/font/roboto/Roboto-Regular.woff
INFO: [ app_init ] --START--
INFO: Run Behavior\BuildLiteBehavior [ RunTime:0.000020s ]
INFO: [ app_init ] --END-- [ RunTime:0.000486s ]
ERR: 无法加载模块:CoalApp

[ 2016-10-08T16:23:01+08:00 ] 192.168.0.164 /CoalApp/Admin/Public/font/roboto/Roboto-Regular.ttf
INFO: [ app_init ] --START--
INFO: Run Behavior\BuildLiteBehavior [ RunTime:0.000013s ]
INFO: [ app_init ] --END-- [ RunTime:0.000314s ]
ERR: 无法加载模块:CoalApp

[ 2016-10-08T16:23:27+08:00 ] 192.168.0.164 /CoalApp/Admin/Public/font/roboto/Roboto-Regular.woff2
INFO: [ app_init ] --START--
INFO: Run Behavior\BuildLiteBehavior [ RunTime:0.000022s ]
INFO: [ app_init ] --END-- [ RunTime:0.000518s ]
ERR: 无法加载模块:CoalApp

[ 2016-10-08T16:23:27+08:00 ] 192.168.0.164 /CoalApp/Admin/Public/font/roboto/Roboto-Regular.woff
INFO: [ app_init ] --START--
INFO: Run Behavior\BuildLiteBehavior [ RunTime:0.000015s ]
INFO: [ app_init ] --END-- [ RunTime:0.000328s ]
ERR: 无法加载模块:CoalApp

[ 2016-10-08T16:23:28+08:00 ] 192.168.0.164 /CoalApp/Admin/Public/font/roboto/Roboto-Regular.ttf
INFO: [ app_init ] --START--
INFO: Run Behavior\BuildLiteBehavior [ RunTime:0.000011s ]
INFO: [ app_init ] --END-- [ RunTime:0.000226s ]
ERR: 无法加载模块:CoalApp

[ 2016-10-08T16:24:45+08:00 ] 192.168.0.164 /CoalApp/Admin/Public/font/roboto/Roboto-Regular.woff2
INFO: [ app_init ] --START--
INFO: Run Behavior\BuildLiteBehavior [ RunTime:0.000010s ]
INFO: [ app_init ] --END-- [ RunTime:0.000224s ]
ERR: 无法加载模块:CoalApp

[ 2016-10-08T16:24:45+08:00 ] 192.168.0.164 /CoalApp/Admin/Public/font/roboto/Roboto-Regular.woff
INFO: [ app_init ] --START--
INFO: Run Behavior\BuildLiteBehavior [ RunTime:0.000010s ]
INFO: [ app_init ] --END-- [ RunTime:0.000222s ]
ERR: 无法加载模块:CoalApp

[ 2016-10-08T16:24:45+08:00 ] 192.168.0.164 /CoalApp/Admin/Public/font/roboto/Roboto-Regular.ttf
INFO: [ app_init ] --START--
INFO: Run Behavior\BuildLiteBehavior [ RunTime:0.000010s ]
INFO: [ app_init ] --END-- [ RunTime:0.000214s ]
ERR: 无法加载模块:CoalApp

[ 2016-10-08T16:24:45+08:00 ] 192.168.0.164 /CoalApp/Admin/Public/font/roboto/Roboto-Regular.woff2
INFO: [ app_init ] --START--
INFO: Run Behavior\BuildLiteBehavior [ RunTime:0.000008s ]
INFO: [ app_init ] --END-- [ RunTime:0.000179s ]
ERR: 无法加载模块:CoalApp

[ 2016-10-08T16:24:45+08:00 ] 192.168.0.164 /CoalApp/Admin/Public/font/roboto/Roboto-Regular.woff
INFO: [ app_init ] --START--
INFO: Run Behavior\BuildLiteBehavior [ RunTime:0.000009s ]
INFO: [ app_init ] --END-- [ RunTime:0.000179s ]
ERR: 无法加载模块:CoalApp

[ 2016-10-08T16:24:45+08:00 ] 192.168.0.164 /CoalApp/Admin/Public/font/roboto/Roboto-Regular.ttf
INFO: [ app_init ] --START--
INFO: Run Behavior\BuildLiteBehavior [ RunTime:0.000009s ]
INFO: [ app_init ] --END-- [ RunTime:0.000234s ]
ERR: 无法加载模块:CoalApp

[ 2016-10-08T16:24:46+08:00 ] 192.168.0.164 /CoalApp/Admin/Public/font/roboto/Roboto-Regular.woff2
INFO: [ app_init ] --START--
INFO: Run Behavior\BuildLiteBehavior [ RunTime:0.000008s ]
INFO: [ app_init ] --END-- [ RunTime:0.000174s ]
ERR: 无法加载模块:CoalApp

[ 2016-10-08T16:24:46+08:00 ] 192.168.0.164 /CoalApp/Admin/Public/font/roboto/Roboto-Regular.woff
INFO: [ app_init ] --START--
INFO: Run Behavior\BuildLiteBehavior [ RunTime:0.000009s ]
INFO: [ app_init ] --END-- [ RunTime:0.000184s ]
ERR: 无法加载模块:CoalApp

[ 2016-10-08T16:24:46+08:00 ] 192.168.0.164 /CoalApp/Admin/Public/font/roboto/Roboto-Regular.ttf
INFO: [ app_init ] --START--
INFO: Run Behavior\BuildLiteBehavior [ RunTime:0.000009s ]
INFO: [ app_init ] --END-- [ RunTime:0.000176s ]
ERR: 无法加载模块:CoalApp

[ 2016-10-08T16:24:46+08:00 ] 192.168.0.164 /CoalApp/Admin/Public/font/roboto/Roboto-Regular.woff2
INFO: [ app_init ] --START--
INFO: Run Behavior\BuildLiteBehavior [ RunTime:0.000008s ]
INFO: [ app_init ] --END-- [ RunTime:0.000175s ]
ERR: 无法加载模块:CoalApp

[ 2016-10-08T16:24:46+08:00 ] 192.168.0.164 /CoalApp/Admin/Public/font/roboto/Roboto-Regular.woff
INFO: [ app_init ] --START--
INFO: Run Behavior\BuildLiteBehavior [ RunTime:0.000007s ]
INFO: [ app_init ] --END-- [ RunTime:0.000168s ]
ERR: 无法加载模块:CoalApp

[ 2016-10-08T16:24:46+08:00 ] 192.168.0.164 /CoalApp/Admin/Public/font/roboto/Roboto-Regular.ttf
INFO: [ app_init ] --START--
INFO: Run Behavior\BuildLiteBehavior [ RunTime:0.000009s ]
INFO: [ app_init ] --END-- [ RunTime:0.000176s ]
ERR: 无法加载模块:CoalApp

[ 2016-10-08T16:25:13+08:00 ] 192.168.0.164 /CoalApp/Admin/Public/font/roboto/Roboto-Regular.woff2
INFO: [ app_init ] --START--
INFO: Run Behavior\BuildLiteBehavior [ RunTime:0.000008s ]
INFO: [ app_init ] --END-- [ RunTime:0.000168s ]
ERR: 无法加载模块:CoalApp

[ 2016-10-08T16:25:13+08:00 ] 192.168.0.164 /CoalApp/Admin/Public/font/roboto/Roboto-Regular.woff
INFO: [ app_init ] --START--
INFO: Run Behavior\BuildLiteBehavior [ RunTime:0.000008s ]
INFO: [ app_init ] --END-- [ RunTime:0.000175s ]
ERR: 无法加载模块:CoalApp

[ 2016-10-08T16:25:13+08:00 ] 192.168.0.164 /CoalApp/Admin/Public/font/roboto/Roboto-Regular.ttf
INFO: [ app_init ] --START--
INFO: Run Behavior\BuildLiteBehavior [ RunTime:0.000009s ]
INFO: [ app_init ] --END-- [ RunTime:0.000178s ]
ERR: 无法加载模块:CoalApp

[ 2016-10-08T16:25:13+08:00 ] 192.168.0.164 /CoalApp/Admin/Public/font/roboto/Roboto-Regular.woff2
INFO: [ app_init ] --START--
INFO: Run Behavior\BuildLiteBehavior [ RunTime:0.000008s ]
INFO: [ app_init ] --END-- [ RunTime:0.000175s ]
ERR: 无法加载模块:CoalApp

[ 2016-10-08T16:25:14+08:00 ] 192.168.0.164 /CoalApp/Admin/Public/font/roboto/Roboto-Regular.woff
INFO: [ app_init ] --START--
INFO: Run Behavior\BuildLiteBehavior [ RunTime:0.000008s ]
INFO: [ app_init ] --END-- [ RunTime:0.000171s ]
ERR: 无法加载模块:CoalApp

[ 2016-10-08T16:25:14+08:00 ] 192.168.0.164 /CoalApp/Admin/Public/font/roboto/Roboto-Regular.ttf
INFO: [ app_init ] --START--
INFO: Run Behavior\BuildLiteBehavior [ RunTime:0.000009s ]
INFO: [ app_init ] --END-- [ RunTime:0.000231s ]
ERR: 无法加载模块:CoalApp

[ 2016-10-08T16:25:14+08:00 ] 192.168.0.164 /CoalApp/Admin/Public/font/roboto/Roboto-Regular.woff2
INFO: [ app_init ] --START--
INFO: Run Behavior\BuildLiteBehavior [ RunTime:0.000012s ]
INFO: [ app_init ] --END-- [ RunTime:0.000273s ]
ERR: 无法加载模块:CoalApp

[ 2016-10-08T16:25:14+08:00 ] 192.168.0.164 /CoalApp/Admin/Public/font/roboto/Roboto-Regular.woff
INFO: [ app_init ] --START--
INFO: Run Behavior\BuildLiteBehavior [ RunTime:0.000008s ]
INFO: [ app_init ] --END-- [ RunTime:0.000175s ]
ERR: 无法加载模块:CoalApp

[ 2016-10-08T16:25:14+08:00 ] 192.168.0.164 /CoalApp/Admin/Public/font/roboto/Roboto-Regular.ttf
INFO: [ app_init ] --START--
INFO: Run Behavior\BuildLiteBehavior [ RunTime:0.000008s ]
INFO: [ app_init ] --END-- [ RunTime:0.000168s ]
ERR: 无法加载模块:CoalApp

[ 2016-10-08T16:25:14+08:00 ] 192.168.0.164 /CoalApp/Admin/Public/font/roboto/Roboto-Regular.woff2
INFO: [ app_init ] --START--
INFO: Run Behavior\BuildLiteBehavior [ RunTime:0.000008s ]
INFO: [ app_init ] --END-- [ RunTime:0.000167s ]
ERR: 无法加载模块:CoalApp

[ 2016-10-08T16:25:14+08:00 ] 192.168.0.164 /CoalApp/Admin/Public/font/roboto/Roboto-Regular.woff
INFO: [ app_init ] --START--
INFO: Run Behavior\BuildLiteBehavior [ RunTime:0.000008s ]
INFO: [ app_init ] --END-- [ RunTime:0.000171s ]
ERR: 无法加载模块:CoalApp

[ 2016-10-08T16:25:14+08:00 ] 192.168.0.164 /CoalApp/Admin/Public/font/roboto/Roboto-Regular.ttf
INFO: [ app_init ] --START--
INFO: Run Behavior\BuildLiteBehavior [ RunTime:0.000008s ]
INFO: [ app_init ] --END-- [ RunTime:0.000170s ]
ERR: 无法加载模块:CoalApp

[ 2016-10-08T16:25:22+08:00 ] 192.168.0.164 /CoalApp/Admin/Public/font/roboto/Roboto-Regular.woff2
INFO: [ app_init ] --START--
INFO: Run Behavior\BuildLiteBehavior [ RunTime:0.000017s ]
INFO: [ app_init ] --END-- [ RunTime:0.000418s ]
ERR: 无法加载模块:CoalApp

[ 2016-10-08T16:25:22+08:00 ] 192.168.0.164 /CoalApp/Admin/Public/font/roboto/Roboto-Regular.woff
INFO: [ app_init ] --START--
INFO: Run Behavior\BuildLiteBehavior [ RunTime:0.000012s ]
INFO: [ app_init ] --END-- [ RunTime:0.000255s ]
ERR: 无法加载模块:CoalApp

[ 2016-10-08T16:25:22+08:00 ] 192.168.0.164 /CoalApp/Admin/Public/font/roboto/Roboto-Regular.ttf
INFO: [ app_init ] --START--
INFO: Run Behavior\BuildLiteBehavior [ RunTime:0.000010s ]
INFO: [ app_init ] --END-- [ RunTime:0.000231s ]
ERR: 无法加载模块:CoalApp

[ 2016-10-08T16:25:22+08:00 ] 192.168.0.164 /CoalApp/Admin/Public/font/roboto/Roboto-Regular.woff2
INFO: [ app_init ] --START--
INFO: Run Behavior\BuildLiteBehavior [ RunTime:0.000011s ]
INFO: [ app_init ] --END-- [ RunTime:0.000251s ]
ERR: 无法加载模块:CoalApp

[ 2016-10-08T16:25:22+08:00 ] 192.168.0.164 /CoalApp/Admin/Public/font/roboto/Roboto-Regular.woff
INFO: [ app_init ] --START--
INFO: Run Behavior\BuildLiteBehavior [ RunTime:0.000008s ]
INFO: [ app_init ] --END-- [ RunTime:0.000173s ]
ERR: 无法加载模块:CoalApp

[ 2016-10-08T16:25:22+08:00 ] 192.168.0.164 /CoalApp/Admin/Public/font/roboto/Roboto-Regular.ttf
INFO: [ app_init ] --START--
INFO: Run Behavior\BuildLiteBehavior [ RunTime:0.000007s ]
INFO: [ app_init ] --END-- [ RunTime:0.000175s ]
ERR: 无法加载模块:CoalApp

[ 2016-10-08T16:25:22+08:00 ] 192.168.0.164 /CoalApp/Admin/Public/font/roboto/Roboto-Regular.woff2
INFO: [ app_init ] --START--
INFO: Run Behavior\BuildLiteBehavior [ RunTime:0.000008s ]
INFO: [ app_init ] --END-- [ RunTime:0.000173s ]
ERR: 无法加载模块:CoalApp

[ 2016-10-08T16:25:22+08:00 ] 192.168.0.164 /CoalApp/Admin/Public/font/roboto/Roboto-Regular.woff
INFO: [ app_init ] --START--
INFO: Run Behavior\BuildLiteBehavior [ RunTime:0.000009s ]
INFO: [ app_init ] --END-- [ RunTime:0.000181s ]
ERR: 无法加载模块:CoalApp

[ 2016-10-08T16:25:22+08:00 ] 192.168.0.164 /CoalApp/Admin/Public/font/roboto/Roboto-Regular.ttf
INFO: [ app_init ] --START--
INFO: Run Behavior\BuildLiteBehavior [ RunTime:0.000009s ]
INFO: [ app_init ] --END-- [ RunTime:0.000173s ]
ERR: 无法加载模块:CoalApp

[ 2016-10-08T16:25:48+08:00 ] 192.168.0.164 /CoalApp/Admin/Public/font/roboto/Roboto-Regular.woff2
INFO: [ app_init ] --START--
INFO: Run Behavior\BuildLiteBehavior [ RunTime:0.000009s ]
INFO: [ app_init ] --END-- [ RunTime:0.000200s ]
ERR: 无法加载模块:CoalApp

[ 2016-10-08T16:25:48+08:00 ] 192.168.0.164 /CoalApp/Admin/Public/font/roboto/Roboto-Regular.woff
INFO: [ app_init ] --START--
INFO: Run Behavior\BuildLiteBehavior [ RunTime:0.000011s ]
INFO: [ app_init ] --END-- [ RunTime:0.000243s ]
ERR: 无法加载模块:CoalApp

[ 2016-10-08T16:25:48+08:00 ] 192.168.0.164 /CoalApp/Admin/Public/font/roboto/Roboto-Regular.ttf
INFO: [ app_init ] --START--
INFO: Run Behavior\BuildLiteBehavior [ RunTime:0.000008s ]
INFO: [ app_init ] --END-- [ RunTime:0.000176s ]
ERR: 无法加载模块:CoalApp

[ 2016-10-08T16:25:48+08:00 ] 192.168.0.164 /CoalApp/Admin/Public/font/roboto/Roboto-Regular.woff2
INFO: [ app_init ] --START--
INFO: Run Behavior\BuildLiteBehavior [ RunTime:0.000009s ]
INFO: [ app_init ] --END-- [ RunTime:0.000198s ]
ERR: 无法加载模块:CoalApp

[ 2016-10-08T16:25:48+08:00 ] 192.168.0.164 /CoalApp/Admin/Public/font/roboto/Roboto-Regular.woff
INFO: [ app_init ] --START--
INFO: Run Behavior\BuildLiteBehavior [ RunTime:0.000009s ]
INFO: [ app_init ] --END-- [ RunTime:0.000179s ]
ERR: 无法加载模块:CoalApp

[ 2016-10-08T16:25:48+08:00 ] 192.168.0.164 /CoalApp/Admin/Public/font/roboto/Roboto-Regular.ttf
INFO: [ app_init ] --START--
INFO: Run Behavior\BuildLiteBehavior [ RunTime:0.000008s ]
INFO: [ app_init ] --END-- [ RunTime:0.000168s ]
ERR: 无法加载模块:CoalApp

[ 2016-10-08T16:25:49+08:00 ] 192.168.0.164 /CoalApp/Admin/Public/font/roboto/Roboto-Regular.woff2
INFO: [ app_init ] --START--
INFO: Run Behavior\BuildLiteBehavior [ RunTime:0.000008s ]
INFO: [ app_init ] --END-- [ RunTime:0.000179s ]
ERR: 无法加载模块:CoalApp

[ 2016-10-08T16:25:49+08:00 ] 192.168.0.164 /CoalApp/Admin/Public/font/roboto/Roboto-Regular.woff
INFO: [ app_init ] --START--
INFO: Run Behavior\BuildLiteBehavior [ RunTime:0.000008s ]
INFO: [ app_init ] --END-- [ RunTime:0.000175s ]
ERR: 无法加载模块:CoalApp

[ 2016-10-08T16:25:49+08:00 ] 192.168.0.164 /CoalApp/Admin/Public/font/roboto/Roboto-Regular.ttf
INFO: [ app_init ] --START--
INFO: Run Behavior\BuildLiteBehavior [ RunTime:0.000008s ]
INFO: [ app_init ] --END-- [ RunTime:0.000172s ]
ERR: 无法加载模块:CoalApp

[ 2016-10-08T16:26:22+08:00 ] 192.168.0.164 /CoalApp/Admin/Public/font/roboto/Roboto-Regular.woff2
INFO: [ app_init ] --START--
INFO: Run Behavior\BuildLiteBehavior [ RunTime:0.000020s ]
INFO: [ app_init ] --END-- [ RunTime:0.000481s ]
ERR: 无法加载模块:CoalApp

[ 2016-10-08T16:26:22+08:00 ] 192.168.0.164 /CoalApp/Admin/Public/font/roboto/Roboto-Regular.woff
INFO: [ app_init ] --START--
INFO: Run Behavior\BuildLiteBehavior [ RunTime:0.000013s ]
INFO: [ app_init ] --END-- [ RunTime:0.000311s ]
ERR: 无法加载模块:CoalApp

[ 2016-10-08T16:26:22+08:00 ] 192.168.0.164 /CoalApp/Admin/Public/font/roboto/Roboto-Regular.ttf
INFO: [ app_init ] --START--
INFO: Run Behavior\BuildLiteBehavior [ RunTime:0.000008s ]
INFO: [ app_init ] --END-- [ RunTime:0.000180s ]
ERR: 无法加载模块:CoalApp

[ 2016-10-08T16:26:40+08:00 ] 192.168.0.164 /CoalApp/Admin/Public/font/roboto/Roboto-Regular.woff2
INFO: [ app_init ] --START--
INFO: Run Behavior\BuildLiteBehavior [ RunTime:0.000008s ]
INFO: [ app_init ] --END-- [ RunTime:0.000195s ]
ERR: 无法加载模块:CoalApp

[ 2016-10-08T16:26:40+08:00 ] 192.168.0.164 /CoalApp/Admin/Public/font/roboto/Roboto-Regular.woff
INFO: [ app_init ] --START--
INFO: Run Behavior\BuildLiteBehavior [ RunTime:0.000014s ]
INFO: [ app_init ] --END-- [ RunTime:0.000333s ]
ERR: 无法加载模块:CoalApp

[ 2016-10-08T16:26:40+08:00 ] 192.168.0.164 /CoalApp/Admin/Public/font/roboto/Roboto-Regular.ttf
INFO: [ app_init ] --START--
INFO: Run Behavior\BuildLiteBehavior [ RunTime:0.000022s ]
INFO: [ app_init ] --END-- [ RunTime:0.000289s ]
ERR: 无法加载模块:CoalApp

[ 2016-10-08T16:26:40+08:00 ] 192.168.0.164 /CoalApp/Admin/Public/font/roboto/Roboto-Regular.woff2
INFO: [ app_init ] --START--
INFO: Run Behavior\BuildLiteBehavior [ RunTime:0.000008s ]
INFO: [ app_init ] --END-- [ RunTime:0.000172s ]
ERR: 无法加载模块:CoalApp

[ 2016-10-08T16:26:40+08:00 ] 192.168.0.164 /CoalApp/Admin/Public/font/roboto/Roboto-Regular.woff
INFO: [ app_init ] --START--
INFO: Run Behavior\BuildLiteBehavior [ RunTime:0.000009s ]
INFO: [ app_init ] --END-- [ RunTime:0.000214s ]
ERR: 无法加载模块:CoalApp

[ 2016-10-08T16:26:40+08:00 ] 192.168.0.164 /CoalApp/Admin/Public/font/roboto/Roboto-Regular.ttf
INFO: [ app_init ] --START--
INFO: Run Behavior\BuildLiteBehavior [ RunTime:0.000008s ]
INFO: [ app_init ] --END-- [ RunTime:0.000165s ]
ERR: 无法加载模块:CoalApp

[ 2016-10-08T16:26:40+08:00 ] 192.168.0.164 /CoalApp/Admin/Public/font/roboto/Roboto-Regular.woff2
INFO: [ app_init ] --START--
INFO: Run Behavior\BuildLiteBehavior [ RunTime:0.000008s ]
INFO: [ app_init ] --END-- [ RunTime:0.000177s ]
ERR: 无法加载模块:CoalApp

[ 2016-10-08T16:26:40+08:00 ] 192.168.0.164 /CoalApp/Admin/Public/font/roboto/Roboto-Regular.woff
INFO: [ app_init ] --START--
INFO: Run Behavior\BuildLiteBehavior [ RunTime:0.000008s ]
INFO: [ app_init ] --END-- [ RunTime:0.000170s ]
ERR: 无法加载模块:CoalApp

[ 2016-10-08T16:26:40+08:00 ] 192.168.0.164 /CoalApp/Admin/Public/font/roboto/Roboto-Regular.ttf
INFO: [ app_init ] --START--
INFO: Run Behavior\BuildLiteBehavior [ RunTime:0.000008s ]
INFO: [ app_init ] --END-- [ RunTime:0.000168s ]
ERR: 无法加载模块:CoalApp

[ 2016-10-08T16:27:39+08:00 ] 192.168.0.164 /CoalApp/Admin/Public/font/roboto/Roboto-Regular.woff2
INFO: [ app_init ] --START--
INFO: Run Behavior\BuildLiteBehavior [ RunTime:0.000008s ]
INFO: [ app_init ] --END-- [ RunTime:0.000183s ]
ERR: 无法加载模块:CoalApp

[ 2016-10-08T16:27:39+08:00 ] 192.168.0.164 /CoalApp/Admin/Public/font/roboto/Roboto-Regular.woff
INFO: [ app_init ] --START--
INFO: Run Behavior\BuildLiteBehavior [ RunTime:0.000008s ]
INFO: [ app_init ] --END-- [ RunTime:0.000186s ]
ERR: 无法加载模块:CoalApp

[ 2016-10-08T16:27:39+08:00 ] 192.168.0.164 /CoalApp/Admin/Public/font/roboto/Roboto-Regular.ttf
INFO: [ app_init ] --START--
INFO: Run Behavior\BuildLiteBehavior [ RunTime:0.000008s ]
INFO: [ app_init ] --END-- [ RunTime:0.000169s ]
ERR: 无法加载模块:CoalApp

[ 2016-10-08T16:27:39+08:00 ] 192.168.0.164 /CoalApp/Admin/Public/font/roboto/Roboto-Regular.woff2
INFO: [ app_init ] --START--
INFO: Run Behavior\BuildLiteBehavior [ RunTime:0.000008s ]
INFO: [ app_init ] --END-- [ RunTime:0.000183s ]
ERR: 无法加载模块:CoalApp

[ 2016-10-08T16:27:40+08:00 ] 192.168.0.164 /CoalApp/Admin/Public/font/roboto/Roboto-Regular.woff
INFO: [ app_init ] --START--
INFO: Run Behavior\BuildLiteBehavior [ RunTime:0.000009s ]
INFO: [ app_init ] --END-- [ RunTime:0.000174s ]
ERR: 无法加载模块:CoalApp

[ 2016-10-08T16:27:40+08:00 ] 192.168.0.164 /CoalApp/Admin/Public/font/roboto/Roboto-Regular.ttf
INFO: [ app_init ] --START--
INFO: Run Behavior\BuildLiteBehavior [ RunTime:0.000008s ]
INFO: [ app_init ] --END-- [ RunTime:0.000170s ]
ERR: 无法加载模块:CoalApp

[ 2016-10-08T16:28:03+08:00 ] 192.168.0.164 /CoalApp/Admin/Public/font/roboto/Roboto-Regular.woff2
INFO: [ app_init ] --START--
INFO: Run Behavior\BuildLiteBehavior [ RunTime:0.000019s ]
INFO: [ app_init ] --END-- [ RunTime:0.000437s ]
ERR: 无法加载模块:CoalApp

[ 2016-10-08T16:28:03+08:00 ] 192.168.0.164 /CoalApp/Admin/Public/font/roboto/Roboto-Regular.woff
INFO: [ app_init ] --START--
INFO: Run Behavior\BuildLiteBehavior [ RunTime:0.000013s ]
INFO: [ app_init ] --END-- [ RunTime:0.000283s ]
ERR: 无法加载模块:CoalApp

[ 2016-10-08T16:28:03+08:00 ] 192.168.0.164 /CoalApp/Admin/Public/font/roboto/Roboto-Regular.ttf
INFO: [ app_init ] --START--
INFO: Run Behavior\BuildLiteBehavior [ RunTime:0.000009s ]
INFO: [ app_init ] --END-- [ RunTime:0.000223s ]
ERR: 无法加载模块:CoalApp

[ 2016-10-08T16:28:03+08:00 ] 192.168.0.164 /CoalApp/Admin/Public/font/roboto/Roboto-Regular.woff2
INFO: [ app_init ] --START--
INFO: Run Behavior\BuildLiteBehavior [ RunTime:0.000008s ]
INFO: [ app_init ] --END-- [ RunTime:0.000181s ]
ERR: 无法加载模块:CoalApp

[ 2016-10-08T16:28:03+08:00 ] 192.168.0.164 /CoalApp/Admin/Public/font/roboto/Roboto-Regular.woff
INFO: [ app_init ] --START--
INFO: Run Behavior\BuildLiteBehavior [ RunTime:0.000008s ]
INFO: [ app_init ] --END-- [ RunTime:0.000173s ]
ERR: 无法加载模块:CoalApp

[ 2016-10-08T16:28:03+08:00 ] 192.168.0.164 /CoalApp/Admin/Public/font/roboto/Roboto-Regular.ttf
INFO: [ app_init ] --START--
INFO: Run Behavior\BuildLiteBehavior [ RunTime:0.000008s ]
INFO: [ app_init ] --END-- [ RunTime:0.000168s ]
ERR: 无法加载模块:CoalApp

[ 2016-10-08T16:28:03+08:00 ] 192.168.0.164 /CoalApp/Admin/Public/font/roboto/Roboto-Regular.woff2
INFO: [ app_init ] --START--
INFO: Run Behavior\BuildLiteBehavior [ RunTime:0.000021s ]
INFO: [ app_init ] --END-- [ RunTime:0.000209s ]
ERR: 无法加载模块:CoalApp

[ 2016-10-08T16:28:03+08:00 ] 192.168.0.164 /CoalApp/Admin/Public/font/roboto/Roboto-Regular.woff
INFO: [ app_init ] --START--
INFO: Run Behavior\BuildLiteBehavior [ RunTime:0.000008s ]
INFO: [ app_init ] --END-- [ RunTime:0.000235s ]
ERR: 无法加载模块:CoalApp

[ 2016-10-08T16:28:03+08:00 ] 192.168.0.164 /CoalApp/Admin/Public/font/roboto/Roboto-Regular.ttf
INFO: [ app_init ] --START--
INFO: Run Behavior\BuildLiteBehavior [ RunTime:0.000008s ]
INFO: [ app_init ] --END-- [ RunTime:0.000170s ]
ERR: 无法加载模块:CoalApp

[ 2016-10-08T16:28:03+08:00 ] 192.168.0.164 /CoalApp/Admin/Public/font/roboto/Roboto-Regular.woff2
INFO: [ app_init ] --START--
INFO: Run Behavior\BuildLiteBehavior [ RunTime:0.000009s ]
INFO: [ app_init ] --END-- [ RunTime:0.000176s ]
ERR: 无法加载模块:CoalApp

[ 2016-10-08T16:28:03+08:00 ] 192.168.0.164 /CoalApp/Admin/Public/font/roboto/Roboto-Regular.woff
INFO: [ app_init ] --START--
INFO: Run Behavior\BuildLiteBehavior [ RunTime:0.000008s ]
INFO: [ app_init ] --END-- [ RunTime:0.000177s ]
ERR: 无法加载模块:CoalApp

[ 2016-10-08T16:28:04+08:00 ] 192.168.0.164 /CoalApp/Admin/Public/font/roboto/Roboto-Regular.ttf
INFO: [ app_init ] --START--
INFO: Run Behavior\BuildLiteBehavior [ RunTime:0.000019s ]
INFO: [ app_init ] --END-- [ RunTime:0.000226s ]
ERR: 无法加载模块:CoalApp

[ 2016-10-08T16:28:09+08:00 ] 192.168.0.164 /CoalApp/Admin/Public/font/roboto/Roboto-Regular.woff2
INFO: [ app_init ] --START--
INFO: Run Behavior\BuildLiteBehavior [ RunTime:0.000013s ]
INFO: [ app_init ] --END-- [ RunTime:0.000304s ]
ERR: 无法加载模块:CoalApp

[ 2016-10-08T16:28:09+08:00 ] 192.168.0.164 /CoalApp/Admin/Public/font/roboto/Roboto-Regular.woff
INFO: [ app_init ] --START--
INFO: Run Behavior\BuildLiteBehavior [ RunTime:0.000013s ]
INFO: [ app_init ] --END-- [ RunTime:0.000315s ]
ERR: 无法加载模块:CoalApp

[ 2016-10-08T16:28:09+08:00 ] 192.168.0.164 /CoalApp/Admin/Public/font/roboto/Roboto-Regular.ttf
INFO: [ app_init ] --START--
INFO: Run Behavior\BuildLiteBehavior [ RunTime:0.000008s ]
INFO: [ app_init ] --END-- [ RunTime:0.000172s ]
ERR: 无法加载模块:CoalApp

[ 2016-10-08T16:28:10+08:00 ] 192.168.0.164 /CoalApp/Admin/Public/font/roboto/Roboto-Regular.woff2
INFO: [ app_init ] --START--
INFO: Run Behavior\BuildLiteBehavior [ RunTime:0.000008s ]
INFO: [ app_init ] --END-- [ RunTime:0.000176s ]
ERR: 无法加载模块:CoalApp

[ 2016-10-08T16:28:10+08:00 ] 192.168.0.164 /CoalApp/Admin/Public/font/roboto/Roboto-Regular.woff
INFO: [ app_init ] --START--
INFO: Run Behavior\BuildLiteBehavior [ RunTime:0.000011s ]
INFO: [ app_init ] --END-- [ RunTime:0.000250s ]
ERR: 无法加载模块:CoalApp

[ 2016-10-08T16:28:10+08:00 ] 192.168.0.164 /CoalApp/Admin/Public/font/roboto/Roboto-Regular.ttf
INFO: [ app_init ] --START--
INFO: Run Behavior\BuildLiteBehavior [ RunTime:0.000011s ]
INFO: [ app_init ] --END-- [ RunTime:0.000244s ]
ERR: 无法加载模块:CoalApp

[ 2016-10-08T16:29:15+08:00 ] 192.168.0.164 /CoalApp/Admin/Public/font/roboto/Roboto-Regular.woff2
INFO: [ app_init ] --START--
INFO: Run Behavior\BuildLiteBehavior [ RunTime:0.000009s ]
INFO: [ app_init ] --END-- [ RunTime:0.000176s ]
ERR: 无法加载模块:CoalApp

[ 2016-10-08T16:29:16+08:00 ] 192.168.0.164 /CoalApp/Admin/Public/font/roboto/Roboto-Regular.woff
INFO: [ app_init ] --START--
INFO: Run Behavior\BuildLiteBehavior [ RunTime:0.000011s ]
INFO: [ app_init ] --END-- [ RunTime:0.000225s ]
ERR: 无法加载模块:CoalApp

[ 2016-10-08T16:29:16+08:00 ] 192.168.0.164 /CoalApp/Admin/Public/font/roboto/Roboto-Regular.ttf
INFO: [ app_init ] --START--
INFO: Run Behavior\BuildLiteBehavior [ RunTime:0.000010s ]
INFO: [ app_init ] --END-- [ RunTime:0.000236s ]
ERR: 无法加载模块:CoalApp

[ 2016-10-08T16:29:16+08:00 ] 192.168.0.164 /CoalApp/Admin/Public/font/roboto/Roboto-Regular.woff2
INFO: [ app_init ] --START--
INFO: Run Behavior\BuildLiteBehavior [ RunTime:0.000014s ]
INFO: [ app_init ] --END-- [ RunTime:0.000327s ]
ERR: 无法加载模块:CoalApp

[ 2016-10-08T16:29:16+08:00 ] 192.168.0.164 /CoalApp/Admin/Public/font/roboto/Roboto-Regular.woff
INFO: [ app_init ] --START--
INFO: Run Behavior\BuildLiteBehavior [ RunTime:0.000009s ]
INFO: [ app_init ] --END-- [ RunTime:0.000205s ]
ERR: 无法加载模块:CoalApp

[ 2016-10-08T16:29:16+08:00 ] 192.168.0.164 /CoalApp/Admin/Public/font/roboto/Roboto-Regular.ttf
INFO: [ app_init ] --START--
INFO: Run Behavior\BuildLiteBehavior [ RunTime:0.000009s ]
INFO: [ app_init ] --END-- [ RunTime:0.000199s ]
ERR: 无法加载模块:CoalApp

[ 2016-10-08T16:29:16+08:00 ] 192.168.0.164 /CoalApp/Admin/Public/font/roboto/Roboto-Regular.woff2
INFO: [ app_init ] --START--
INFO: Run Behavior\BuildLiteBehavior [ RunTime:0.000008s ]
INFO: [ app_init ] --END-- [ RunTime:0.000171s ]
ERR: 无法加载模块:CoalApp

[ 2016-10-08T16:29:16+08:00 ] 192.168.0.164 /CoalApp/Admin/Public/font/roboto/Roboto-Regular.woff
INFO: [ app_init ] --START--
INFO: Run Behavior\BuildLiteBehavior [ RunTime:0.000008s ]
INFO: [ app_init ] --END-- [ RunTime:0.000167s ]
ERR: 无法加载模块:CoalApp

[ 2016-10-08T16:29:16+08:00 ] 192.168.0.164 /CoalApp/Admin/Public/font/roboto/Roboto-Regular.ttf
INFO: [ app_init ] --START--
INFO: Run Behavior\BuildLiteBehavior [ RunTime:0.000009s ]
INFO: [ app_init ] --END-- [ RunTime:0.000176s ]
ERR: 无法加载模块:CoalApp

[ 2016-10-08T16:29:17+08:00 ] 192.168.0.164 /CoalApp/Admin/Public/font/roboto/Roboto-Regular.woff2
INFO: [ app_init ] --START--
INFO: Run Behavior\BuildLiteBehavior [ RunTime:0.000009s ]
INFO: [ app_init ] --END-- [ RunTime:0.000180s ]
ERR: 无法加载模块:CoalApp

[ 2016-10-08T16:29:17+08:00 ] 192.168.0.164 /CoalApp/Admin/Public/font/roboto/Roboto-Regular.woff
INFO: [ app_init ] --START--
INFO: Run Behavior\BuildLiteBehavior [ RunTime:0.000007s ]
INFO: [ app_init ] --END-- [ RunTime:0.000188s ]
ERR: 无法加载模块:CoalApp

[ 2016-10-08T16:29:17+08:00 ] 192.168.0.164 /CoalApp/Admin/Public/font/roboto/Roboto-Regular.ttf
INFO: [ app_init ] --START--
INFO: Run Behavior\BuildLiteBehavior [ RunTime:0.000009s ]
INFO: [ app_init ] --END-- [ RunTime:0.000181s ]
ERR: 无法加载模块:CoalApp

[ 2016-10-08T16:29:17+08:00 ] 192.168.0.164 /CoalApp/Admin/Public/font/roboto/Roboto-Regular.woff2
INFO: [ app_init ] --START--
INFO: Run Behavior\BuildLiteBehavior [ RunTime:0.000008s ]
INFO: [ app_init ] --END-- [ RunTime:0.000170s ]
ERR: 无法加载模块:CoalApp

[ 2016-10-08T16:29:17+08:00 ] 192.168.0.164 /CoalApp/Admin/Public/font/roboto/Roboto-Regular.woff
INFO: [ app_init ] --START--
INFO: Run Behavior\BuildLiteBehavior [ RunTime:0.000008s ]
INFO: [ app_init ] --END-- [ RunTime:0.000178s ]
ERR: 无法加载模块:CoalApp

[ 2016-10-08T16:29:17+08:00 ] 192.168.0.164 /CoalApp/Admin/Public/font/roboto/Roboto-Regular.ttf
INFO: [ app_init ] --START--
INFO: Run Behavior\BuildLiteBehavior [ RunTime:0.000008s ]
INFO: [ app_init ] --END-- [ RunTime:0.000168s ]
ERR: 无法加载模块:CoalApp

[ 2016-10-08T16:29:17+08:00 ] 192.168.0.164 /CoalApp/Admin/Public/font/roboto/Roboto-Regular.woff2
INFO: [ app_init ] --START--
INFO: Run Behavior\BuildLiteBehavior [ RunTime:0.000010s ]
INFO: [ app_init ] --END-- [ RunTime:0.000216s ]
ERR: 无法加载模块:CoalApp

[ 2016-10-08T16:29:17+08:00 ] 192.168.0.164 /CoalApp/Admin/Public/font/roboto/Roboto-Regular.woff
INFO: [ app_init ] --START--
INFO: Run Behavior\BuildLiteBehavior [ RunTime:0.000008s ]
INFO: [ app_init ] --END-- [ RunTime:0.000168s ]
ERR: 无法加载模块:CoalApp

[ 2016-10-08T16:29:17+08:00 ] 192.168.0.164 /CoalApp/Admin/Public/font/roboto/Roboto-Regular.ttf
INFO: [ app_init ] --START--
INFO: Run Behavior\BuildLiteBehavior [ RunTime:0.000008s ]
INFO: [ app_init ] --END-- [ RunTime:0.000171s ]
ERR: 无法加载模块:CoalApp

[ 2016-10-08T16:29:25+08:00 ] 192.168.0.164 /CoalApp/Admin/Public/font/roboto/Roboto-Regular.woff2
INFO: [ app_init ] --START--
INFO: Run Behavior\BuildLiteBehavior [ RunTime:0.000008s ]
INFO: [ app_init ] --END-- [ RunTime:0.000168s ]
ERR: 无法加载模块:CoalApp

[ 2016-10-08T16:29:25+08:00 ] 192.168.0.164 /CoalApp/Admin/Public/font/roboto/Roboto-Regular.woff
INFO: [ app_init ] --START--
INFO: Run Behavior\BuildLiteBehavior [ RunTime:0.000007s ]
INFO: [ app_init ] --END-- [ RunTime:0.000173s ]
ERR: 无法加载模块:CoalApp

[ 2016-10-08T16:29:25+08:00 ] 192.168.0.164 /CoalApp/Admin/Public/font/roboto/Roboto-Regular.ttf
INFO: [ app_init ] --START--
INFO: Run Behavior\BuildLiteBehavior [ RunTime:0.000009s ]
INFO: [ app_init ] --END-- [ RunTime:0.000177s ]
ERR: 无法加载模块:CoalApp

[ 2016-10-08T16:29:26+08:00 ] 192.168.0.164 /CoalApp/Admin/Public/font/roboto/Roboto-Regular.woff2
INFO: [ app_init ] --START--
INFO: Run Behavior\BuildLiteBehavior [ RunTime:0.000009s ]
INFO: [ app_init ] --END-- [ RunTime:0.000203s ]
ERR: 无法加载模块:CoalApp

[ 2016-10-08T16:29:26+08:00 ] 192.168.0.164 /CoalApp/Admin/Public/font/roboto/Roboto-Regular.woff
INFO: [ app_init ] --START--
INFO: Run Behavior\BuildLiteBehavior [ RunTime:0.000009s ]
INFO: [ app_init ] --END-- [ RunTime:0.000182s ]
ERR: 无法加载模块:CoalApp

[ 2016-10-08T16:29:26+08:00 ] 192.168.0.164 /CoalApp/Admin/Public/font/roboto/Roboto-Regular.ttf
INFO: [ app_init ] --START--
INFO: Run Behavior\BuildLiteBehavior [ RunTime:0.000009s ]
INFO: [ app_init ] --END-- [ RunTime:0.000172s ]
ERR: 无法加载模块:CoalApp

[ 2016-10-08T16:29:26+08:00 ] 192.168.0.164 /CoalApp/Admin/Public/font/roboto/Roboto-Regular.woff2
INFO: [ app_init ] --START--
INFO: Run Behavior\BuildLiteBehavior [ RunTime:0.000007s ]
INFO: [ app_init ] --END-- [ RunTime:0.000167s ]
ERR: 无法加载模块:CoalApp

[ 2016-10-08T16:29:26+08:00 ] 192.168.0.164 /CoalApp/Admin/Public/font/roboto/Roboto-Regular.woff
INFO: [ app_init ] --START--
INFO: Run Behavior\BuildLiteBehavior [ RunTime:0.000008s ]
INFO: [ app_init ] --END-- [ RunTime:0.000167s ]
ERR: 无法加载模块:CoalApp

[ 2016-10-08T16:29:26+08:00 ] 192.168.0.164 /CoalApp/Admin/Public/font/roboto/Roboto-Regular.ttf
INFO: [ app_init ] --START--
INFO: Run Behavior\BuildLiteBehavior [ RunTime:0.000009s ]
INFO: [ app_init ] --END-- [ RunTime:0.000175s ]
ERR: 无法加载模块:CoalApp

[ 2016-10-08T16:35:54+08:00 ] 192.168.0.164 /CoalApp/Admin/Public/js/jquery.min.map
INFO: [ app_init ] --START--
INFO: Run Behavior\BuildLiteBehavior [ RunTime:0.000018s ]
INFO: [ app_init ] --END-- [ RunTime:0.000438s ]
ERR: 无法加载模块:CoalApp

[ 2016-10-08T16:43:55+08:00 ] 192.168.0.164 /CoalApp/Admin/Public/js/jquery.min.map
INFO: [ app_init ] --START--
INFO: Run Behavior\BuildLiteBehavior [ RunTime:0.000010s ]
INFO: [ app_init ] --END-- [ RunTime:0.000203s ]
ERR: 无法加载模块:CoalApp

[ 2016-10-08T16:57:06+08:00 ] 192.168.0.164 /index.php/CoalApp/Admin/Public/js/jquery.min.js
INFO: [ app_init ] --START--
INFO: Run Behavior\BuildLiteBehavior [ RunTime:0.000009s ]
INFO: [ app_init ] --END-- [ RunTime:0.000184s ]
ERR: 无法加载模块:CoalApp

[ 2016-10-08T16:57:06+08:00 ] 192.168.0.164 /index.php/CoalApp/Admin/Public/images/tou.png
INFO: [ app_init ] --START--
INFO: Run Behavior\BuildLiteBehavior [ RunTime:0.000010s ]
INFO: [ app_init ] --END-- [ RunTime:0.000188s ]
ERR: 无法加载模块:CoalApp

[ 2016-10-08T16:57:06+08:00 ] 192.168.0.164 /index.php/CoalApp/Admin/Public/images/hand.png
INFO: [ app_init ] --START--
INFO: Run Behavior\BuildLiteBehavior [ RunTime:0.000009s ]
INFO: [ app_init ] --END-- [ RunTime:0.000183s ]
ERR: 无法加载模块:CoalApp

[ 2016-10-08T16:57:06+08:00 ] 192.168.0.164 /index.php/CoalApp/Admin/Public/images/username.png
INFO: [ app_init ] --START--
INFO: Run Behavior\BuildLiteBehavior [ RunTime:0.000010s ]
INFO: [ app_init ] --END-- [ RunTime:0.000198s ]
ERR: 无法加载模块:CoalApp

[ 2016-10-08T16:57:06+08:00 ] 192.168.0.164 /index.php/CoalApp/Admin/Public/images/password.png
INFO: [ app_init ] --START--
INFO: Run Behavior\BuildLiteBehavior [ RunTime:0.000010s ]
INFO: [ app_init ] --END-- [ RunTime:0.000219s ]
ERR: 无法加载模块:CoalApp

