[ 2016-10-12T12:34:37+08:00 ] 192.168.0.164 /Add/getAprovince?%5B%5D=%E5%8F%91%E9%80%81&%5B%5D=mock&_=1476236108467
INFO: [ app_init ] --START--
INFO: Run Behavior\BuildLiteBehavior [ RunTime:0.000020s ]
INFO: [ app_init ] --END-- [ RunTime:0.000448s ]
ERR: 无法加载模块:Add

[ 2016-10-12T12:34:55+08:00 ] 192.168.0.164 /Add/getAprovince?%5B%5D=%E5%8F%91%E9%80%81&%5B%5D=mock&_=1476236108468
INFO: [ app_init ] --START--
INFO: Run Behavior\BuildLiteBehavior [ RunTime:0.000018s ]
INFO: [ app_init ] --END-- [ RunTime:0.000439s ]
ERR: 无法加载模块:Add

[ 2016-10-12T12:35:06+08:00 ] 192.168.0.164 /index.php/Add/getAprovince?%5B%5D=%E5%8F%91%E9%80%81&%5B%5D=mock&_=1476236108469
INFO: [ app_init ] --START--
INFO: Run Behavior\BuildLiteBehavior [ RunTime:0.000022s ]
INFO: [ app_init ] --END-- [ RunTime:0.000536s ]
ERR: 无法加载模块:Add

[ 2016-10-12T18:13:29+08:00 ] 192.168.0.164 /index.php/favicon.ico
INFO: [ app_init ] --START--
INFO: Run Behavior\BuildLiteBehavior [ RunTime:0.000023s ]
INFO: [ app_init ] --END-- [ RunTime:0.000527s ]
ERR: 无法加载模块:Favicon

