[ 2016-10-27T14:19:01+08:00 ] 192.168.0.107 /index.php/Admin
INFO: [ app_init ] --START--
INFO: Run Behavior\BuildLiteBehavior [ RunTime:0.000009s ]
INFO: [ app_init ] --END-- [ RunTime:0.000184s ]
INFO: [ app_begin ] --START--
INFO: Run Behavior\ReadHtmlCacheBehavior [ RunTime:0.000216s ]
INFO: [ app_begin ] --END-- [ RunTime:0.000246s ]

[ 2016-10-27T14:19:01+08:00 ] 192.168.0.107 /index.php/Admin/Login/index.html
INFO: [ app_init ] --START--
INFO: Run Behavior\BuildLiteBehavior [ RunTime:0.000009s ]
INFO: [ app_init ] --END-- [ RunTime:0.000226s ]
INFO: [ app_begin ] --START--
INFO: Run Behavior\ReadHtmlCacheBehavior [ RunTime:0.000215s ]
INFO: [ app_begin ] --END-- [ RunTime:0.000244s ]
INFO: [ view_parse ] --START--
INFO: [ template_filter ] --START--
INFO: Run Behavior\ContentReplaceBehavior [ RunTime:0.000046s ]
INFO: [ template_filter ] --END-- [ RunTime:0.000075s ]
INFO: Run Behavior\ParseTemplateBehavior [ RunTime:0.002751s ]
INFO: [ view_parse ] --END-- [ RunTime:0.002787s ]
INFO: [ view_filter ] --START--
INFO: Run Behavior\WriteHtmlCacheBehavior [ RunTime:0.000084s ]
INFO: [ view_filter ] --END-- [ RunTime:0.000104s ]
INFO: [ app_end ] --START--
INFO: Run Behavior\ShowPageTraceBehavior [ RunTime:0.000232s ]
INFO: [ app_end ] --END-- [ RunTime:0.000257s ]

[ 2016-10-27T14:19:01+08:00 ] 192.168.0.107 /index.php/Admin/Login/show_verify.html
INFO: [ app_init ] --START--
INFO: Run Behavior\BuildLiteBehavior [ RunTime:0.000007s ]
INFO: [ app_init ] --END-- [ RunTime:0.000172s ]
INFO: [ app_begin ] --START--
INFO: Run Behavior\ReadHtmlCacheBehavior [ RunTime:0.000214s ]
INFO: [ app_begin ] --END-- [ RunTime:0.000242s ]
INFO: [ app_end ] --START--
INFO: Run Behavior\ShowPageTraceBehavior [ RunTime:0.000239s ]
INFO: [ app_end ] --END-- [ RunTime:0.000273s ]

[ 2016-10-27T14:19:07+08:00 ] 192.168.0.107 /index.php/Admin/Login/doLogin.html
INFO: [ app_init ] --START--
INFO: Run Behavior\BuildLiteBehavior [ RunTime:0.000016s ]
INFO: [ app_init ] --END-- [ RunTime:0.000360s ]
INFO: [ app_begin ] --START--
INFO: Run Behavior\ReadHtmlCacheBehavior [ RunTime:0.000447s ]
INFO: [ app_begin ] --END-- [ RunTime:0.000506s ]
SQL: SHOW COLUMNS FROM `coal_admin_manager` [ RunTime:0.0007s ]
SQL: SELECT * FROM `coal_admin_manager` WHERE `name` = 'admin' LIMIT 1   [ RunTime:0.0002s ]

[ 2016-10-27T14:19:07+08:00 ] 192.168.0.107 /index.php/Admin/Index/index.html
INFO: [ app_init ] --START--
INFO: Run Behavior\BuildLiteBehavior [ RunTime:0.000013s ]
INFO: [ app_init ] --END-- [ RunTime:0.000318s ]
INFO: [ app_begin ] --START--
INFO: Run Behavior\ReadHtmlCacheBehavior [ RunTime:0.000392s ]
INFO: [ app_begin ] --END-- [ RunTime:0.000442s ]
SQL: SHOW COLUMNS FROM `coal_admin_auth` [ RunTime:0.0005s ]
SQL: SELECT * FROM `coal_admin_auth`  [ RunTime:0.0002s ]
NOTIC: [8] Use of undefined constant ture - assumed 'ture' /data/wwwroot/test.meiwenti.vip/CoalApp/Admin/Controller/IndexController.class.php 第 48 行.
NOTIC: [8] Use of undefined constant ture - assumed 'ture' /data/wwwroot/test.meiwenti.vip/CoalApp/Admin/Controller/IndexController.class.php 第 53 行.
SQL: SELECT * FROM `coal_admin_auth` WHERE `controller` = 'Index' AND `action` = 'index' LIMIT 1   [ RunTime:0.0001s ]
INFO: [ view_parse ] --START--
INFO: [ template_filter ] --START--
INFO: Run Behavior\ContentReplaceBehavior [ RunTime:0.000062s ]
INFO: [ template_filter ] --END-- [ RunTime:0.000097s ]
INFO: Run Behavior\ParseTemplateBehavior [ RunTime:0.006847s ]
INFO: [ view_parse ] --END-- [ RunTime:0.006883s ]
INFO: [ view_filter ] --START--
INFO: Run Behavior\WriteHtmlCacheBehavior [ RunTime:0.000107s ]
INFO: [ view_filter ] --END-- [ RunTime:0.000133s ]
INFO: [ app_end ] --START--
INFO: Run Behavior\ShowPageTraceBehavior [ RunTime:0.000305s ]
INFO: [ app_end ] --END-- [ RunTime:0.000337s ]

[ 2016-10-27T14:19:07+08:00 ] 192.168.0.107 /index.php/Admin/Index/main.html
INFO: [ app_init ] --START--
INFO: Run Behavior\BuildLiteBehavior [ RunTime:0.000016s ]
INFO: [ app_init ] --END-- [ RunTime:0.000207s ]
INFO: [ app_begin ] --START--
INFO: Run Behavior\ReadHtmlCacheBehavior [ RunTime:0.000251s ]
INFO: [ app_begin ] --END-- [ RunTime:0.000283s ]
SQL: SHOW COLUMNS FROM `coal_admin_auth` [ RunTime:0.0005s ]
SQL: SELECT * FROM `coal_admin_auth`  [ RunTime:0.0002s ]
NOTIC: [8] Use of undefined constant ture - assumed 'ture' /data/wwwroot/test.meiwenti.vip/CoalApp/Admin/Controller/IndexController.class.php 第 48 行.
NOTIC: [8] Use of undefined constant ture - assumed 'ture' /data/wwwroot/test.meiwenti.vip/CoalApp/Admin/Controller/IndexController.class.php 第 53 行.
SQL: SELECT * FROM `coal_admin_auth` WHERE `controller` = 'Index' AND `action` = 'main' LIMIT 1   [ RunTime:0.0001s ]
INFO: [ view_parse ] --START--
INFO: [ template_filter ] --START--
INFO: Run Behavior\ContentReplaceBehavior [ RunTime:0.000034s ]
INFO: [ template_filter ] --END-- [ RunTime:0.000060s ]
INFO: Run Behavior\ParseTemplateBehavior [ RunTime:0.002353s ]
INFO: [ view_parse ] --END-- [ RunTime:0.002394s ]
INFO: [ view_filter ] --START--
INFO: Run Behavior\WriteHtmlCacheBehavior [ RunTime:0.000099s ]
INFO: [ view_filter ] --END-- [ RunTime:0.000121s ]
INFO: [ app_end ] --START--
INFO: Run Behavior\ShowPageTraceBehavior [ RunTime:0.000231s ]
INFO: [ app_end ] --END-- [ RunTime:0.000255s ]

[ 2016-10-27T14:19:07+08:00 ] 192.168.0.107 /index.php/Admin/Index/favicon.ico
INFO: [ app_init ] --START--
INFO: Run Behavior\BuildLiteBehavior [ RunTime:0.000008s ]
INFO: [ app_init ] --END-- [ RunTime:0.000182s ]

[ 2016-10-27T14:19:10+08:00 ] 192.168.0.107 /index.php/Admin/Buyer/listPassed.html
INFO: [ app_init ] --START--
INFO: Run Behavior\BuildLiteBehavior [ RunTime:0.000016s ]
INFO: [ app_init ] --END-- [ RunTime:0.000375s ]
INFO: [ app_begin ] --START--
INFO: Run Behavior\ReadHtmlCacheBehavior [ RunTime:0.000478s ]
INFO: [ app_begin ] --END-- [ RunTime:0.000538s ]
SQL: SHOW COLUMNS FROM `coal_admin_auth` [ RunTime:0.0007s ]
SQL: SELECT * FROM `coal_admin_auth`  [ RunTime:0.0003s ]
NOTIC: [8] Use of undefined constant ture - assumed 'ture' /data/wwwroot/test.meiwenti.vip/CoalApp/Admin/Controller/IndexController.class.php 第 48 行.
NOTIC: [8] Use of undefined constant ture - assumed 'ture' /data/wwwroot/test.meiwenti.vip/CoalApp/Admin/Controller/IndexController.class.php 第 59 行.
SQL: SELECT * FROM `coal_admin_auth` WHERE `controller` = 'Buyer' AND `action` = 'listPassed' LIMIT 1   [ RunTime:0.0004s ]
INFO: [ view_parse ] --START--
INFO: [ template_filter ] --START--
INFO: Run Behavior\ContentReplaceBehavior [ RunTime:0.000062s ]
INFO: [ template_filter ] --END-- [ RunTime:0.000110s ]
INFO: Run Behavior\ParseTemplateBehavior [ RunTime:0.004519s ]
INFO: [ view_parse ] --END-- [ RunTime:0.004561s ]
INFO: [ view_filter ] --START--
INFO: Run Behavior\WriteHtmlCacheBehavior [ RunTime:0.000127s ]
INFO: [ view_filter ] --END-- [ RunTime:0.000160s ]
INFO: [ app_end ] --START--
INFO: Run Behavior\ShowPageTraceBehavior [ RunTime:0.000381s ]
INFO: [ app_end ] --END-- [ RunTime:0.000419s ]

[ 2016-10-27T14:19:10+08:00 ] 192.168.0.107 /index.php/Admin/Buyer/ajaxListIspassed.html
INFO: [ app_init ] --START--
INFO: Run Behavior\BuildLiteBehavior [ RunTime:0.000009s ]
INFO: [ app_init ] --END-- [ RunTime:0.000227s ]
INFO: [ app_begin ] --START--
INFO: Run Behavior\ReadHtmlCacheBehavior [ RunTime:0.000240s ]
INFO: [ app_begin ] --END-- [ RunTime:0.000272s ]
SQL: SHOW COLUMNS FROM `coal_admin_auth` [ RunTime:0.0005s ]
SQL: SELECT * FROM `coal_admin_auth`  [ RunTime:0.0002s ]
NOTIC: [8] Use of undefined constant ture - assumed 'ture' /data/wwwroot/test.meiwenti.vip/CoalApp/Admin/Controller/IndexController.class.php 第 48 行.
SQL: SELECT * FROM `coal_admin_auth` WHERE `controller` = 'Buyer' AND `action` = 'ajaxListIspassed' LIMIT 1   [ RunTime:0.0003s ]
SQL: SHOW COLUMNS FROM `coal_account` [ RunTime:0.0004s ]
SQL: SELECT COUNT(*) AS tp_count FROM `coal_account` WHERE `type` = 0 AND `is_passed` = 0 LIMIT 1   [ RunTime:0.0002s ]
SQL: SELECT `id`,`account`,`password`,`type`,`is_passed`,`addate`,`add_p`,`add_s`,`add_q`,`add_d` FROM `coal_account` WHERE `type` = 0 AND `is_passed` = 0 ORDER BY `id`,`addate` desc LIMIT 0,10   [ RunTime:0.0003s ]
INFO: [ app_end ] --START--
INFO: Run Behavior\ShowPageTraceBehavior [ RunTime:0.000249s ]
INFO: [ app_end ] --END-- [ RunTime:0.000275s ]

[ 2016-10-27T14:19:11+08:00 ] 192.168.0.107 /index.php/Admin/Buyer/listBuyer.html
INFO: [ app_init ] --START--
INFO: Run Behavior\BuildLiteBehavior [ RunTime:0.000008s ]
INFO: [ app_init ] --END-- [ RunTime:0.000180s ]
INFO: [ app_begin ] --START--
INFO: Run Behavior\ReadHtmlCacheBehavior [ RunTime:0.000219s ]
INFO: [ app_begin ] --END-- [ RunTime:0.000249s ]
SQL: SHOW COLUMNS FROM `coal_admin_auth` [ RunTime:0.0005s ]
SQL: SELECT * FROM `coal_admin_auth`  [ RunTime:0.0002s ]
NOTIC: [8] Use of undefined constant ture - assumed 'ture' /data/wwwroot/test.meiwenti.vip/CoalApp/Admin/Controller/IndexController.class.php 第 48 行.
NOTIC: [8] Use of undefined constant ture - assumed 'ture' /data/wwwroot/test.meiwenti.vip/CoalApp/Admin/Controller/IndexController.class.php 第 59 行.
SQL: SELECT * FROM `coal_admin_auth` WHERE `controller` = 'Buyer' AND `action` = 'listBuyer' LIMIT 1   [ RunTime:0.0003s ]
INFO: [ view_parse ] --START--
INFO: [ template_filter ] --START--
INFO: Run Behavior\ContentReplaceBehavior [ RunTime:0.000038s ]
INFO: [ template_filter ] --END-- [ RunTime:0.000065s ]
INFO: Run Behavior\ParseTemplateBehavior [ RunTime:0.002713s ]
INFO: [ view_parse ] --END-- [ RunTime:0.002741s ]
INFO: [ view_filter ] --START--
INFO: Run Behavior\WriteHtmlCacheBehavior [ RunTime:0.000084s ]
INFO: [ view_filter ] --END-- [ RunTime:0.000105s ]
INFO: [ app_end ] --START--
INFO: Run Behavior\ShowPageTraceBehavior [ RunTime:0.000229s ]
INFO: [ app_end ] --END-- [ RunTime:0.000254s ]

[ 2016-10-27T14:19:11+08:00 ] 192.168.0.107 /index.php/Admin/Buyer/ajaxList.html
INFO: [ app_init ] --START--
INFO: Run Behavior\BuildLiteBehavior [ RunTime:0.000012s ]
INFO: [ app_init ] --END-- [ RunTime:0.000259s ]
INFO: [ app_begin ] --START--
INFO: Run Behavior\ReadHtmlCacheBehavior [ RunTime:0.000327s ]
INFO: [ app_begin ] --END-- [ RunTime:0.000369s ]
SQL: SHOW COLUMNS FROM `coal_admin_auth` [ RunTime:0.0005s ]
SQL: SELECT * FROM `coal_admin_auth`  [ RunTime:0.0002s ]
NOTIC: [8] Use of undefined constant ture - assumed 'ture' /data/wwwroot/test.meiwenti.vip/CoalApp/Admin/Controller/IndexController.class.php 第 48 行.
SQL: SELECT * FROM `coal_admin_auth` WHERE `controller` = 'Buyer' AND `action` = 'ajaxList' LIMIT 1   [ RunTime:0.0004s ]
SQL: SHOW COLUMNS FROM `coal_account` [ RunTime:0.0004s ]
SQL: SELECT COUNT(*) AS tp_count FROM `coal_account` WHERE `type` = 0 AND `is_passed` = 1 LIMIT 1   [ RunTime:0.0003s ]
SQL: SELECT `id`,`account`,`password`,`type`,`is_passed`,`addate`,`add_p`,`add_s`,`add_q`,`add_d` FROM `coal_account` WHERE `type` = 0 AND `is_passed` = 1 ORDER BY `id`,`addate` desc LIMIT 0,10   [ RunTime:0.0003s ]
SQL: SHOW COLUMNS FROM `coal_buyer` [ RunTime:0.0003s ]
SQL: SELECT * FROM `coal_buyer` WHERE ( 1=1 AND aid='1' ) LIMIT 1   [ RunTime:0.0002s ]
SQL: SELECT * FROM `coal_buyer` WHERE ( 1=1 AND aid='86' ) LIMIT 1   [ RunTime:0.0002s ]
INFO: [ app_end ] --START--
INFO: Run Behavior\ShowPageTraceBehavior [ RunTime:0.000255s ]
INFO: [ app_end ] --END-- [ RunTime:0.000286s ]

[ 2016-10-27T14:19:36+08:00 ] 192.168.0.107 /index.php/Admin/Seller/listSeller.html
INFO: [ app_init ] --START--
INFO: Run Behavior\BuildLiteBehavior [ RunTime:0.000020s ]
INFO: [ app_init ] --END-- [ RunTime:0.000485s ]
INFO: [ app_begin ] --START--
INFO: Run Behavior\ReadHtmlCacheBehavior [ RunTime:0.000617s ]
INFO: [ app_begin ] --END-- [ RunTime:0.000693s ]
SQL: SHOW COLUMNS FROM `coal_admin_auth` [ RunTime:0.0008s ]
SQL: SELECT * FROM `coal_admin_auth`  [ RunTime:0.0003s ]
NOTIC: [8] Use of undefined constant ture - assumed 'ture' /data/wwwroot/test.meiwenti.vip/CoalApp/Admin/Controller/IndexController.class.php 第 48 行.
NOTIC: [8] Use of undefined constant ture - assumed 'ture' /data/wwwroot/test.meiwenti.vip/CoalApp/Admin/Controller/IndexController.class.php 第 59 行.
SQL: SELECT * FROM `coal_admin_auth` WHERE `controller` = 'Seller' AND `action` = 'listSeller' LIMIT 1   [ RunTime:0.0005s ]
INFO: [ view_parse ] --START--
INFO: [ template_filter ] --START--
INFO: Run Behavior\ContentReplaceBehavior [ RunTime:0.000083s ]
INFO: [ template_filter ] --END-- [ RunTime:0.000140s ]
INFO: Run Behavior\ParseTemplateBehavior [ RunTime:0.006555s ]
INFO: [ view_parse ] --END-- [ RunTime:0.006613s ]
INFO: [ view_filter ] --START--
INFO: Run Behavior\WriteHtmlCacheBehavior [ RunTime:0.000184s ]
INFO: [ view_filter ] --END-- [ RunTime:0.000228s ]
INFO: [ app_end ] --START--
INFO: Run Behavior\ShowPageTraceBehavior [ RunTime:0.000508s ]
INFO: [ app_end ] --END-- [ RunTime:0.000556s ]

[ 2016-10-27T14:19:37+08:00 ] 192.168.0.107 /index.php/Admin/Seller/ajaxListSellers.html
INFO: [ app_init ] --START--
INFO: Run Behavior\BuildLiteBehavior [ RunTime:0.000017s ]
INFO: [ app_init ] --END-- [ RunTime:0.000400s ]
INFO: [ app_begin ] --START--
INFO: Run Behavior\ReadHtmlCacheBehavior [ RunTime:0.000509s ]
INFO: [ app_begin ] --END-- [ RunTime:0.000571s ]
SQL: SHOW COLUMNS FROM `coal_admin_auth` [ RunTime:0.0008s ]
SQL: SELECT * FROM `coal_admin_auth`  [ RunTime:0.0003s ]
NOTIC: [8] Use of undefined constant ture - assumed 'ture' /data/wwwroot/test.meiwenti.vip/CoalApp/Admin/Controller/IndexController.class.php 第 48 行.
SQL: SELECT * FROM `coal_admin_auth` WHERE `controller` = 'Seller' AND `action` = 'ajaxListSellers' LIMIT 1   [ RunTime:0.0005s ]
SQL: SHOW COLUMNS FROM `coal_account` [ RunTime:0.0007s ]
SQL: SELECT COUNT(*) AS tp_count FROM `coal_account` WHERE `type` = 1 AND `is_passed` = 1 LIMIT 1   [ RunTime:0.0004s ]
SQL: SELECT `id`,`account`,`password`,`type`,`is_passed`,`addate`,`add_p`,`add_s`,`add_q`,`add_d` FROM `coal_account` WHERE `type` = 1 AND `is_passed` = 1 ORDER BY `id`,`addate` desc LIMIT 0,10   [ RunTime:0.0005s ]
SQL: SHOW COLUMNS FROM `coal_seller` [ RunTime:0.0006s ]
SQL: SELECT * FROM `coal_seller` WHERE ( 1=1 AND aid='2' ) LIMIT 1   [ RunTime:0.0004s ]
SQL: SELECT * FROM `coal_seller` WHERE ( 1=1 AND aid='83' ) LIMIT 1   [ RunTime:0.0003s ]
INFO: [ app_end ] --START--
INFO: Run Behavior\ShowPageTraceBehavior [ RunTime:0.000520s ]
INFO: [ app_end ] --END-- [ RunTime:0.000573s ]

