[ 2016-10-28T09:27:00+08:00 ] 192.168.0.156 /admin
INFO: [ app_init ] --START--
INFO: Run Behavior\BuildLiteBehavior [ RunTime:0.000020s ]
INFO: [ app_init ] --END-- [ RunTime:0.000491s ]
INFO: [ app_begin ] --START--
INFO: Run Behavior\ReadHtmlCacheBehavior [ RunTime:0.000617s ]
INFO: [ app_begin ] --END-- [ RunTime:0.000693s ]
SQL: SHOW COLUMNS FROM `coal_admin_manager` [ RunTime:0.0009s ]
SQL: SELECT `role_id` FROM `coal_admin_manager` WHERE `id` = 2 LIMIT 1   [ RunTime:0.0002s ]
SQL: SHOW COLUMNS FROM `coal_admin_role` [ RunTime:0.0008s ]
SQL: SELECT `auth_id` FROM `coal_admin_role` WHERE `id` = null LIMIT 1   [ RunTime:0.0002s ]
SQL: SHOW COLUMNS FROM `coal_admin_auth` [ RunTime:0.0008s ]
SQL: SELECT * FROM `coal_admin_auth` WHERE `id` = 0 LIMIT 1   [ RunTime:0.0004s ]
NOTIC: [8] Undefined variable: user_auth_level2 /data/wwwroot/test.meiwenti.vip/CoalApp/Admin/Controller/IndexController.class.php 第 41 行.
NOTIC: [2] Invalid argument supplied for foreach() /data/wwwroot/test.meiwenti.vip/CoalApp/Common/Common/function.php 第 68 行.
NOTIC: [8] Use of undefined constant ture - assumed 'ture' /data/wwwroot/test.meiwenti.vip/CoalApp/Admin/Controller/IndexController.class.php 第 53 行.
SQL: SELECT * FROM `coal_admin_auth` WHERE `controller` = 'Index' AND `action` = 'index' LIMIT 1   [ RunTime:0.0003s ]
INFO: [ view_parse ] --START--
INFO: [ template_filter ] --START--
INFO: Run Behavior\ContentReplaceBehavior [ RunTime:0.000114s ]
INFO: [ template_filter ] --END-- [ RunTime:0.000176s ]
INFO: Run Behavior\ParseTemplateBehavior [ RunTime:0.013571s ]
INFO: [ view_parse ] --END-- [ RunTime:0.013634s ]
INFO: [ view_filter ] --START--
INFO: Run Behavior\WriteHtmlCacheBehavior [ RunTime:0.000180s ]
INFO: [ view_filter ] --END-- [ RunTime:0.000224s ]
INFO: [ app_end ] --START--
INFO: Run Behavior\ShowPageTraceBehavior [ RunTime:0.000509s ]
INFO: [ app_end ] --END-- [ RunTime:0.000564s ]

[ 2016-10-28T09:27:00+08:00 ] 192.168.0.156 /index.php/Admin/Index/main.html
INFO: [ app_init ] --START--
INFO: Run Behavior\BuildLiteBehavior [ RunTime:0.000012s ]
INFO: [ app_init ] --END-- [ RunTime:0.000268s ]
INFO: [ app_begin ] --START--
INFO: Run Behavior\ReadHtmlCacheBehavior [ RunTime:0.000325s ]
INFO: [ app_begin ] --END-- [ RunTime:0.000368s ]
SQL: SHOW COLUMNS FROM `coal_admin_manager` [ RunTime:0.0005s ]
SQL: SELECT `role_id` FROM `coal_admin_manager` WHERE `id` = 2 LIMIT 1   [ RunTime:0.0001s ]
SQL: SHOW COLUMNS FROM `coal_admin_role` [ RunTime:0.0004s ]
SQL: SELECT `auth_id` FROM `coal_admin_role` WHERE `id` = null LIMIT 1   [ RunTime:0.0001s ]
SQL: SHOW COLUMNS FROM `coal_admin_auth` [ RunTime:0.0004s ]
SQL: SELECT * FROM `coal_admin_auth` WHERE `id` = 0 LIMIT 1   [ RunTime:0.0001s ]
NOTIC: [8] Undefined variable: user_auth_level2 /data/wwwroot/test.meiwenti.vip/CoalApp/Admin/Controller/IndexController.class.php 第 41 行.
NOTIC: [2] Invalid argument supplied for foreach() /data/wwwroot/test.meiwenti.vip/CoalApp/Common/Common/function.php 第 68 行.
NOTIC: [8] Use of undefined constant ture - assumed 'ture' /data/wwwroot/test.meiwenti.vip/CoalApp/Admin/Controller/IndexController.class.php 第 53 行.
SQL: SELECT * FROM `coal_admin_auth` WHERE `controller` = 'Index' AND `action` = 'main' LIMIT 1   [ RunTime:0.0001s ]
INFO: [ view_parse ] --START--
INFO: [ template_filter ] --START--
INFO: Run Behavior\ContentReplaceBehavior [ RunTime:0.000045s ]
INFO: [ template_filter ] --END-- [ RunTime:0.000078s ]
INFO: Run Behavior\ParseTemplateBehavior [ RunTime:0.003138s ]
INFO: [ view_parse ] --END-- [ RunTime:0.003174s ]
INFO: [ view_filter ] --START--
INFO: Run Behavior\WriteHtmlCacheBehavior [ RunTime:0.000104s ]
INFO: [ view_filter ] --END-- [ RunTime:0.000128s ]
INFO: [ app_end ] --START--
INFO: Run Behavior\ShowPageTraceBehavior [ RunTime:0.000293s ]
INFO: [ app_end ] --END-- [ RunTime:0.000324s ]

[ 2016-10-28T09:27:05+08:00 ] 192.168.0.156 /index.php/Admin/Login/loginOut.html
INFO: [ app_init ] --START--
INFO: Run Behavior\BuildLiteBehavior [ RunTime:0.000022s ]
INFO: [ app_init ] --END-- [ RunTime:0.000540s ]
INFO: [ app_begin ] --START--
INFO: Run Behavior\ReadHtmlCacheBehavior [ RunTime:0.000642s ]
INFO: [ app_begin ] --END-- [ RunTime:0.000721s ]
INFO: [ view_parse ] --START--
INFO: [ template_filter ] --START--
INFO: Run Behavior\ContentReplaceBehavior [ RunTime:0.000056s ]
INFO: [ template_filter ] --END-- [ RunTime:0.000119s ]
INFO: Run Behavior\ParseTemplateBehavior [ RunTime:0.006970s ]
INFO: [ view_parse ] --END-- [ RunTime:0.007042s ]
INFO: [ view_filter ] --START--
INFO: Run Behavior\WriteHtmlCacheBehavior [ RunTime:0.000181s ]
INFO: [ view_filter ] --END-- [ RunTime:0.000230s ]
INFO: [ app_end ] --START--
INFO: Run Behavior\ShowPageTraceBehavior [ RunTime:0.000596s ]
INFO: [ app_end ] --END-- [ RunTime:0.000656s ]

[ 2016-10-28T09:27:06+08:00 ] 192.168.0.156 /index.php/Admin/Login/index.html
INFO: [ app_init ] --START--
INFO: Run Behavior\BuildLiteBehavior [ RunTime:0.000021s ]
INFO: [ app_init ] --END-- [ RunTime:0.000520s ]
INFO: [ app_begin ] --START--
INFO: Run Behavior\ReadHtmlCacheBehavior [ RunTime:0.000606s ]
INFO: [ app_begin ] --END-- [ RunTime:0.000682s ]
INFO: [ view_parse ] --START--
INFO: [ template_filter ] --START--
INFO: Run Behavior\ContentReplaceBehavior [ RunTime:0.000112s ]
INFO: [ template_filter ] --END-- [ RunTime:0.000183s ]
INFO: Run Behavior\ParseTemplateBehavior [ RunTime:0.008050s ]
INFO: [ view_parse ] --END-- [ RunTime:0.008122s ]
INFO: [ view_filter ] --START--
INFO: Run Behavior\WriteHtmlCacheBehavior [ RunTime:0.000207s ]
INFO: [ view_filter ] --END-- [ RunTime:0.000258s ]
INFO: [ app_end ] --START--
INFO: Run Behavior\ShowPageTraceBehavior [ RunTime:0.000568s ]
INFO: [ app_end ] --END-- [ RunTime:0.000627s ]

[ 2016-10-28T09:27:06+08:00 ] 192.168.0.156 /index.php/Admin/Login/show_verify.html
INFO: [ app_init ] --START--
INFO: Run Behavior\BuildLiteBehavior [ RunTime:0.000017s ]
INFO: [ app_init ] --END-- [ RunTime:0.000398s ]
INFO: [ app_begin ] --START--
INFO: Run Behavior\ReadHtmlCacheBehavior [ RunTime:0.000509s ]
INFO: [ app_begin ] --END-- [ RunTime:0.000574s ]
INFO: [ app_end ] --START--
INFO: Run Behavior\ShowPageTraceBehavior [ RunTime:0.000538s ]
INFO: [ app_end ] --END-- [ RunTime:0.000607s ]

[ 2016-10-28T09:27:18+08:00 ] 192.168.0.156 /index.php/Admin/Login/doLogin.html
INFO: [ app_init ] --START--
INFO: Run Behavior\BuildLiteBehavior [ RunTime:0.000018s ]
INFO: [ app_init ] --END-- [ RunTime:0.000449s ]
INFO: [ app_begin ] --START--
INFO: Run Behavior\ReadHtmlCacheBehavior [ RunTime:0.000560s ]
INFO: [ app_begin ] --END-- [ RunTime:0.000634s ]
SQL: SHOW COLUMNS FROM `coal_admin_manager` [ RunTime:0.0008s ]
SQL: SELECT * FROM `coal_admin_manager` WHERE `name` = 'admin' LIMIT 1   [ RunTime:0.0002s ]

[ 2016-10-28T09:27:18+08:00 ] 192.168.0.156 /index.php/Admin/Index/index.html
INFO: [ app_init ] --START--
INFO: Run Behavior\BuildLiteBehavior [ RunTime:0.000011s ]
INFO: [ app_init ] --END-- [ RunTime:0.000244s ]
INFO: [ app_begin ] --START--
INFO: Run Behavior\ReadHtmlCacheBehavior [ RunTime:0.000318s ]
INFO: [ app_begin ] --END-- [ RunTime:0.000357s ]
SQL: SHOW COLUMNS FROM `coal_admin_auth` [ RunTime:0.0005s ]
SQL: SELECT * FROM `coal_admin_auth`  [ RunTime:0.0002s ]
NOTIC: [8] Use of undefined constant ture - assumed 'ture' /data/wwwroot/test.meiwenti.vip/CoalApp/Admin/Controller/IndexController.class.php 第 48 行.
NOTIC: [8] Use of undefined constant ture - assumed 'ture' /data/wwwroot/test.meiwenti.vip/CoalApp/Admin/Controller/IndexController.class.php 第 53 行.
SQL: SELECT * FROM `coal_admin_auth` WHERE `controller` = 'Index' AND `action` = 'index' LIMIT 1   [ RunTime:0.0001s ]
INFO: [ view_parse ] --START--
INFO: [ template_filter ] --START--
INFO: Run Behavior\ContentReplaceBehavior [ RunTime:0.000068s ]
INFO: [ template_filter ] --END-- [ RunTime:0.000111s ]
INFO: Run Behavior\ParseTemplateBehavior [ RunTime:0.007466s ]
INFO: [ view_parse ] --END-- [ RunTime:0.007503s ]
INFO: [ view_filter ] --START--
INFO: Run Behavior\WriteHtmlCacheBehavior [ RunTime:0.000114s ]
INFO: [ view_filter ] --END-- [ RunTime:0.000141s ]
INFO: [ app_end ] --START--
INFO: Run Behavior\ShowPageTraceBehavior [ RunTime:0.000319s ]
INFO: [ app_end ] --END-- [ RunTime:0.000353s ]

[ 2016-10-28T09:27:18+08:00 ] 192.168.0.156 /index.php/Admin/Index/main.html
INFO: [ app_init ] --START--
INFO: Run Behavior\BuildLiteBehavior [ RunTime:0.000010s ]
INFO: [ app_init ] --END-- [ RunTime:0.000238s ]
INFO: [ app_begin ] --START--
INFO: Run Behavior\ReadHtmlCacheBehavior [ RunTime:0.000301s ]
INFO: [ app_begin ] --END-- [ RunTime:0.000341s ]
SQL: SHOW COLUMNS FROM `coal_admin_auth` [ RunTime:0.0005s ]
SQL: SELECT * FROM `coal_admin_auth`  [ RunTime:0.0002s ]
NOTIC: [8] Use of undefined constant ture - assumed 'ture' /data/wwwroot/test.meiwenti.vip/CoalApp/Admin/Controller/IndexController.class.php 第 48 行.
NOTIC: [8] Use of undefined constant ture - assumed 'ture' /data/wwwroot/test.meiwenti.vip/CoalApp/Admin/Controller/IndexController.class.php 第 53 行.
SQL: SELECT * FROM `coal_admin_auth` WHERE `controller` = 'Index' AND `action` = 'main' LIMIT 1   [ RunTime:0.0001s ]
INFO: [ view_parse ] --START--
INFO: [ template_filter ] --START--
INFO: Run Behavior\ContentReplaceBehavior [ RunTime:0.000038s ]
INFO: [ template_filter ] --END-- [ RunTime:0.000067s ]
INFO: Run Behavior\ParseTemplateBehavior [ RunTime:0.002596s ]
INFO: [ view_parse ] --END-- [ RunTime:0.002627s ]
INFO: [ view_filter ] --START--
INFO: Run Behavior\WriteHtmlCacheBehavior [ RunTime:0.000088s ]
INFO: [ view_filter ] --END-- [ RunTime:0.000111s ]
INFO: [ app_end ] --START--
INFO: Run Behavior\ShowPageTraceBehavior [ RunTime:0.000249s ]
INFO: [ app_end ] --END-- [ RunTime:0.000275s ]

[ 2016-10-28T09:27:18+08:00 ] 192.168.0.156 /index.php/Admin/Index/favicon.ico
INFO: [ app_init ] --START--
INFO: Run Behavior\BuildLiteBehavior [ RunTime:0.000010s ]
INFO: [ app_init ] --END-- [ RunTime:0.000225s ]

[ 2016-10-28T09:27:39+08:00 ] 192.168.0.156 /index.php/Admin/Seller/listShenhe.html
INFO: [ app_init ] --START--
INFO: Run Behavior\BuildLiteBehavior [ RunTime:0.000018s ]
INFO: [ app_init ] --END-- [ RunTime:0.000457s ]
INFO: [ app_begin ] --START--
INFO: Run Behavior\ReadHtmlCacheBehavior [ RunTime:0.000562s ]
INFO: [ app_begin ] --END-- [ RunTime:0.000649s ]
SQL: SHOW COLUMNS FROM `coal_admin_auth` [ RunTime:0.0009s ]
SQL: SELECT * FROM `coal_admin_auth`  [ RunTime:0.0004s ]
NOTIC: [8] Use of undefined constant ture - assumed 'ture' /data/wwwroot/test.meiwenti.vip/CoalApp/Admin/Controller/IndexController.class.php 第 48 行.
NOTIC: [8] Use of undefined constant ture - assumed 'ture' /data/wwwroot/test.meiwenti.vip/CoalApp/Admin/Controller/IndexController.class.php 第 59 行.
SQL: SELECT * FROM `coal_admin_auth` WHERE `controller` = 'Seller' AND `action` = 'listShenhe' LIMIT 1   [ RunTime:0.0006s ]
INFO: [ view_parse ] --START--
INFO: [ template_filter ] --START--
INFO: Run Behavior\ContentReplaceBehavior [ RunTime:0.000085s ]
INFO: [ template_filter ] --END-- [ RunTime:0.000150s ]
INFO: Run Behavior\ParseTemplateBehavior [ RunTime:0.006688s ]
INFO: [ view_parse ] --END-- [ RunTime:0.006755s ]
INFO: [ view_filter ] --START--
INFO: Run Behavior\WriteHtmlCacheBehavior [ RunTime:0.000176s ]
INFO: [ view_filter ] --END-- [ RunTime:0.000231s ]
INFO: [ app_end ] --START--
INFO: Run Behavior\ShowPageTraceBehavior [ RunTime:0.000548s ]
INFO: [ app_end ] --END-- [ RunTime:0.000603s ]

[ 2016-10-28T09:27:39+08:00 ] 192.168.0.156 /index.php/Admin/Seller/ajaxListIspassed.html
INFO: [ app_init ] --START--
INFO: Run Behavior\BuildLiteBehavior [ RunTime:0.000022s ]
INFO: [ app_init ] --END-- [ RunTime:0.000520s ]
INFO: [ app_begin ] --START--
INFO: Run Behavior\ReadHtmlCacheBehavior [ RunTime:0.000612s ]
INFO: [ app_begin ] --END-- [ RunTime:0.000686s ]
SQL: SHOW COLUMNS FROM `coal_admin_auth` [ RunTime:0.0009s ]
SQL: SELECT * FROM `coal_admin_auth`  [ RunTime:0.0004s ]
NOTIC: [8] Use of undefined constant ture - assumed 'ture' /data/wwwroot/test.meiwenti.vip/CoalApp/Admin/Controller/IndexController.class.php 第 48 行.
SQL: SELECT * FROM `coal_admin_auth` WHERE `controller` = 'Seller' AND `action` = 'ajaxListIspassed' LIMIT 1   [ RunTime:0.0006s ]
SQL: SHOW COLUMNS FROM `coal_account` [ RunTime:0.0008s ]
SQL: SELECT COUNT(*) AS tp_count FROM `coal_account` WHERE `type` = 1 AND `is_passed` = 0 LIMIT 1   [ RunTime:0.0004s ]
SQL: SELECT `id`,`account`,`password`,`type`,`is_passed`,`addate`,`add_p`,`add_s`,`add_q`,`add_d` FROM `coal_account` WHERE `type` = 1 AND `is_passed` = 0 ORDER BY `id`,`addate` desc LIMIT 0,10   [ RunTime:0.0005s ]
INFO: [ app_end ] --START--
INFO: Run Behavior\ShowPageTraceBehavior [ RunTime:0.000594s ]
INFO: [ app_end ] --END-- [ RunTime:0.000654s ]

[ 2016-10-28T09:27:42+08:00 ] 192.168.0.156 /index.php/Admin/Seller/addSeller.html
INFO: [ app_init ] --START--
INFO: Run Behavior\BuildLiteBehavior [ RunTime:0.000022s ]
INFO: [ app_init ] --END-- [ RunTime:0.000543s ]
INFO: [ app_begin ] --START--
INFO: Run Behavior\ReadHtmlCacheBehavior [ RunTime:0.000610s ]
INFO: [ app_begin ] --END-- [ RunTime:0.000687s ]
SQL: SHOW COLUMNS FROM `coal_admin_auth` [ RunTime:0.0008s ]
SQL: SELECT * FROM `coal_admin_auth`  [ RunTime:0.0004s ]
NOTIC: [8] Use of undefined constant ture - assumed 'ture' /data/wwwroot/test.meiwenti.vip/CoalApp/Admin/Controller/IndexController.class.php 第 48 行.
NOTIC: [8] Use of undefined constant ture - assumed 'ture' /data/wwwroot/test.meiwenti.vip/CoalApp/Admin/Controller/IndexController.class.php 第 59 行.
SQL: SELECT * FROM `coal_admin_auth` WHERE `controller` = 'Seller' AND `action` = 'addSeller' LIMIT 1   [ RunTime:0.0005s ]
NOTIC: [2] Missing argument 2 for send_post(), called in /data/wwwroot/test.meiwenti.vip/CoalApp/Admin/Controller/SellerController.class.php on line 71 and defined /data/wwwroot/test.meiwenti.vip/CoalApp/Common/Common/function.php 第 151 行.
NOTIC: [8] Undefined variable: post_data /data/wwwroot/test.meiwenti.vip/CoalApp/Common/Common/function.php 第 153 行.
NOTIC: [2] http_build_query(): Parameter 1 expected to be Array or Object.  Incorrect value given /data/wwwroot/test.meiwenti.vip/CoalApp/Common/Common/function.php 第 153 行.
INFO: [ view_parse ] --START--
INFO: [ template_filter ] --START--
INFO: Run Behavior\ContentReplaceBehavior [ RunTime:0.000072s ]
INFO: [ template_filter ] --END-- [ RunTime:0.000105s ]
INFO: Run Behavior\ParseTemplateBehavior [ RunTime:0.004328s ]
INFO: [ view_parse ] --END-- [ RunTime:0.004364s ]
INFO: [ view_filter ] --START--
INFO: Run Behavior\WriteHtmlCacheBehavior [ RunTime:0.000089s ]
INFO: [ view_filter ] --END-- [ RunTime:0.000111s ]
INFO: [ app_end ] --START--
INFO: Run Behavior\ShowPageTraceBehavior [ RunTime:0.000246s ]
INFO: [ app_end ] --END-- [ RunTime:0.000273s ]

[ 2016-10-28T09:29:35+08:00 ] 192.168.0.156 /index.php/Admin/Seller/listSeller.html
INFO: [ app_init ] --START--
INFO: Run Behavior\BuildLiteBehavior [ RunTime:0.000023s ]
INFO: [ app_init ] --END-- [ RunTime:0.000543s ]
INFO: [ app_begin ] --START--
INFO: Run Behavior\ReadHtmlCacheBehavior [ RunTime:0.000609s ]
INFO: [ app_begin ] --END-- [ RunTime:0.000684s ]
SQL: SHOW COLUMNS FROM `coal_admin_auth` [ RunTime:0.0009s ]
SQL: SELECT * FROM `coal_admin_auth`  [ RunTime:0.0004s ]
NOTIC: [8] Use of undefined constant ture - assumed 'ture' /data/wwwroot/test.meiwenti.vip/CoalApp/Admin/Controller/IndexController.class.php 第 48 行.
NOTIC: [8] Use of undefined constant ture - assumed 'ture' /data/wwwroot/test.meiwenti.vip/CoalApp/Admin/Controller/IndexController.class.php 第 59 行.
SQL: SELECT * FROM `coal_admin_auth` WHERE `controller` = 'Seller' AND `action` = 'listSeller' LIMIT 1   [ RunTime:0.0002s ]
INFO: [ view_parse ] --START--
INFO: [ template_filter ] --START--
INFO: Run Behavior\ContentReplaceBehavior [ RunTime:0.000091s ]
INFO: [ template_filter ] --END-- [ RunTime:0.000159s ]
INFO: Run Behavior\ParseTemplateBehavior [ RunTime:0.007133s ]
INFO: [ view_parse ] --END-- [ RunTime:0.007217s ]
INFO: [ view_filter ] --START--
INFO: Run Behavior\WriteHtmlCacheBehavior [ RunTime:0.000181s ]
INFO: [ view_filter ] --END-- [ RunTime:0.000233s ]
INFO: [ app_end ] --START--
INFO: Run Behavior\ShowPageTraceBehavior [ RunTime:0.000561s ]
INFO: [ app_end ] --END-- [ RunTime:0.000623s ]

[ 2016-10-28T09:29:35+08:00 ] 192.168.0.156 /index.php/Admin/Seller/ajaxListSellers.html
INFO: [ app_init ] --START--
INFO: Run Behavior\BuildLiteBehavior [ RunTime:0.000020s ]
INFO: [ app_init ] --END-- [ RunTime:0.000478s ]
INFO: [ app_begin ] --START--
INFO: Run Behavior\ReadHtmlCacheBehavior [ RunTime:0.000615s ]
INFO: [ app_begin ] --END-- [ RunTime:0.000690s ]
SQL: SHOW COLUMNS FROM `coal_admin_auth` [ RunTime:0.0009s ]
SQL: SELECT * FROM `coal_admin_auth`  [ RunTime:0.0004s ]
NOTIC: [8] Use of undefined constant ture - assumed 'ture' /data/wwwroot/test.meiwenti.vip/CoalApp/Admin/Controller/IndexController.class.php 第 48 行.
SQL: SELECT * FROM `coal_admin_auth` WHERE `controller` = 'Seller' AND `action` = 'ajaxListSellers' LIMIT 1   [ RunTime:0.0002s ]
SQL: SHOW COLUMNS FROM `coal_account` [ RunTime:0.0008s ]
SQL: SELECT COUNT(*) AS tp_count FROM `coal_account` WHERE `type` = 1 AND `is_passed` = 1 LIMIT 1   [ RunTime:0.0005s ]
SQL: SELECT `id`,`account`,`password`,`type`,`is_passed`,`addate`,`add_p`,`add_s`,`add_q`,`add_d` FROM `coal_account` WHERE `type` = 1 AND `is_passed` = 1 ORDER BY `id`,`addate` desc LIMIT 0,10   [ RunTime:0.0005s ]
SQL: SHOW COLUMNS FROM `coal_seller` [ RunTime:0.0007s ]
SQL: SELECT * FROM `coal_seller` WHERE ( 1=1 AND aid='2' ) LIMIT 1   [ RunTime:0.0002s ]
SQL: SELECT * FROM `coal_seller` WHERE ( 1=1 AND aid='83' ) LIMIT 1   [ RunTime:0.0002s ]
INFO: [ app_end ] --START--
INFO: Run Behavior\ShowPageTraceBehavior [ RunTime:0.000607s ]
INFO: [ app_end ] --END-- [ RunTime:0.000673s ]

[ 2016-10-28T09:29:46+08:00 ] 192.168.0.156 /index.php/Admin/Seller/editSeller/id/2.html
INFO: [ app_init ] --START--
INFO: Run Behavior\BuildLiteBehavior [ RunTime:0.000018s ]
INFO: [ app_init ] --END-- [ RunTime:0.000423s ]
INFO: [ app_begin ] --START--
INFO: Run Behavior\ReadHtmlCacheBehavior [ RunTime:0.000534s ]
INFO: [ app_begin ] --END-- [ RunTime:0.000598s ]
SQL: SHOW COLUMNS FROM `coal_admin_auth` [ RunTime:0.0008s ]
SQL: SELECT * FROM `coal_admin_auth`  [ RunTime:0.0004s ]
NOTIC: [8] Use of undefined constant ture - assumed 'ture' /data/wwwroot/test.meiwenti.vip/CoalApp/Admin/Controller/IndexController.class.php 第 48 行.
NOTIC: [8] Use of undefined constant ture - assumed 'ture' /data/wwwroot/test.meiwenti.vip/CoalApp/Admin/Controller/IndexController.class.php 第 59 行.
SQL: SELECT * FROM `coal_admin_auth` WHERE `controller` = 'Seller' AND `action` = 'editSeller' LIMIT 1   [ RunTime:0.0005s ]
SQL: SHOW COLUMNS FROM `coal_account` [ RunTime:0.0007s ]
SQL: SELECT * FROM `coal_account` WHERE `id` = 2 LIMIT 1   [ RunTime:0.0004s ]
SQL: SHOW COLUMNS FROM `coal_seller` [ RunTime:0.0006s ]
SQL: SELECT * FROM `coal_seller` WHERE `aid` = 2 LIMIT 1   [ RunTime:0.0002s ]
SQL: select ST_X(gps) as x,ST_Y(gps) as y from coal_account WHERE (id=2) [ RunTime:0.0004s ]
NOTIC: [2] Missing argument 2 for send_post(), called in /data/wwwroot/test.meiwenti.vip/CoalApp/Admin/Controller/SellerController.class.php on line 173 and defined /data/wwwroot/test.meiwenti.vip/CoalApp/Common/Common/function.php 第 151 行.
NOTIC: [8] Undefined variable: post_data /data/wwwroot/test.meiwenti.vip/CoalApp/Common/Common/function.php 第 153 行.
NOTIC: [2] http_build_query(): Parameter 1 expected to be Array or Object.  Incorrect value given /data/wwwroot/test.meiwenti.vip/CoalApp/Common/Common/function.php 第 153 行.
INFO: [ view_parse ] --START--
INFO: [ template_filter ] --START--
INFO: Run Behavior\ContentReplaceBehavior [ RunTime:0.000088s ]
INFO: [ template_filter ] --END-- [ RunTime:0.000120s ]
INFO: Run Behavior\ParseTemplateBehavior [ RunTime:0.006391s ]
INFO: [ view_parse ] --END-- [ RunTime:0.006427s ]
INFO: [ view_filter ] --START--
INFO: Run Behavior\WriteHtmlCacheBehavior [ RunTime:0.000087s ]
INFO: [ view_filter ] --END-- [ RunTime:0.000109s ]
INFO: [ app_end ] --START--
INFO: Run Behavior\ShowPageTraceBehavior [ RunTime:0.000272s ]
INFO: [ app_end ] --END-- [ RunTime:0.000299s ]

[ 2016-10-28T09:30:42+08:00 ] 192.168.0.156 /index.php/Admin/Seller/editSellerHanddle.html
INFO: [ app_init ] --START--
INFO: Run Behavior\BuildLiteBehavior [ RunTime:0.000018s ]
INFO: [ app_init ] --END-- [ RunTime:0.000412s ]
INFO: [ app_begin ] --START--
INFO: Run Behavior\ReadHtmlCacheBehavior [ RunTime:0.000518s ]
INFO: [ app_begin ] --END-- [ RunTime:0.000586s ]
SQL: SHOW COLUMNS FROM `coal_admin_auth` [ RunTime:0.0008s ]
SQL: SELECT * FROM `coal_admin_auth`  [ RunTime:0.0004s ]
NOTIC: [8] Use of undefined constant ture - assumed 'ture' /data/wwwroot/test.meiwenti.vip/CoalApp/Admin/Controller/IndexController.class.php 第 48 行.
SQL: SELECT * FROM `coal_admin_auth` WHERE `controller` = 'Seller' AND `action` = 'editSellerHanddle' LIMIT 1   [ RunTime:0.0005s ]
SQL: SHOW COLUMNS FROM `coal_account` [ RunTime:0.0007s ]
SQL: UPDATE `coal_account` SET `account`='13428718145',`photo`='2016-10-25/580ed8a89c789.png',`photo_lit`='2016-10-25/lit_580ed8a89c789.png',`add_p`='内蒙古',`add_s`='鄂尔多斯',`add_q`='东胜区',`add_d`='东胜区政府',`is_lock`='0',`is_passed`='1' WHERE `id` = 2 [ RunTime:0.0005s ]
SQL: update coal_account SET `gps`= ST_GeomFromText('POINT(109.963339 39.822506)') WHERE (id=2) [ RunTime:0.0004s ]
SQL: SHOW COLUMNS FROM `coal_seller` [ RunTime:0.0006s ]
SQL: UPDATE `coal_seller` SET `name`='图南商贸图南洗煤厂',`lic_number`='NM784510-84',`lic_pic`='2016-10-25/580ed8aadedcc.png' WHERE `aid` = 2 [ RunTime:0.0004s ]
INFO: [ view_parse ] --START--
INFO: [ template_filter ] --START--
INFO: Run Behavior\ContentReplaceBehavior [ RunTime:0.000033s ]
INFO: [ template_filter ] --END-- [ RunTime:0.000067s ]
INFO: Run Behavior\ParseTemplateBehavior [ RunTime:0.003242s ]
INFO: [ view_parse ] --END-- [ RunTime:0.003280s ]
INFO: [ view_filter ] --START--
INFO: Run Behavior\WriteHtmlCacheBehavior [ RunTime:0.000117s ]
INFO: [ view_filter ] --END-- [ RunTime:0.000141s ]
INFO: [ app_end ] --START--
INFO: Run Behavior\ShowPageTraceBehavior [ RunTime:0.000282s ]
INFO: [ app_end ] --END-- [ RunTime:0.000311s ]

[ 2016-10-28T09:30:43+08:00 ] 192.168.0.156 /index.php/Admin/Seller/editSeller/id/2.html
INFO: [ app_init ] --START--
INFO: Run Behavior\BuildLiteBehavior [ RunTime:0.000009s ]
INFO: [ app_init ] --END-- [ RunTime:0.000493s ]
INFO: [ app_begin ] --START--
INFO: Run Behavior\ReadHtmlCacheBehavior [ RunTime:0.000229s ]
INFO: [ app_begin ] --END-- [ RunTime:0.000259s ]
SQL: SHOW COLUMNS FROM `coal_admin_auth` [ RunTime:0.0005s ]
SQL: SELECT * FROM `coal_admin_auth`  [ RunTime:0.0002s ]
NOTIC: [8] Use of undefined constant ture - assumed 'ture' /data/wwwroot/test.meiwenti.vip/CoalApp/Admin/Controller/IndexController.class.php 第 48 行.
NOTIC: [8] Use of undefined constant ture - assumed 'ture' /data/wwwroot/test.meiwenti.vip/CoalApp/Admin/Controller/IndexController.class.php 第 59 行.
SQL: SELECT * FROM `coal_admin_auth` WHERE `controller` = 'Seller' AND `action` = 'editSeller' LIMIT 1   [ RunTime:0.0001s ]
SQL: SHOW COLUMNS FROM `coal_account` [ RunTime:0.0004s ]
SQL: SELECT * FROM `coal_account` WHERE `id` = 2 LIMIT 1   [ RunTime:0.0001s ]
SQL: SHOW COLUMNS FROM `coal_seller` [ RunTime:0.0003s ]
SQL: SELECT * FROM `coal_seller` WHERE `aid` = 2 LIMIT 1   [ RunTime:0.0001s ]
SQL: select ST_X(gps) as x,ST_Y(gps) as y from coal_account WHERE (id=2) [ RunTime:0.0001s ]
NOTIC: [2] Missing argument 2 for send_post(), called in /data/wwwroot/test.meiwenti.vip/CoalApp/Admin/Controller/SellerController.class.php on line 173 and defined /data/wwwroot/test.meiwenti.vip/CoalApp/Common/Common/function.php 第 151 行.
NOTIC: [8] Undefined variable: post_data /data/wwwroot/test.meiwenti.vip/CoalApp/Common/Common/function.php 第 153 行.
NOTIC: [2] http_build_query(): Parameter 1 expected to be Array or Object.  Incorrect value given /data/wwwroot/test.meiwenti.vip/CoalApp/Common/Common/function.php 第 153 行.
INFO: [ view_parse ] --START--
INFO: [ template_filter ] --START--
INFO: Run Behavior\ContentReplaceBehavior [ RunTime:0.000089s ]
INFO: [ template_filter ] --END-- [ RunTime:0.000121s ]
INFO: Run Behavior\ParseTemplateBehavior [ RunTime:0.006449s ]
INFO: [ view_parse ] --END-- [ RunTime:0.006486s ]
INFO: [ view_filter ] --START--
INFO: Run Behavior\WriteHtmlCacheBehavior [ RunTime:0.000088s ]
INFO: [ view_filter ] --END-- [ RunTime:0.000110s ]
INFO: [ app_end ] --START--
INFO: Run Behavior\ShowPageTraceBehavior [ RunTime:0.000274s ]
INFO: [ app_end ] --END-- [ RunTime:0.000301s ]

[ 2016-10-28T09:31:38+08:00 ] 192.168.0.156 /index.php/Admin/Seller/listSeller.html
INFO: [ app_init ] --START--
INFO: Run Behavior\BuildLiteBehavior [ RunTime:0.000017s ]
INFO: [ app_init ] --END-- [ RunTime:0.000406s ]
INFO: [ app_begin ] --START--
INFO: Run Behavior\ReadHtmlCacheBehavior [ RunTime:0.000515s ]
INFO: [ app_begin ] --END-- [ RunTime:0.000580s ]
SQL: SHOW COLUMNS FROM `coal_admin_auth` [ RunTime:0.0008s ]
SQL: SELECT * FROM `coal_admin_auth`  [ RunTime:0.0004s ]
NOTIC: [8] Use of undefined constant ture - assumed 'ture' /data/wwwroot/test.meiwenti.vip/CoalApp/Admin/Controller/IndexController.class.php 第 48 行.
NOTIC: [8] Use of undefined constant ture - assumed 'ture' /data/wwwroot/test.meiwenti.vip/CoalApp/Admin/Controller/IndexController.class.php 第 59 行.
SQL: SELECT * FROM `coal_admin_auth` WHERE `controller` = 'Seller' AND `action` = 'listSeller' LIMIT 1   [ RunTime:0.0002s ]
INFO: [ view_parse ] --START--
INFO: [ template_filter ] --START--
INFO: Run Behavior\ContentReplaceBehavior [ RunTime:0.000078s ]
INFO: [ template_filter ] --END-- [ RunTime:0.000132s ]
INFO: Run Behavior\ParseTemplateBehavior [ RunTime:0.005979s ]
INFO: [ view_parse ] --END-- [ RunTime:0.006033s ]
INFO: [ view_filter ] --START--
INFO: Run Behavior\WriteHtmlCacheBehavior [ RunTime:0.000158s ]
INFO: [ view_filter ] --END-- [ RunTime:0.000200s ]
INFO: [ app_end ] --START--
INFO: Run Behavior\ShowPageTraceBehavior [ RunTime:0.000493s ]
INFO: [ app_end ] --END-- [ RunTime:0.000541s ]

[ 2016-10-28T09:31:38+08:00 ] 192.168.0.156 /index.php/Admin/Seller/ajaxListSellers.html
INFO: [ app_init ] --START--
INFO: Run Behavior\BuildLiteBehavior [ RunTime:0.000012s ]
INFO: [ app_init ] --END-- [ RunTime:0.000274s ]
INFO: [ app_begin ] --START--
INFO: Run Behavior\ReadHtmlCacheBehavior [ RunTime:0.000322s ]
INFO: [ app_begin ] --END-- [ RunTime:0.000364s ]
SQL: SHOW COLUMNS FROM `coal_admin_auth` [ RunTime:0.0005s ]
SQL: SELECT * FROM `coal_admin_auth`  [ RunTime:0.0002s ]
NOTIC: [8] Use of undefined constant ture - assumed 'ture' /data/wwwroot/test.meiwenti.vip/CoalApp/Admin/Controller/IndexController.class.php 第 48 行.
SQL: SELECT * FROM `coal_admin_auth` WHERE `controller` = 'Seller' AND `action` = 'ajaxListSellers' LIMIT 1   [ RunTime:0.0001s ]
SQL: SHOW COLUMNS FROM `coal_account` [ RunTime:0.0004s ]
SQL: SELECT COUNT(*) AS tp_count FROM `coal_account` WHERE `type` = 1 AND `is_passed` = 1 LIMIT 1   [ RunTime:0.0001s ]
SQL: SELECT `id`,`account`,`password`,`type`,`is_passed`,`addate`,`add_p`,`add_s`,`add_q`,`add_d` FROM `coal_account` WHERE `type` = 1 AND `is_passed` = 1 ORDER BY `id`,`addate` desc LIMIT 0,10   [ RunTime:0.0002s ]
SQL: SHOW COLUMNS FROM `coal_seller` [ RunTime:0.0004s ]
SQL: SELECT * FROM `coal_seller` WHERE ( 1=1 AND aid='2' ) LIMIT 1   [ RunTime:0.0001s ]
SQL: SELECT * FROM `coal_seller` WHERE ( 1=1 AND aid='83' ) LIMIT 1   [ RunTime:0.0001s ]
INFO: [ app_end ] --START--
INFO: Run Behavior\ShowPageTraceBehavior [ RunTime:0.000325s ]
INFO: [ app_end ] --END-- [ RunTime:0.000362s ]

[ 2016-10-28T09:31:42+08:00 ] 192.168.0.156 /index.php/Admin/Seller/addSeller.html
INFO: [ app_init ] --START--
INFO: Run Behavior\BuildLiteBehavior [ RunTime:0.000022s ]
INFO: [ app_init ] --END-- [ RunTime:0.000541s ]
INFO: [ app_begin ] --START--
INFO: Run Behavior\ReadHtmlCacheBehavior [ RunTime:0.000613s ]
INFO: [ app_begin ] --END-- [ RunTime:0.000689s ]
SQL: SHOW COLUMNS FROM `coal_admin_auth` [ RunTime:0.0008s ]
SQL: SELECT * FROM `coal_admin_auth`  [ RunTime:0.0004s ]
NOTIC: [8] Use of undefined constant ture - assumed 'ture' /data/wwwroot/test.meiwenti.vip/CoalApp/Admin/Controller/IndexController.class.php 第 48 行.
NOTIC: [8] Use of undefined constant ture - assumed 'ture' /data/wwwroot/test.meiwenti.vip/CoalApp/Admin/Controller/IndexController.class.php 第 59 行.
SQL: SELECT * FROM `coal_admin_auth` WHERE `controller` = 'Seller' AND `action` = 'addSeller' LIMIT 1   [ RunTime:0.0002s ]
NOTIC: [2] Missing argument 2 for send_post(), called in /data/wwwroot/test.meiwenti.vip/CoalApp/Admin/Controller/SellerController.class.php on line 71 and defined /data/wwwroot/test.meiwenti.vip/CoalApp/Common/Common/function.php 第 151 行.
NOTIC: [8] Undefined variable: post_data /data/wwwroot/test.meiwenti.vip/CoalApp/Common/Common/function.php 第 153 行.
NOTIC: [2] http_build_query(): Parameter 1 expected to be Array or Object.  Incorrect value given /data/wwwroot/test.meiwenti.vip/CoalApp/Common/Common/function.php 第 153 行.
INFO: [ view_parse ] --START--
INFO: [ template_filter ] --START--
INFO: Run Behavior\ContentReplaceBehavior [ RunTime:0.000072s ]
INFO: [ template_filter ] --END-- [ RunTime:0.000110s ]
INFO: Run Behavior\ParseTemplateBehavior [ RunTime:0.004374s ]
INFO: [ view_parse ] --END-- [ RunTime:0.004409s ]
INFO: [ view_filter ] --START--
INFO: Run Behavior\WriteHtmlCacheBehavior [ RunTime:0.000090s ]
INFO: [ view_filter ] --END-- [ RunTime:0.000112s ]
INFO: [ app_end ] --START--
INFO: Run Behavior\ShowPageTraceBehavior [ RunTime:0.000252s ]
INFO: [ app_end ] --END-- [ RunTime:0.000279s ]

[ 2016-10-28T09:31:42+08:00 ] 192.168.0.156 /index.php/Admin/Seller/favicon.ico
INFO: [ app_init ] --START--
INFO: Run Behavior\BuildLiteBehavior [ RunTime:0.000008s ]
INFO: [ app_init ] --END-- [ RunTime:0.000181s ]

[ 2016-10-28T09:42:47+08:00 ] 192.168.0.156 /index.php/Admin/Seller/addSeller.html
INFO: [ app_init ] --START--
INFO: Run Behavior\BuildLiteBehavior [ RunTime:0.000014s ]
INFO: [ app_init ] --END-- [ RunTime:0.000302s ]
INFO: [ app_begin ] --START--
INFO: Run Behavior\ReadHtmlCacheBehavior [ RunTime:0.000392s ]
INFO: [ app_begin ] --END-- [ RunTime:0.000440s ]
SQL: SHOW COLUMNS FROM `coal_admin_auth` [ RunTime:0.0007s ]
SQL: SELECT * FROM `coal_admin_auth`  [ RunTime:0.0003s ]
NOTIC: [8] Use of undefined constant ture - assumed 'ture' /data/wwwroot/test.meiwenti.vip/CoalApp/Admin/Controller/IndexController.class.php 第 48 行.
NOTIC: [8] Use of undefined constant ture - assumed 'ture' /data/wwwroot/test.meiwenti.vip/CoalApp/Admin/Controller/IndexController.class.php 第 59 行.
SQL: SELECT * FROM `coal_admin_auth` WHERE `controller` = 'Seller' AND `action` = 'addSeller' LIMIT 1   [ RunTime:0.0002s ]
NOTIC: [2] Missing argument 2 for send_post(), called in /data/wwwroot/test.meiwenti.vip/CoalApp/Admin/Controller/SellerController.class.php on line 71 and defined /data/wwwroot/test.meiwenti.vip/CoalApp/Common/Common/function.php 第 151 行.
NOTIC: [8] Undefined variable: post_data /data/wwwroot/test.meiwenti.vip/CoalApp/Common/Common/function.php 第 153 行.
NOTIC: [2] http_build_query(): Parameter 1 expected to be Array or Object.  Incorrect value given /data/wwwroot/test.meiwenti.vip/CoalApp/Common/Common/function.php 第 153 行.
INFO: [ view_parse ] --START--
INFO: [ template_filter ] --START--
INFO: Run Behavior\ContentReplaceBehavior [ RunTime:0.000071s ]
INFO: [ template_filter ] --END-- [ RunTime:0.000106s ]
INFO: Run Behavior\ParseTemplateBehavior [ RunTime:0.004344s ]
INFO: [ view_parse ] --END-- [ RunTime:0.004380s ]
INFO: [ view_filter ] --START--
INFO: Run Behavior\WriteHtmlCacheBehavior [ RunTime:0.000089s ]
INFO: [ view_filter ] --END-- [ RunTime:0.000109s ]
INFO: [ app_end ] --START--
INFO: Run Behavior\ShowPageTraceBehavior [ RunTime:0.000244s ]
INFO: [ app_end ] --END-- [ RunTime:0.000269s ]

[ 2016-10-28T09:43:03+08:00 ] 192.168.0.156 /index.php/Admin/Seller/editSeller/id/83.html
INFO: [ app_init ] --START--
INFO: Run Behavior\BuildLiteBehavior [ RunTime:0.000053s ]
INFO: [ app_init ] --END-- [ RunTime:0.000558s ]
INFO: [ app_begin ] --START--
INFO: Run Behavior\ReadHtmlCacheBehavior [ RunTime:0.000636s ]
INFO: [ app_begin ] --END-- [ RunTime:0.000709s ]
SQL: SHOW COLUMNS FROM `coal_admin_auth` [ RunTime:0.0009s ]
SQL: SELECT * FROM `coal_admin_auth`  [ RunTime:0.0004s ]
NOTIC: [8] Use of undefined constant ture - assumed 'ture' /data/wwwroot/test.meiwenti.vip/CoalApp/Admin/Controller/IndexController.class.php 第 48 行.
NOTIC: [8] Use of undefined constant ture - assumed 'ture' /data/wwwroot/test.meiwenti.vip/CoalApp/Admin/Controller/IndexController.class.php 第 59 行.
SQL: SELECT * FROM `coal_admin_auth` WHERE `controller` = 'Seller' AND `action` = 'editSeller' LIMIT 1   [ RunTime:0.0002s ]
SQL: SHOW COLUMNS FROM `coal_account` [ RunTime:0.0007s ]
SQL: SELECT * FROM `coal_account` WHERE `id` = 83 LIMIT 1   [ RunTime:0.0004s ]
SQL: SHOW COLUMNS FROM `coal_seller` [ RunTime:0.0006s ]
SQL: SELECT * FROM `coal_seller` WHERE `aid` = 83 LIMIT 1   [ RunTime:0.0004s ]
SQL: select ST_X(gps) as x,ST_Y(gps) as y from coal_account WHERE (id=83) [ RunTime:0.0004s ]
NOTIC: [2] Missing argument 2 for send_post(), called in /data/wwwroot/test.meiwenti.vip/CoalApp/Admin/Controller/SellerController.class.php on line 173 and defined /data/wwwroot/test.meiwenti.vip/CoalApp/Common/Common/function.php 第 151 行.
NOTIC: [8] Undefined variable: post_data /data/wwwroot/test.meiwenti.vip/CoalApp/Common/Common/function.php 第 153 行.
NOTIC: [2] http_build_query(): Parameter 1 expected to be Array or Object.  Incorrect value given /data/wwwroot/test.meiwenti.vip/CoalApp/Common/Common/function.php 第 153 行.
INFO: [ view_parse ] --START--
INFO: [ template_filter ] --START--
INFO: Run Behavior\ContentReplaceBehavior [ RunTime:0.000086s ]
INFO: [ template_filter ] --END-- [ RunTime:0.000118s ]
INFO: Run Behavior\ParseTemplateBehavior [ RunTime:0.006487s ]
INFO: [ view_parse ] --END-- [ RunTime:0.006522s ]
INFO: [ view_filter ] --START--
INFO: Run Behavior\WriteHtmlCacheBehavior [ RunTime:0.000087s ]
INFO: [ view_filter ] --END-- [ RunTime:0.000108s ]
INFO: [ app_end ] --START--
INFO: Run Behavior\ShowPageTraceBehavior [ RunTime:0.000269s ]
INFO: [ app_end ] --END-- [ RunTime:0.000314s ]

[ 2016-10-28T09:43:03+08:00 ] 192.168.0.156 /index.php/Admin/Seller/editSeller/id/favicon.ico
INFO: [ app_init ] --START--
INFO: Run Behavior\BuildLiteBehavior [ RunTime:0.000011s ]
INFO: [ app_init ] --END-- [ RunTime:0.000246s ]

[ 2016-10-28T09:43:47+08:00 ] 192.168.0.156 /index.php/Admin/Seller/editSeller/id/83.html
INFO: [ app_init ] --START--
INFO: Run Behavior\BuildLiteBehavior [ RunTime:0.000008s ]
INFO: [ app_init ] --END-- [ RunTime:0.000180s ]
INFO: [ app_begin ] --START--
INFO: Run Behavior\ReadHtmlCacheBehavior [ RunTime:0.000216s ]
INFO: [ app_begin ] --END-- [ RunTime:0.000245s ]
SQL: SHOW COLUMNS FROM `coal_admin_auth` [ RunTime:0.0005s ]
SQL: SELECT * FROM `coal_admin_auth`  [ RunTime:0.0002s ]
NOTIC: [8] Use of undefined constant ture - assumed 'ture' /data/wwwroot/test.meiwenti.vip/CoalApp/Admin/Controller/IndexController.class.php 第 48 行.
NOTIC: [8] Use of undefined constant ture - assumed 'ture' /data/wwwroot/test.meiwenti.vip/CoalApp/Admin/Controller/IndexController.class.php 第 59 行.
SQL: SELECT * FROM `coal_admin_auth` WHERE `controller` = 'Seller' AND `action` = 'editSeller' LIMIT 1   [ RunTime:0.0001s ]
SQL: SHOW COLUMNS FROM `coal_account` [ RunTime:0.0004s ]
SQL: SELECT * FROM `coal_account` WHERE `id` = 83 LIMIT 1   [ RunTime:0.0001s ]
SQL: SHOW COLUMNS FROM `coal_seller` [ RunTime:0.0003s ]
SQL: SELECT * FROM `coal_seller` WHERE `aid` = 83 LIMIT 1   [ RunTime:0.0001s ]
SQL: select ST_X(gps) as x,ST_Y(gps) as y from coal_account WHERE (id=83) [ RunTime:0.0001s ]
NOTIC: [2] Missing argument 2 for send_post(), called in /data/wwwroot/test.meiwenti.vip/CoalApp/Admin/Controller/SellerController.class.php on line 173 and defined /data/wwwroot/test.meiwenti.vip/CoalApp/Common/Common/function.php 第 151 行.
NOTIC: [8] Undefined variable: post_data /data/wwwroot/test.meiwenti.vip/CoalApp/Common/Common/function.php 第 153 行.
NOTIC: [2] http_build_query(): Parameter 1 expected to be Array or Object.  Incorrect value given /data/wwwroot/test.meiwenti.vip/CoalApp/Common/Common/function.php 第 153 行.
INFO: [ view_parse ] --START--
INFO: [ template_filter ] --START--
INFO: Run Behavior\ContentReplaceBehavior [ RunTime:0.000090s ]
INFO: [ template_filter ] --END-- [ RunTime:0.000125s ]
INFO: Run Behavior\ParseTemplateBehavior [ RunTime:0.006631s ]
INFO: [ view_parse ] --END-- [ RunTime:0.006669s ]
INFO: [ view_filter ] --START--
INFO: Run Behavior\WriteHtmlCacheBehavior [ RunTime:0.000102s ]
INFO: [ view_filter ] --END-- [ RunTime:0.000125s ]
INFO: [ app_end ] --START--
INFO: Run Behavior\ShowPageTraceBehavior [ RunTime:0.000250s ]
INFO: [ app_end ] --END-- [ RunTime:0.000276s ]

[ 2016-10-28T10:04:40+08:00 ] 192.168.0.156 /index.php/Admin/Manager/add.html
INFO: [ app_init ] --START--
INFO: Run Behavior\BuildLiteBehavior [ RunTime:0.000016s ]
INFO: [ app_init ] --END-- [ RunTime:0.000372s ]
INFO: [ app_begin ] --START--
INFO: Run Behavior\ReadHtmlCacheBehavior [ RunTime:0.000465s ]
INFO: [ app_begin ] --END-- [ RunTime:0.000522s ]
SQL: SHOW COLUMNS FROM `coal_admin_auth` [ RunTime:0.0007s ]
SQL: SELECT * FROM `coal_admin_auth`  [ RunTime:0.0003s ]
NOTIC: [8] Use of undefined constant ture - assumed 'ture' /data/wwwroot/test.meiwenti.vip/CoalApp/Admin/Controller/IndexController.class.php 第 48 行.
NOTIC: [8] Use of undefined constant ture - assumed 'ture' /data/wwwroot/test.meiwenti.vip/CoalApp/Admin/Controller/IndexController.class.php 第 59 行.
SQL: SELECT * FROM `coal_admin_auth` WHERE `controller` = 'Manager' AND `action` = 'add' LIMIT 1   [ RunTime:0.0004s ]
SQL: SHOW COLUMNS FROM `coal_admin_role` [ RunTime:0.0005s ]
SQL: SELECT * FROM `coal_admin_role`  [ RunTime:0.0002s ]
INFO: [ view_parse ] --START--
INFO: [ template_filter ] --START--
INFO: Run Behavior\ContentReplaceBehavior [ RunTime:0.000058s ]
INFO: [ template_filter ] --END-- [ RunTime:0.000103s ]
INFO: Run Behavior\ParseTemplateBehavior [ RunTime:0.006097s ]
INFO: [ view_parse ] --END-- [ RunTime:0.006155s ]
INFO: [ view_filter ] --START--
INFO: Run Behavior\WriteHtmlCacheBehavior [ RunTime:0.000146s ]
INFO: [ view_filter ] --END-- [ RunTime:0.000181s ]
INFO: [ app_end ] --START--
INFO: Run Behavior\ShowPageTraceBehavior [ RunTime:0.000406s ]
INFO: [ app_end ] --END-- [ RunTime:0.000447s ]

[ 2016-10-28T10:04:41+08:00 ] 192.168.0.156 /index.php/Admin/Manager/list_manager.html
INFO: [ app_init ] --START--
INFO: Run Behavior\BuildLiteBehavior [ RunTime:0.000018s ]
INFO: [ app_init ] --END-- [ RunTime:0.000408s ]
INFO: [ app_begin ] --START--
INFO: Run Behavior\ReadHtmlCacheBehavior [ RunTime:0.000518s ]
INFO: [ app_begin ] --END-- [ RunTime:0.000596s ]
SQL: SHOW COLUMNS FROM `coal_admin_auth` [ RunTime:0.0008s ]
SQL: SELECT * FROM `coal_admin_auth`  [ RunTime:0.0004s ]
NOTIC: [8] Use of undefined constant ture - assumed 'ture' /data/wwwroot/test.meiwenti.vip/CoalApp/Admin/Controller/IndexController.class.php 第 48 行.
NOTIC: [8] Use of undefined constant ture - assumed 'ture' /data/wwwroot/test.meiwenti.vip/CoalApp/Admin/Controller/IndexController.class.php 第 59 行.
SQL: SELECT * FROM `coal_admin_auth` WHERE `controller` = 'Manager' AND `action` = 'list_manager' LIMIT 1   [ RunTime:0.0008s ]
ERR: 非法操作:list_manager

[ 2016-10-28T10:04:48+08:00 ] 192.168.0.156 /index.php/Admin/Buyer/listBuyer.html
INFO: [ app_init ] --START--
INFO: Run Behavior\BuildLiteBehavior [ RunTime:0.000022s ]
INFO: [ app_init ] --END-- [ RunTime:0.000544s ]
INFO: [ app_begin ] --START--
INFO: Run Behavior\ReadHtmlCacheBehavior [ RunTime:0.000610s ]
INFO: [ app_begin ] --END-- [ RunTime:0.000688s ]
SQL: SHOW COLUMNS FROM `coal_admin_auth` [ RunTime:0.0008s ]
SQL: SELECT * FROM `coal_admin_auth`  [ RunTime:0.0004s ]
NOTIC: [8] Use of undefined constant ture - assumed 'ture' /data/wwwroot/test.meiwenti.vip/CoalApp/Admin/Controller/IndexController.class.php 第 48 行.
NOTIC: [8] Use of undefined constant ture - assumed 'ture' /data/wwwroot/test.meiwenti.vip/CoalApp/Admin/Controller/IndexController.class.php 第 59 行.
SQL: SELECT * FROM `coal_admin_auth` WHERE `controller` = 'Buyer' AND `action` = 'listBuyer' LIMIT 1   [ RunTime:0.0002s ]
INFO: [ view_parse ] --START--
INFO: [ template_filter ] --START--
INFO: Run Behavior\ContentReplaceBehavior [ RunTime:0.000085s ]
INFO: [ template_filter ] --END-- [ RunTime:0.000142s ]
INFO: Run Behavior\ParseTemplateBehavior [ RunTime:0.006629s ]
INFO: [ view_parse ] --END-- [ RunTime:0.006690s ]
INFO: [ view_filter ] --START--
INFO: Run Behavior\WriteHtmlCacheBehavior [ RunTime:0.000167s ]
INFO: [ view_filter ] --END-- [ RunTime:0.000210s ]
INFO: [ app_end ] --START--
INFO: Run Behavior\ShowPageTraceBehavior [ RunTime:0.000523s ]
INFO: [ app_end ] --END-- [ RunTime:0.000573s ]

[ 2016-10-28T10:04:48+08:00 ] 192.168.0.156 /index.php/Admin/Buyer/ajaxList.html
INFO: [ app_init ] --START--
INFO: Run Behavior\BuildLiteBehavior [ RunTime:0.000008s ]
INFO: [ app_init ] --END-- [ RunTime:0.000233s ]
INFO: [ app_begin ] --START--
INFO: Run Behavior\ReadHtmlCacheBehavior [ RunTime:0.000209s ]
INFO: [ app_begin ] --END-- [ RunTime:0.000238s ]
SQL: SHOW COLUMNS FROM `coal_admin_auth` [ RunTime:0.0005s ]
SQL: SELECT * FROM `coal_admin_auth`  [ RunTime:0.0002s ]
NOTIC: [8] Use of undefined constant ture - assumed 'ture' /data/wwwroot/test.meiwenti.vip/CoalApp/Admin/Controller/IndexController.class.php 第 48 行.
SQL: SELECT * FROM `coal_admin_auth` WHERE `controller` = 'Buyer' AND `action` = 'ajaxList' LIMIT 1   [ RunTime:0.0001s ]
SQL: SHOW COLUMNS FROM `coal_account` [ RunTime:0.0004s ]
SQL: SELECT COUNT(*) AS tp_count FROM `coal_account` WHERE `type` = 0 AND `is_passed` = 1 LIMIT 1   [ RunTime:0.0003s ]
SQL: SELECT `id`,`account`,`password`,`type`,`is_passed`,`addate`,`add_p`,`add_s`,`add_q`,`add_d` FROM `coal_account` WHERE `type` = 0 AND `is_passed` = 1 ORDER BY `id`,`addate` desc LIMIT 0,10   [ RunTime:0.0003s ]
SQL: SHOW COLUMNS FROM `coal_buyer` [ RunTime:0.0003s ]
SQL: SELECT * FROM `coal_buyer` WHERE ( 1=1 AND aid='1' ) LIMIT 1   [ RunTime:0.0001s ]
SQL: SELECT * FROM `coal_buyer` WHERE ( 1=1 AND aid='86' ) LIMIT 1   [ RunTime:0.0001s ]
INFO: [ app_end ] --START--
INFO: Run Behavior\ShowPageTraceBehavior [ RunTime:0.000254s ]
INFO: [ app_end ] --END-- [ RunTime:0.000284s ]

[ 2016-10-28T10:04:50+08:00 ] 192.168.0.156 /index.php/Admin/Buyer/listPassed.html
INFO: [ app_init ] --START--
INFO: Run Behavior\BuildLiteBehavior [ RunTime:0.000019s ]
INFO: [ app_init ] --END-- [ RunTime:0.000487s ]
INFO: [ app_begin ] --START--
INFO: Run Behavior\ReadHtmlCacheBehavior [ RunTime:0.000617s ]
INFO: [ app_begin ] --END-- [ RunTime:0.000692s ]
SQL: SHOW COLUMNS FROM `coal_admin_auth` [ RunTime:0.0009s ]
SQL: SELECT * FROM `coal_admin_auth`  [ RunTime:0.0004s ]
NOTIC: [8] Use of undefined constant ture - assumed 'ture' /data/wwwroot/test.meiwenti.vip/CoalApp/Admin/Controller/IndexController.class.php 第 48 行.
NOTIC: [8] Use of undefined constant ture - assumed 'ture' /data/wwwroot/test.meiwenti.vip/CoalApp/Admin/Controller/IndexController.class.php 第 59 行.
SQL: SELECT * FROM `coal_admin_auth` WHERE `controller` = 'Buyer' AND `action` = 'listPassed' LIMIT 1   [ RunTime:0.0002s ]
INFO: [ view_parse ] --START--
INFO: [ template_filter ] --START--
INFO: Run Behavior\ContentReplaceBehavior [ RunTime:0.000082s ]
INFO: [ template_filter ] --END-- [ RunTime:0.000139s ]
INFO: Run Behavior\ParseTemplateBehavior [ RunTime:0.006616s ]
INFO: [ view_parse ] --END-- [ RunTime:0.006674s ]
INFO: [ view_filter ] --START--
INFO: Run Behavior\WriteHtmlCacheBehavior [ RunTime:0.000170s ]
INFO: [ view_filter ] --END-- [ RunTime:0.000214s ]
INFO: [ app_end ] --START--
INFO: Run Behavior\ShowPageTraceBehavior [ RunTime:0.000515s ]
INFO: [ app_end ] --END-- [ RunTime:0.000564s ]

[ 2016-10-28T10:04:50+08:00 ] 192.168.0.156 /index.php/Admin/Buyer/ajaxListIspassed.html
INFO: [ app_init ] --START--
INFO: Run Behavior\BuildLiteBehavior [ RunTime:0.000011s ]
INFO: [ app_init ] --END-- [ RunTime:0.000235s ]
INFO: [ app_begin ] --START--
INFO: Run Behavior\ReadHtmlCacheBehavior [ RunTime:0.000291s ]
INFO: [ app_begin ] --END-- [ RunTime:0.000336s ]
SQL: SHOW COLUMNS FROM `coal_admin_auth` [ RunTime:0.0005s ]
SQL: SELECT * FROM `coal_admin_auth`  [ RunTime:0.0002s ]
NOTIC: [8] Use of undefined constant ture - assumed 'ture' /data/wwwroot/test.meiwenti.vip/CoalApp/Admin/Controller/IndexController.class.php 第 48 行.
SQL: SELECT * FROM `coal_admin_auth` WHERE `controller` = 'Buyer' AND `action` = 'ajaxListIspassed' LIMIT 1   [ RunTime:0.0001s ]
SQL: SHOW COLUMNS FROM `coal_account` [ RunTime:0.0004s ]
SQL: SELECT COUNT(*) AS tp_count FROM `coal_account` WHERE `type` = 0 AND `is_passed` = 0 LIMIT 1   [ RunTime:0.0003s ]
SQL: SELECT `id`,`account`,`password`,`type`,`is_passed`,`addate`,`add_p`,`add_s`,`add_q`,`add_d` FROM `coal_account` WHERE `type` = 0 AND `is_passed` = 0 ORDER BY `id`,`addate` desc LIMIT 0,10   [ RunTime:0.0003s ]
INFO: [ app_end ] --START--
INFO: Run Behavior\ShowPageTraceBehavior [ RunTime:0.000291s ]
INFO: [ app_end ] --END-- [ RunTime:0.000323s ]

[ 2016-10-28T10:10:54+08:00 ] 192.168.0.107 /admin
INFO: [ app_init ] --START--
INFO: Run Behavior\BuildLiteBehavior [ RunTime:0.000020s ]
INFO: [ app_init ] --END-- [ RunTime:0.000491s ]
INFO: [ app_begin ] --START--
INFO: Run Behavior\ReadHtmlCacheBehavior [ RunTime:0.000634s ]
INFO: [ app_begin ] --END-- [ RunTime:0.000712s ]

[ 2016-10-28T10:10:54+08:00 ] 192.168.0.107 /index.php/Admin/Login/index.html
INFO: [ app_init ] --START--
INFO: Run Behavior\BuildLiteBehavior [ RunTime:0.000016s ]
INFO: [ app_init ] --END-- [ RunTime:0.000389s ]
INFO: [ app_begin ] --START--
INFO: Run Behavior\ReadHtmlCacheBehavior [ RunTime:0.000439s ]
INFO: [ app_begin ] --END-- [ RunTime:0.000488s ]
INFO: [ view_parse ] --START--
INFO: [ template_filter ] --START--
INFO: Run Behavior\ContentReplaceBehavior [ RunTime:0.000070s ]
INFO: [ template_filter ] --END-- [ RunTime:0.000115s ]
INFO: Run Behavior\ParseTemplateBehavior [ RunTime:0.004610s ]
INFO: [ view_parse ] --END-- [ RunTime:0.004652s ]
INFO: [ view_filter ] --START--
INFO: Run Behavior\WriteHtmlCacheBehavior [ RunTime:0.000125s ]
INFO: [ view_filter ] --END-- [ RunTime:0.000156s ]
INFO: [ app_end ] --START--
INFO: Run Behavior\ShowPageTraceBehavior [ RunTime:0.000357s ]
INFO: [ app_end ] --END-- [ RunTime:0.000396s ]

[ 2016-10-28T10:10:54+08:00 ] 192.168.0.107 /index.php/Admin/Login/show_verify.html
INFO: [ app_init ] --START--
INFO: Run Behavior\BuildLiteBehavior [ RunTime:0.000012s ]
INFO: [ app_init ] --END-- [ RunTime:0.000289s ]
INFO: [ app_begin ] --START--
INFO: Run Behavior\ReadHtmlCacheBehavior [ RunTime:0.000377s ]
INFO: [ app_begin ] --END-- [ RunTime:0.000424s ]
INFO: [ app_end ] --START--
INFO: Run Behavior\ShowPageTraceBehavior [ RunTime:0.000383s ]
INFO: [ app_end ] --END-- [ RunTime:0.000445s ]

[ 2016-10-28T11:09:47+08:00 ] 192.168.0.156 /index.php/Admin/Seller/addSeller.html
INFO: [ app_init ] --START--
INFO: Run Behavior\BuildLiteBehavior [ RunTime:0.000021s ]
INFO: [ app_init ] --END-- [ RunTime:0.000517s ]
INFO: [ app_begin ] --START--
INFO: Run Behavior\ReadHtmlCacheBehavior [ RunTime:0.000622s ]
INFO: [ app_begin ] --END-- [ RunTime:0.000696s ]
SQL: SHOW COLUMNS FROM `coal_admin_auth` [ RunTime:0.0009s ]
SQL: SELECT * FROM `coal_admin_auth`  [ RunTime:0.0004s ]
NOTIC: [8] Use of undefined constant ture - assumed 'ture' /data/wwwroot/test.meiwenti.vip/CoalApp/Admin/Controller/IndexController.class.php 第 48 行.
NOTIC: [8] Use of undefined constant ture - assumed 'ture' /data/wwwroot/test.meiwenti.vip/CoalApp/Admin/Controller/IndexController.class.php 第 59 行.
SQL: SELECT * FROM `coal_admin_auth` WHERE `controller` = 'Seller' AND `action` = 'addSeller' LIMIT 1   [ RunTime:0.0002s ]
NOTIC: [2] Missing argument 2 for send_post(), called in /data/wwwroot/test.meiwenti.vip/CoalApp/Admin/Controller/SellerController.class.php on line 71 and defined /data/wwwroot/test.meiwenti.vip/CoalApp/Common/Common/function.php 第 151 行.
NOTIC: [8] Undefined variable: post_data /data/wwwroot/test.meiwenti.vip/CoalApp/Common/Common/function.php 第 153 行.
NOTIC: [2] http_build_query(): Parameter 1 expected to be Array or Object.  Incorrect value given /data/wwwroot/test.meiwenti.vip/CoalApp/Common/Common/function.php 第 153 行.
INFO: [ view_parse ] --START--
INFO: [ template_filter ] --START--
INFO: Run Behavior\ContentReplaceBehavior [ RunTime:0.000076s ]
INFO: [ template_filter ] --END-- [ RunTime:0.000115s ]
INFO: Run Behavior\ParseTemplateBehavior [ RunTime:0.004527s ]
INFO: [ view_parse ] --END-- [ RunTime:0.004568s ]
INFO: [ view_filter ] --START--
INFO: Run Behavior\WriteHtmlCacheBehavior [ RunTime:0.000095s ]
INFO: [ view_filter ] --END-- [ RunTime:0.000118s ]
INFO: [ app_end ] --START--
INFO: Run Behavior\ShowPageTraceBehavior [ RunTime:0.000259s ]
INFO: [ app_end ] --END-- [ RunTime:0.000288s ]

[ 2016-10-28T11:09:56+08:00 ] 192.168.0.156 /index.php/Admin/Seller/addSeller.html
INFO: [ app_init ] --START--
INFO: Run Behavior\BuildLiteBehavior [ RunTime:0.000011s ]
INFO: [ app_init ] --END-- [ RunTime:0.000258s ]
INFO: [ app_begin ] --START--
INFO: Run Behavior\ReadHtmlCacheBehavior [ RunTime:0.000337s ]
INFO: [ app_begin ] --END-- [ RunTime:0.000379s ]
SQL: SHOW COLUMNS FROM `coal_admin_auth` [ RunTime:0.0004s ]
SQL: SELECT * FROM `coal_admin_auth`  [ RunTime:0.0002s ]
NOTIC: [8] Use of undefined constant ture - assumed 'ture' /data/wwwroot/test.meiwenti.vip/CoalApp/Admin/Controller/IndexController.class.php 第 48 行.
NOTIC: [8] Use of undefined constant ture - assumed 'ture' /data/wwwroot/test.meiwenti.vip/CoalApp/Admin/Controller/IndexController.class.php 第 59 行.
SQL: SELECT * FROM `coal_admin_auth` WHERE `controller` = 'Seller' AND `action` = 'addSeller' LIMIT 1   [ RunTime:0.0001s ]
NOTIC: [2] Missing argument 2 for send_post(), called in /data/wwwroot/test.meiwenti.vip/CoalApp/Admin/Controller/SellerController.class.php on line 71 and defined /data/wwwroot/test.meiwenti.vip/CoalApp/Common/Common/function.php 第 151 行.
NOTIC: [8] Undefined variable: post_data /data/wwwroot/test.meiwenti.vip/CoalApp/Common/Common/function.php 第 153 行.
NOTIC: [2] http_build_query(): Parameter 1 expected to be Array or Object.  Incorrect value given /data/wwwroot/test.meiwenti.vip/CoalApp/Common/Common/function.php 第 153 行.
INFO: [ view_parse ] --START--
INFO: [ template_filter ] --START--
INFO: Run Behavior\ContentReplaceBehavior [ RunTime:0.000073s ]
INFO: [ template_filter ] --END-- [ RunTime:0.000110s ]
INFO: Run Behavior\ParseTemplateBehavior [ RunTime:0.004407s ]
INFO: [ view_parse ] --END-- [ RunTime:0.004453s ]
INFO: [ view_filter ] --START--
INFO: Run Behavior\WriteHtmlCacheBehavior [ RunTime:0.000089s ]
INFO: [ view_filter ] --END-- [ RunTime:0.000110s ]
INFO: [ app_end ] --START--
INFO: Run Behavior\ShowPageTraceBehavior [ RunTime:0.000247s ]
INFO: [ app_end ] --END-- [ RunTime:0.000275s ]

[ 2016-10-28T11:10:25+08:00 ] 192.168.0.156 /index.php/Admin/Seller/addSeller.html
INFO: [ app_init ] --START--
INFO: Run Behavior\BuildLiteBehavior [ RunTime:0.000010s ]
INFO: [ app_init ] --END-- [ RunTime:0.000182s ]
INFO: [ app_begin ] --START--
INFO: Run Behavior\ReadHtmlCacheBehavior [ RunTime:0.000225s ]
INFO: [ app_begin ] --END-- [ RunTime:0.000254s ]
SQL: SHOW COLUMNS FROM `coal_admin_auth` [ RunTime:0.0005s ]
SQL: SELECT * FROM `coal_admin_auth`  [ RunTime:0.0002s ]
NOTIC: [8] Use of undefined constant ture - assumed 'ture' /data/wwwroot/test.meiwenti.vip/CoalApp/Admin/Controller/IndexController.class.php 第 48 行.
NOTIC: [8] Use of undefined constant ture - assumed 'ture' /data/wwwroot/test.meiwenti.vip/CoalApp/Admin/Controller/IndexController.class.php 第 59 行.
SQL: SELECT * FROM `coal_admin_auth` WHERE `controller` = 'Seller' AND `action` = 'addSeller' LIMIT 1   [ RunTime:0.0001s ]
NOTIC: [2] Missing argument 2 for send_post(), called in /data/wwwroot/test.meiwenti.vip/CoalApp/Admin/Controller/SellerController.class.php on line 71 and defined /data/wwwroot/test.meiwenti.vip/CoalApp/Common/Common/function.php 第 151 行.
NOTIC: [8] Undefined variable: post_data /data/wwwroot/test.meiwenti.vip/CoalApp/Common/Common/function.php 第 153 行.
NOTIC: [2] http_build_query(): Parameter 1 expected to be Array or Object.  Incorrect value given /data/wwwroot/test.meiwenti.vip/CoalApp/Common/Common/function.php 第 153 行.
INFO: [ view_parse ] --START--
INFO: [ template_filter ] --START--
INFO: Run Behavior\ContentReplaceBehavior [ RunTime:0.000077s ]
INFO: [ template_filter ] --END-- [ RunTime:0.000111s ]
INFO: Run Behavior\ParseTemplateBehavior [ RunTime:0.004250s ]
INFO: [ view_parse ] --END-- [ RunTime:0.004285s ]
INFO: [ view_filter ] --START--
INFO: Run Behavior\WriteHtmlCacheBehavior [ RunTime:0.000090s ]
INFO: [ view_filter ] --END-- [ RunTime:0.000113s ]
INFO: [ app_end ] --START--
INFO: Run Behavior\ShowPageTraceBehavior [ RunTime:0.000250s ]
INFO: [ app_end ] --END-- [ RunTime:0.000277s ]

[ 2016-10-28T11:10:48+08:00 ] 192.168.0.156 /index.php/Admin/Seller/editSeller/id/83.html
INFO: [ app_init ] --START--
INFO: Run Behavior\BuildLiteBehavior [ RunTime:0.000020s ]
INFO: [ app_init ] --END-- [ RunTime:0.000485s ]
INFO: [ app_begin ] --START--
INFO: Run Behavior\ReadHtmlCacheBehavior [ RunTime:0.000626s ]
INFO: [ app_begin ] --END-- [ RunTime:0.000699s ]
SQL: SHOW COLUMNS FROM `coal_admin_auth` [ RunTime:0.0008s ]
SQL: SELECT * FROM `coal_admin_auth`  [ RunTime:0.0003s ]
NOTIC: [8] Use of undefined constant ture - assumed 'ture' /data/wwwroot/test.meiwenti.vip/CoalApp/Admin/Controller/IndexController.class.php 第 48 行.
NOTIC: [8] Use of undefined constant ture - assumed 'ture' /data/wwwroot/test.meiwenti.vip/CoalApp/Admin/Controller/IndexController.class.php 第 59 行.
SQL: SELECT * FROM `coal_admin_auth` WHERE `controller` = 'Seller' AND `action` = 'editSeller' LIMIT 1   [ RunTime:0.0002s ]
SQL: SHOW COLUMNS FROM `coal_account` [ RunTime:0.0007s ]
SQL: SELECT * FROM `coal_account` WHERE `id` = 83 LIMIT 1   [ RunTime:0.0002s ]
SQL: SHOW COLUMNS FROM `coal_seller` [ RunTime:0.0006s ]
SQL: SELECT * FROM `coal_seller` WHERE `aid` = 83 LIMIT 1   [ RunTime:0.0002s ]
SQL: select ST_X(gps) as x,ST_Y(gps) as y from coal_account WHERE (id=83) [ RunTime:0.0002s ]
NOTIC: [2] Missing argument 2 for send_post(), called in /data/wwwroot/test.meiwenti.vip/CoalApp/Admin/Controller/SellerController.class.php on line 173 and defined /data/wwwroot/test.meiwenti.vip/CoalApp/Common/Common/function.php 第 151 行.
NOTIC: [8] Undefined variable: post_data /data/wwwroot/test.meiwenti.vip/CoalApp/Common/Common/function.php 第 153 行.
NOTIC: [2] http_build_query(): Parameter 1 expected to be Array or Object.  Incorrect value given /data/wwwroot/test.meiwenti.vip/CoalApp/Common/Common/function.php 第 153 行.
INFO: [ view_parse ] --START--
INFO: [ template_filter ] --START--
INFO: Run Behavior\ContentReplaceBehavior [ RunTime:0.000089s ]
INFO: [ template_filter ] --END-- [ RunTime:0.000123s ]
INFO: Run Behavior\ParseTemplateBehavior [ RunTime:0.006446s ]
INFO: [ view_parse ] --END-- [ RunTime:0.006482s ]
INFO: [ view_filter ] --START--
INFO: Run Behavior\WriteHtmlCacheBehavior [ RunTime:0.000087s ]
INFO: [ view_filter ] --END-- [ RunTime:0.000109s ]
INFO: [ app_end ] --START--
INFO: Run Behavior\ShowPageTraceBehavior [ RunTime:0.000239s ]
INFO: [ app_end ] --END-- [ RunTime:0.000266s ]

