[ 2016-10-19T15:51:58+08:00 ] 192.168.0.107 /admin
INFO: [ app_init ] --START--
INFO: Run Behavior\BuildLiteBehavior [ RunTime:0.000017s ]
INFO: [ app_init ] --END-- [ RunTime:0.000433s ]
INFO: [ app_begin ] --START--
INFO: Run Behavior\ReadHtmlCacheBehavior [ RunTime:0.000574s ]
INFO: [ app_begin ] --END-- [ RunTime:0.000654s ]

[ 2016-10-19T15:51:59+08:00 ] 192.168.0.107 /index.php/Admin/Login/index.html
INFO: [ app_init ] --START--
INFO: Run Behavior\BuildLiteBehavior [ RunTime:0.000011s ]
INFO: [ app_init ] --END-- [ RunTime:0.000243s ]
INFO: [ app_begin ] --START--
INFO: Run Behavior\ReadHtmlCacheBehavior [ RunTime:0.000325s ]
INFO: [ app_begin ] --END-- [ RunTime:0.000365s ]
INFO: [ view_parse ] --START--
INFO: [ template_filter ] --START--
INFO: Run Behavior\ContentReplaceBehavior [ RunTime:0.000048s ]
INFO: [ template_filter ] --END-- [ RunTime:0.000078s ]
INFO: Run Behavior\ParseTemplateBehavior [ RunTime:0.035412s ]
INFO: [ view_parse ] --END-- [ RunTime:0.035448s ]
INFO: [ view_filter ] --START--
INFO: Run Behavior\WriteHtmlCacheBehavior [ RunTime:0.007839s ]
INFO: [ view_filter ] --END-- [ RunTime:0.007864s ]
INFO: [ app_end ] --START--
INFO: Run Behavior\ShowPageTraceBehavior [ RunTime:0.000231s ]
INFO: [ app_end ] --END-- [ RunTime:0.000259s ]

[ 2016-10-19T15:51:59+08:00 ] 192.168.0.107 /index.php/Admin/Login/show_verify.html
INFO: [ app_init ] --START--
INFO: Run Behavior\BuildLiteBehavior [ RunTime:0.000008s ]
INFO: [ app_init ] --END-- [ RunTime:0.000172s ]
INFO: [ app_begin ] --START--
INFO: Run Behavior\ReadHtmlCacheBehavior [ RunTime:0.000252s ]
INFO: [ app_begin ] --END-- [ RunTime:0.000294s ]
INFO: [ app_end ] --START--
INFO: Run Behavior\ShowPageTraceBehavior [ RunTime:0.000252s ]
INFO: [ app_end ] --END-- [ RunTime:0.000302s ]

[ 2016-10-19T15:52:04+08:00 ] 192.168.0.107 /index.php/Admin/Login/doLogin.html
INFO: [ app_init ] --START--
INFO: Run Behavior\BuildLiteBehavior [ RunTime:0.000017s ]
INFO: [ app_init ] --END-- [ RunTime:0.000423s ]
INFO: [ app_begin ] --START--
INFO: Run Behavior\ReadHtmlCacheBehavior [ RunTime:0.000543s ]
INFO: [ app_begin ] --END-- [ RunTime:0.000620s ]
SQL: SHOW COLUMNS FROM `coal_admin_manager` [ RunTime:0.0006s ]
SQL: SELECT * FROM `coal_admin_manager` WHERE `name` = 'admin' LIMIT 1   [ RunTime:0.0004s ]

[ 2016-10-19T15:52:04+08:00 ] 192.168.0.107 /index.php/Admin/Index/index.html
INFO: [ app_init ] --START--
INFO: Run Behavior\BuildLiteBehavior [ RunTime:0.000015s ]
INFO: [ app_init ] --END-- [ RunTime:0.000335s ]
INFO: [ app_begin ] --START--
INFO: Run Behavior\ReadHtmlCacheBehavior [ RunTime:0.000426s ]
INFO: [ app_begin ] --END-- [ RunTime:0.000481s ]
SQL: SHOW COLUMNS FROM `coal_admin_auth` [ RunTime:0.0007s ]
SQL: SELECT * FROM `coal_admin_auth`  [ RunTime:0.0005s ]
NOTIC: [8] Use of undefined constant ture - assumed 'ture' /data/wwwroot/test.meiwenti.vip/CoalApp/Admin/Controller/IndexController.class.php 第 48 行.
NOTIC: [8] Use of undefined constant ture - assumed 'ture' /data/wwwroot/test.meiwenti.vip/CoalApp/Admin/Controller/IndexController.class.php 第 53 行.
SQL: SELECT * FROM `coal_admin_auth` WHERE `controller` = 'Index' AND `action` = 'index' LIMIT 1   [ RunTime:0.0004s ]
INFO: [ view_parse ] --START--
INFO: [ template_filter ] --START--
INFO: Run Behavior\ContentReplaceBehavior [ RunTime:0.000078s ]
INFO: [ template_filter ] --END-- [ RunTime:0.000115s ]
INFO: Run Behavior\ParseTemplateBehavior [ RunTime:0.015135s ]
INFO: [ view_parse ] --END-- [ RunTime:0.015175s ]
INFO: [ view_filter ] --START--
INFO: Run Behavior\WriteHtmlCacheBehavior [ RunTime:0.000098s ]
INFO: [ view_filter ] --END-- [ RunTime:0.000122s ]
INFO: [ app_end ] --START--
INFO: Run Behavior\ShowPageTraceBehavior [ RunTime:0.000285s ]
INFO: [ app_end ] --END-- [ RunTime:0.000315s ]

[ 2016-10-19T15:52:04+08:00 ] 192.168.0.107 /index.php/Admin/Index/main.html
INFO: [ app_init ] --START--
INFO: Run Behavior\BuildLiteBehavior [ RunTime:0.000008s ]
INFO: [ app_init ] --END-- [ RunTime:0.000194s ]
INFO: [ app_begin ] --START--
INFO: Run Behavior\ReadHtmlCacheBehavior [ RunTime:0.000238s ]
INFO: [ app_begin ] --END-- [ RunTime:0.000269s ]
SQL: SHOW COLUMNS FROM `coal_admin_auth` [ RunTime:0.0005s ]
SQL: SELECT * FROM `coal_admin_auth`  [ RunTime:0.0002s ]
NOTIC: [8] Use of undefined constant ture - assumed 'ture' /data/wwwroot/test.meiwenti.vip/CoalApp/Admin/Controller/IndexController.class.php 第 48 行.
NOTIC: [8] Use of undefined constant ture - assumed 'ture' /data/wwwroot/test.meiwenti.vip/CoalApp/Admin/Controller/IndexController.class.php 第 53 行.
SQL: SELECT * FROM `coal_admin_auth` WHERE `controller` = 'Index' AND `action` = 'main' LIMIT 1   [ RunTime:0.0003s ]
INFO: [ view_parse ] --START--
INFO: [ template_filter ] --START--
INFO: Run Behavior\ContentReplaceBehavior [ RunTime:0.000041s ]
INFO: [ template_filter ] --END-- [ RunTime:0.000073s ]
INFO: Run Behavior\ParseTemplateBehavior [ RunTime:0.012378s ]
INFO: [ view_parse ] --END-- [ RunTime:0.012411s ]
INFO: [ view_filter ] --START--
INFO: Run Behavior\WriteHtmlCacheBehavior [ RunTime:0.000084s ]
INFO: [ view_filter ] --END-- [ RunTime:0.000108s ]
INFO: [ app_end ] --START--
INFO: Run Behavior\ShowPageTraceBehavior [ RunTime:0.000245s ]
INFO: [ app_end ] --END-- [ RunTime:0.000273s ]

[ 2016-10-19T15:52:05+08:00 ] 192.168.0.107 /index.php/Admin/Index/favicon.ico
INFO: [ app_init ] --START--
INFO: Run Behavior\BuildLiteBehavior [ RunTime:0.000011s ]
INFO: [ app_init ] --END-- [ RunTime:0.000255s ]

[ 2016-10-19T15:53:58+08:00 ] 192.168.0.107 /index.php/Admin/Index/index.html
INFO: [ app_init ] --START--
INFO: Run Behavior\BuildLiteBehavior [ RunTime:0.000008s ]
INFO: [ app_init ] --END-- [ RunTime:0.000191s ]
INFO: [ app_begin ] --START--
INFO: Run Behavior\ReadHtmlCacheBehavior [ RunTime:0.000239s ]
INFO: [ app_begin ] --END-- [ RunTime:0.000274s ]
SQL: SHOW COLUMNS FROM `coal_admin_auth` [ RunTime:0.0005s ]
SQL: SELECT * FROM `coal_admin_auth`  [ RunTime:0.0003s ]
NOTIC: [8] Use of undefined constant ture - assumed 'ture' /data/wwwroot/test.meiwenti.vip/CoalApp/Admin/Controller/IndexController.class.php 第 48 行.
NOTIC: [8] Use of undefined constant ture - assumed 'ture' /data/wwwroot/test.meiwenti.vip/CoalApp/Admin/Controller/IndexController.class.php 第 53 行.
SQL: SELECT * FROM `coal_admin_auth` WHERE `controller` = 'Index' AND `action` = 'index' LIMIT 1   [ RunTime:0.0003s ]
INFO: [ view_parse ] --START--
INFO: [ template_filter ] --START--
INFO: Run Behavior\ContentReplaceBehavior [ RunTime:0.000058s ]
INFO: [ template_filter ] --END-- [ RunTime:0.000087s ]
INFO: Run Behavior\ParseTemplateBehavior [ RunTime:0.005714s ]
INFO: [ view_parse ] --END-- [ RunTime:0.005746s ]
INFO: [ view_filter ] --START--
INFO: Run Behavior\WriteHtmlCacheBehavior [ RunTime:0.000097s ]
INFO: [ view_filter ] --END-- [ RunTime:0.000119s ]
INFO: [ app_end ] --START--
INFO: Run Behavior\ShowPageTraceBehavior [ RunTime:0.000242s ]
INFO: [ app_end ] --END-- [ RunTime:0.000270s ]

[ 2016-10-19T15:53:58+08:00 ] 192.168.0.107 /index.php/Admin/Index/main.html
INFO: [ app_init ] --START--
INFO: Run Behavior\BuildLiteBehavior [ RunTime:0.000012s ]
INFO: [ app_init ] --END-- [ RunTime:0.000253s ]
INFO: [ app_begin ] --START--
INFO: Run Behavior\ReadHtmlCacheBehavior [ RunTime:0.000324s ]
INFO: [ app_begin ] --END-- [ RunTime:0.000365s ]
SQL: SHOW COLUMNS FROM `coal_admin_auth` [ RunTime:0.0005s ]
SQL: SELECT * FROM `coal_admin_auth`  [ RunTime:0.0002s ]
NOTIC: [8] Use of undefined constant ture - assumed 'ture' /data/wwwroot/test.meiwenti.vip/CoalApp/Admin/Controller/IndexController.class.php 第 48 行.
NOTIC: [8] Use of undefined constant ture - assumed 'ture' /data/wwwroot/test.meiwenti.vip/CoalApp/Admin/Controller/IndexController.class.php 第 53 行.
SQL: SELECT * FROM `coal_admin_auth` WHERE `controller` = 'Index' AND `action` = 'main' LIMIT 1   [ RunTime:0.0003s ]
INFO: [ view_parse ] --START--
INFO: [ template_filter ] --START--
INFO: Run Behavior\ContentReplaceBehavior [ RunTime:0.000042s ]
INFO: [ template_filter ] --END-- [ RunTime:0.000072s ]
INFO: Run Behavior\ParseTemplateBehavior [ RunTime:0.002854s ]
INFO: [ view_parse ] --END-- [ RunTime:0.002888s ]
INFO: [ view_filter ] --START--
INFO: Run Behavior\WriteHtmlCacheBehavior [ RunTime:0.000084s ]
INFO: [ view_filter ] --END-- [ RunTime:0.000104s ]
INFO: [ app_end ] --START--
INFO: Run Behavior\ShowPageTraceBehavior [ RunTime:0.000252s ]
INFO: [ app_end ] --END-- [ RunTime:0.000281s ]

[ 2016-10-19T15:54:35+08:00 ] 192.168.0.107 /index.php/Admin/Seller/listSeller.html
INFO: [ app_init ] --START--
INFO: Run Behavior\BuildLiteBehavior [ RunTime:0.000017s ]
INFO: [ app_init ] --END-- [ RunTime:0.000411s ]
INFO: [ app_begin ] --START--
INFO: Run Behavior\ReadHtmlCacheBehavior [ RunTime:0.000515s ]
INFO: [ app_begin ] --END-- [ RunTime:0.000591s ]
ERR: 无法加载控制器:Seller

[ 2016-10-19T15:56:07+08:00 ] 192.168.0.107 /index.php/Admin/Seller/listSeller.html
INFO: [ app_init ] --START--
INFO: Run Behavior\BuildLiteBehavior [ RunTime:0.000022s ]
INFO: [ app_init ] --END-- [ RunTime:0.000540s ]
INFO: [ app_begin ] --START--
INFO: Run Behavior\ReadHtmlCacheBehavior [ RunTime:0.000606s ]
INFO: [ app_begin ] --END-- [ RunTime:0.000682s ]
SQL: SHOW COLUMNS FROM `coal_admin_auth` [ RunTime:0.0010s ]
SQL: SELECT * FROM `coal_admin_auth`  [ RunTime:0.0004s ]
NOTIC: [8] Use of undefined constant ture - assumed 'ture' /data/wwwroot/test.meiwenti.vip/CoalApp/Admin/Controller/IndexController.class.php 第 48 行.
NOTIC: [8] Use of undefined constant ture - assumed 'ture' /data/wwwroot/test.meiwenti.vip/CoalApp/Admin/Controller/IndexController.class.php 第 59 行.
SQL: SELECT * FROM `coal_admin_auth` WHERE `controller` = 'Seller' AND `action` = 'listSeller' LIMIT 1   [ RunTime:0.0006s ]
INFO: [ app_end ] --START--
INFO: Run Behavior\ShowPageTraceBehavior [ RunTime:0.000648s ]
INFO: [ app_end ] --END-- [ RunTime:0.000723s ]

[ 2016-10-19T15:58:19+08:00 ] 192.168.0.107 /index.php/Admin/Seller/listSeller.html
INFO: [ app_init ] --START--
INFO: Run Behavior\BuildLiteBehavior [ RunTime:0.000022s ]
INFO: [ app_init ] --END-- [ RunTime:0.000522s ]
INFO: [ app_begin ] --START--
INFO: Run Behavior\ReadHtmlCacheBehavior [ RunTime:0.000624s ]
INFO: [ app_begin ] --END-- [ RunTime:0.000700s ]
SQL: SHOW COLUMNS FROM `coal_admin_auth` [ RunTime:0.0009s ]
SQL: SELECT * FROM `coal_admin_auth`  [ RunTime:0.0004s ]
NOTIC: [8] Use of undefined constant ture - assumed 'ture' /data/wwwroot/test.meiwenti.vip/CoalApp/Admin/Controller/IndexController.class.php 第 48 行.
NOTIC: [8] Use of undefined constant ture - assumed 'ture' /data/wwwroot/test.meiwenti.vip/CoalApp/Admin/Controller/IndexController.class.php 第 59 行.
SQL: SELECT * FROM `coal_admin_auth` WHERE `controller` = 'Seller' AND `action` = 'listSeller' LIMIT 1   [ RunTime:0.0002s ]
INFO: [ view_parse ] --START--
INFO: [ template_filter ] --START--
INFO: Run Behavior\ContentReplaceBehavior [ RunTime:0.000095s ]
INFO: [ template_filter ] --END-- [ RunTime:0.000161s ]
INFO: Run Behavior\ParseTemplateBehavior [ RunTime:0.008100s ]
INFO: [ view_parse ] --END-- [ RunTime:0.008170s ]
INFO: [ view_filter ] --START--
INFO: Run Behavior\WriteHtmlCacheBehavior [ RunTime:0.000178s ]
INFO: [ view_filter ] --END-- [ RunTime:0.000231s ]
INFO: [ app_end ] --START--
INFO: Run Behavior\ShowPageTraceBehavior [ RunTime:0.000564s ]
INFO: [ app_end ] --END-- [ RunTime:0.000633s ]

[ 2016-10-19T15:58:19+08:00 ] 192.168.0.107 /index.php/Admin/News/listNews.html
INFO: [ app_init ] --START--
INFO: Run Behavior\BuildLiteBehavior [ RunTime:0.000022s ]
INFO: [ app_init ] --END-- [ RunTime:0.000533s ]
INFO: [ app_begin ] --START--
INFO: Run Behavior\ReadHtmlCacheBehavior [ RunTime:0.000644s ]
INFO: [ app_begin ] --END-- [ RunTime:0.000719s ]
SQL: SHOW COLUMNS FROM `coal_admin_auth` [ RunTime:0.0009s ]
SQL: SELECT * FROM `coal_admin_auth`  [ RunTime:0.0003s ]
NOTIC: [8] Use of undefined constant ture - assumed 'ture' /data/wwwroot/test.meiwenti.vip/CoalApp/Admin/Controller/IndexController.class.php 第 48 行.
SQL: SELECT * FROM `coal_admin_auth` WHERE `controller` = 'News' AND `action` = 'listNews' LIMIT 1   [ RunTime:0.0005s ]
SQL: SHOW COLUMNS FROM `coal_news` [ RunTime:0.0008s ]
SQL: SELECT COUNT(*) AS tp_count FROM `coal_news` LIMIT 1   [ RunTime:0.0002s ]
SQL: SELECT `id`,`title`,`creat_time`,`writer`,`description`,`click` FROM `coal_news` ORDER BY `order`,`creat_time` desc LIMIT 0,10   [ RunTime:0.0006s ]
INFO: [ app_end ] --START--
INFO: Run Behavior\ShowPageTraceBehavior [ RunTime:0.000578s ]
INFO: [ app_end ] --END-- [ RunTime:0.000644s ]

[ 2016-10-19T15:58:41+08:00 ] 192.168.0.107 /index.php/Admin/News/listNews.html
INFO: [ app_init ] --START--
INFO: Run Behavior\BuildLiteBehavior [ RunTime:0.000032s ]
INFO: [ app_init ] --END-- [ RunTime:0.000488s ]
INFO: [ app_begin ] --START--
INFO: Run Behavior\ReadHtmlCacheBehavior [ RunTime:0.000628s ]
INFO: [ app_begin ] --END-- [ RunTime:0.000702s ]
SQL: SHOW COLUMNS FROM `coal_admin_auth` [ RunTime:0.0009s ]
SQL: SELECT * FROM `coal_admin_auth`  [ RunTime:0.0003s ]
NOTIC: [8] Use of undefined constant ture - assumed 'ture' /data/wwwroot/test.meiwenti.vip/CoalApp/Admin/Controller/IndexController.class.php 第 48 行.
SQL: SELECT * FROM `coal_admin_auth` WHERE `controller` = 'News' AND `action` = 'listNews' LIMIT 1   [ RunTime:0.0002s ]
SQL: SHOW COLUMNS FROM `coal_news` [ RunTime:0.0007s ]
SQL: SELECT COUNT(*) AS tp_count FROM `coal_news` LIMIT 1   [ RunTime:0.0002s ]
SQL: SELECT `id`,`title`,`creat_time`,`writer`,`description`,`click` FROM `coal_news` ORDER BY `order`,`creat_time` desc LIMIT 10,10   [ RunTime:0.0006s ]
INFO: [ app_end ] --START--
INFO: Run Behavior\ShowPageTraceBehavior [ RunTime:0.000596s ]
INFO: [ app_end ] --END-- [ RunTime:0.000662s ]

[ 2016-10-19T15:58:42+08:00 ] 192.168.0.107 /index.php/Admin/News/listNews.html
INFO: [ app_init ] --START--
INFO: Run Behavior\BuildLiteBehavior [ RunTime:0.000012s ]
INFO: [ app_init ] --END-- [ RunTime:0.000260s ]
INFO: [ app_begin ] --START--
INFO: Run Behavior\ReadHtmlCacheBehavior [ RunTime:0.000322s ]
INFO: [ app_begin ] --END-- [ RunTime:0.000364s ]
SQL: SHOW COLUMNS FROM `coal_admin_auth` [ RunTime:0.0005s ]
SQL: SELECT * FROM `coal_admin_auth`  [ RunTime:0.0002s ]
NOTIC: [8] Use of undefined constant ture - assumed 'ture' /data/wwwroot/test.meiwenti.vip/CoalApp/Admin/Controller/IndexController.class.php 第 48 行.
SQL: SELECT * FROM `coal_admin_auth` WHERE `controller` = 'News' AND `action` = 'listNews' LIMIT 1   [ RunTime:0.0001s ]
SQL: SHOW COLUMNS FROM `coal_news` [ RunTime:0.0004s ]
SQL: SELECT COUNT(*) AS tp_count FROM `coal_news` LIMIT 1   [ RunTime:0.0001s ]
SQL: SELECT `id`,`title`,`creat_time`,`writer`,`description`,`click` FROM `coal_news` ORDER BY `order`,`creat_time` desc LIMIT 20,10   [ RunTime:0.0003s ]
INFO: [ app_end ] --START--
INFO: Run Behavior\ShowPageTraceBehavior [ RunTime:0.000253s ]
INFO: [ app_end ] --END-- [ RunTime:0.000282s ]

[ 2016-10-19T15:58:43+08:00 ] 192.168.0.107 /index.php/Admin/News/listNews.html
INFO: [ app_init ] --START--
INFO: Run Behavior\BuildLiteBehavior [ RunTime:0.000011s ]
INFO: [ app_init ] --END-- [ RunTime:0.000236s ]
INFO: [ app_begin ] --START--
INFO: Run Behavior\ReadHtmlCacheBehavior [ RunTime:0.000291s ]
INFO: [ app_begin ] --END-- [ RunTime:0.000330s ]
SQL: SHOW COLUMNS FROM `coal_admin_auth` [ RunTime:0.0005s ]
SQL: SELECT * FROM `coal_admin_auth`  [ RunTime:0.0002s ]
NOTIC: [8] Use of undefined constant ture - assumed 'ture' /data/wwwroot/test.meiwenti.vip/CoalApp/Admin/Controller/IndexController.class.php 第 48 行.
SQL: SELECT * FROM `coal_admin_auth` WHERE `controller` = 'News' AND `action` = 'listNews' LIMIT 1   [ RunTime:0.0001s ]
SQL: SHOW COLUMNS FROM `coal_news` [ RunTime:0.0004s ]
SQL: SELECT COUNT(*) AS tp_count FROM `coal_news` LIMIT 1   [ RunTime:0.0001s ]
SQL: SELECT `id`,`title`,`creat_time`,`writer`,`description`,`click` FROM `coal_news` ORDER BY `order`,`creat_time` desc LIMIT 10,10   [ RunTime:0.0001s ]
INFO: [ app_end ] --START--
INFO: Run Behavior\ShowPageTraceBehavior [ RunTime:0.000255s ]
INFO: [ app_end ] --END-- [ RunTime:0.000287s ]

[ 2016-10-19T15:58:44+08:00 ] 192.168.0.107 /index.php/Admin/News/listNews.html
INFO: [ app_init ] --START--
INFO: Run Behavior\BuildLiteBehavior [ RunTime:0.000009s ]
INFO: [ app_init ] --END-- [ RunTime:0.000194s ]
INFO: [ app_begin ] --START--
INFO: Run Behavior\ReadHtmlCacheBehavior [ RunTime:0.000245s ]
INFO: [ app_begin ] --END-- [ RunTime:0.000281s ]
SQL: SHOW COLUMNS FROM `coal_admin_auth` [ RunTime:0.0005s ]
SQL: SELECT * FROM `coal_admin_auth`  [ RunTime:0.0002s ]
NOTIC: [8] Use of undefined constant ture - assumed 'ture' /data/wwwroot/test.meiwenti.vip/CoalApp/Admin/Controller/IndexController.class.php 第 48 行.
SQL: SELECT * FROM `coal_admin_auth` WHERE `controller` = 'News' AND `action` = 'listNews' LIMIT 1   [ RunTime:0.0001s ]
SQL: SHOW COLUMNS FROM `coal_news` [ RunTime:0.0004s ]
SQL: SELECT COUNT(*) AS tp_count FROM `coal_news` LIMIT 1   [ RunTime:0.0001s ]
SQL: SELECT `id`,`title`,`creat_time`,`writer`,`description`,`click` FROM `coal_news` ORDER BY `order`,`creat_time` desc LIMIT 0,10   [ RunTime:0.0001s ]
INFO: [ app_end ] --START--
INFO: Run Behavior\ShowPageTraceBehavior [ RunTime:0.000268s ]
INFO: [ app_end ] --END-- [ RunTime:0.000309s ]

[ 2016-10-19T16:00:18+08:00 ] 192.168.0.107 /index.php/Admin/Seller/listSeller.html
INFO: [ app_init ] --START--
INFO: Run Behavior\BuildLiteBehavior [ RunTime:0.000018s ]
INFO: [ app_init ] --END-- [ RunTime:0.000410s ]
INFO: [ app_begin ] --START--
INFO: Run Behavior\ReadHtmlCacheBehavior [ RunTime:0.000519s ]
INFO: [ app_begin ] --END-- [ RunTime:0.000596s ]
SQL: SHOW COLUMNS FROM `coal_admin_auth` [ RunTime:0.0008s ]
SQL: SELECT * FROM `coal_admin_auth`  [ RunTime:0.0003s ]
NOTIC: [8] Use of undefined constant ture - assumed 'ture' /data/wwwroot/test.meiwenti.vip/CoalApp/Admin/Controller/IndexController.class.php 第 48 行.
NOTIC: [8] Use of undefined constant ture - assumed 'ture' /data/wwwroot/test.meiwenti.vip/CoalApp/Admin/Controller/IndexController.class.php 第 59 行.
SQL: SELECT * FROM `coal_admin_auth` WHERE `controller` = 'Seller' AND `action` = 'listSeller' LIMIT 1   [ RunTime:0.0002s ]
INFO: [ view_parse ] --START--
INFO: [ template_filter ] --START--
INFO: Run Behavior\ContentReplaceBehavior [ RunTime:0.000082s ]
INFO: [ template_filter ] --END-- [ RunTime:0.000139s ]
INFO: Run Behavior\ParseTemplateBehavior [ RunTime:0.006869s ]
INFO: [ view_parse ] --END-- [ RunTime:0.006928s ]
INFO: [ view_filter ] --START--
INFO: Run Behavior\WriteHtmlCacheBehavior [ RunTime:0.000158s ]
INFO: [ view_filter ] --END-- [ RunTime:0.000204s ]
INFO: [ app_end ] --START--
INFO: Run Behavior\ShowPageTraceBehavior [ RunTime:0.000514s ]
INFO: [ app_end ] --END-- [ RunTime:0.000566s ]

[ 2016-10-19T16:00:18+08:00 ] 192.168.0.107 /index.php/Admin/News/listNews.html
INFO: [ app_init ] --START--
INFO: Run Behavior\BuildLiteBehavior [ RunTime:0.000021s ]
INFO: [ app_init ] --END-- [ RunTime:0.000521s ]
INFO: [ app_begin ] --START--
INFO: Run Behavior\ReadHtmlCacheBehavior [ RunTime:0.000658s ]
INFO: [ app_begin ] --END-- [ RunTime:0.000742s ]
SQL: SHOW COLUMNS FROM `coal_admin_auth` [ RunTime:0.0008s ]
SQL: SELECT * FROM `coal_admin_auth`  [ RunTime:0.0003s ]
NOTIC: [8] Use of undefined constant ture - assumed 'ture' /data/wwwroot/test.meiwenti.vip/CoalApp/Admin/Controller/IndexController.class.php 第 48 行.
SQL: SELECT * FROM `coal_admin_auth` WHERE `controller` = 'News' AND `action` = 'listNews' LIMIT 1   [ RunTime:0.0002s ]
SQL: SHOW COLUMNS FROM `coal_news` [ RunTime:0.0007s ]
SQL: SELECT COUNT(*) AS tp_count FROM `coal_news` LIMIT 1   [ RunTime:0.0002s ]
SQL: SELECT `id`,`title`,`creat_time`,`writer`,`description`,`click` FROM `coal_news` ORDER BY `order`,`creat_time` desc LIMIT 0,10   [ RunTime:0.0002s ]
INFO: [ app_end ] --START--
INFO: Run Behavior\ShowPageTraceBehavior [ RunTime:0.000634s ]
INFO: [ app_end ] --END-- [ RunTime:0.000701s ]

[ 2016-10-19T16:00:19+08:00 ] 192.168.0.107 /index.php/Admin/Seller/favicon.ico
INFO: [ app_init ] --START--
INFO: Run Behavior\BuildLiteBehavior [ RunTime:0.000019s ]
INFO: [ app_init ] --END-- [ RunTime:0.000436s ]

[ 2016-10-19T16:00:20+08:00 ] 192.168.0.107 /index.php/Admin/Seller/listSeller.html
INFO: [ app_init ] --START--
INFO: Run Behavior\BuildLiteBehavior [ RunTime:0.000022s ]
INFO: [ app_init ] --END-- [ RunTime:0.000545s ]
INFO: [ app_begin ] --START--
INFO: Run Behavior\ReadHtmlCacheBehavior [ RunTime:0.000646s ]
INFO: [ app_begin ] --END-- [ RunTime:0.000725s ]
SQL: SHOW COLUMNS FROM `coal_admin_auth` [ RunTime:0.0009s ]
SQL: SELECT * FROM `coal_admin_auth`  [ RunTime:0.0003s ]
NOTIC: [8] Use of undefined constant ture - assumed 'ture' /data/wwwroot/test.meiwenti.vip/CoalApp/Admin/Controller/IndexController.class.php 第 48 行.
NOTIC: [8] Use of undefined constant ture - assumed 'ture' /data/wwwroot/test.meiwenti.vip/CoalApp/Admin/Controller/IndexController.class.php 第 59 行.
SQL: SELECT * FROM `coal_admin_auth` WHERE `controller` = 'Seller' AND `action` = 'listSeller' LIMIT 1   [ RunTime:0.0002s ]
INFO: [ view_parse ] --START--
INFO: [ template_filter ] --START--
INFO: Run Behavior\ContentReplaceBehavior [ RunTime:0.000095s ]
INFO: [ template_filter ] --END-- [ RunTime:0.000159s ]
INFO: Run Behavior\ParseTemplateBehavior [ RunTime:0.008003s ]
INFO: [ view_parse ] --END-- [ RunTime:0.008073s ]
INFO: [ view_filter ] --START--
INFO: Run Behavior\WriteHtmlCacheBehavior [ RunTime:0.000180s ]
INFO: [ view_filter ] --END-- [ RunTime:0.000234s ]
INFO: [ app_end ] --START--
INFO: Run Behavior\ShowPageTraceBehavior [ RunTime:0.000579s ]
INFO: [ app_end ] --END-- [ RunTime:0.000640s ]

[ 2016-10-19T16:00:21+08:00 ] 192.168.0.107 /index.php/Admin/News/listNews.html
INFO: [ app_init ] --START--
INFO: Run Behavior\BuildLiteBehavior [ RunTime:0.000016s ]
INFO: [ app_init ] --END-- [ RunTime:0.000376s ]
INFO: [ app_begin ] --START--
INFO: Run Behavior\ReadHtmlCacheBehavior [ RunTime:0.000481s ]
INFO: [ app_begin ] --END-- [ RunTime:0.000541s ]
SQL: SHOW COLUMNS FROM `coal_admin_auth` [ RunTime:0.0007s ]
SQL: SELECT * FROM `coal_admin_auth`  [ RunTime:0.0003s ]
NOTIC: [8] Use of undefined constant ture - assumed 'ture' /data/wwwroot/test.meiwenti.vip/CoalApp/Admin/Controller/IndexController.class.php 第 48 行.
SQL: SELECT * FROM `coal_admin_auth` WHERE `controller` = 'News' AND `action` = 'listNews' LIMIT 1   [ RunTime:0.0002s ]
SQL: SHOW COLUMNS FROM `coal_news` [ RunTime:0.0006s ]
SQL: SELECT COUNT(*) AS tp_count FROM `coal_news` LIMIT 1   [ RunTime:0.0002s ]
SQL: SELECT `id`,`title`,`creat_time`,`writer`,`description`,`click` FROM `coal_news` ORDER BY `order`,`creat_time` desc LIMIT 0,10   [ RunTime:0.0002s ]
INFO: [ app_end ] --START--
INFO: Run Behavior\ShowPageTraceBehavior [ RunTime:0.000498s ]
INFO: [ app_end ] --END-- [ RunTime:0.000551s ]

[ 2016-10-19T16:00:39+08:00 ] 192.168.0.107 /index.php/Admin/Seller/listSeller.html
INFO: [ app_init ] --START--
INFO: Run Behavior\BuildLiteBehavior [ RunTime:0.000016s ]
INFO: [ app_init ] --END-- [ RunTime:0.000383s ]
INFO: [ app_begin ] --START--
INFO: Run Behavior\ReadHtmlCacheBehavior [ RunTime:0.000484s ]
INFO: [ app_begin ] --END-- [ RunTime:0.000545s ]
SQL: SHOW COLUMNS FROM `coal_admin_auth` [ RunTime:0.0008s ]
SQL: SELECT * FROM `coal_admin_auth`  [ RunTime:0.0003s ]
NOTIC: [8] Use of undefined constant ture - assumed 'ture' /data/wwwroot/test.meiwenti.vip/CoalApp/Admin/Controller/IndexController.class.php 第 48 行.
NOTIC: [8] Use of undefined constant ture - assumed 'ture' /data/wwwroot/test.meiwenti.vip/CoalApp/Admin/Controller/IndexController.class.php 第 59 行.
SQL: SELECT * FROM `coal_admin_auth` WHERE `controller` = 'Seller' AND `action` = 'listSeller' LIMIT 1   [ RunTime:0.0002s ]
INFO: [ view_parse ] --START--
INFO: [ template_filter ] --START--
INFO: Run Behavior\ContentReplaceBehavior [ RunTime:0.000078s ]
INFO: [ template_filter ] --END-- [ RunTime:0.000132s ]
INFO: Run Behavior\ParseTemplateBehavior [ RunTime:0.006432s ]
INFO: [ view_parse ] --END-- [ RunTime:0.006489s ]
INFO: [ view_filter ] --START--
INFO: Run Behavior\WriteHtmlCacheBehavior [ RunTime:0.000149s ]
INFO: [ view_filter ] --END-- [ RunTime:0.000192s ]
INFO: [ app_end ] --START--
INFO: Run Behavior\ShowPageTraceBehavior [ RunTime:0.000480s ]
INFO: [ app_end ] --END-- [ RunTime:0.000529s ]

[ 2016-10-19T16:00:39+08:00 ] 192.168.0.107 /index.php/Admin/News/listNews.html
INFO: [ app_init ] --START--
INFO: Run Behavior\BuildLiteBehavior [ RunTime:0.000018s ]
INFO: [ app_init ] --END-- [ RunTime:0.000407s ]
INFO: [ app_begin ] --START--
INFO: Run Behavior\ReadHtmlCacheBehavior [ RunTime:0.000507s ]
INFO: [ app_begin ] --END-- [ RunTime:0.000572s ]
SQL: SHOW COLUMNS FROM `coal_admin_auth` [ RunTime:0.0008s ]
SQL: SELECT * FROM `coal_admin_auth`  [ RunTime:0.0003s ]
NOTIC: [8] Use of undefined constant ture - assumed 'ture' /data/wwwroot/test.meiwenti.vip/CoalApp/Admin/Controller/IndexController.class.php 第 48 行.
SQL: SELECT * FROM `coal_admin_auth` WHERE `controller` = 'News' AND `action` = 'listNews' LIMIT 1   [ RunTime:0.0002s ]
SQL: SHOW COLUMNS FROM `coal_news` [ RunTime:0.0007s ]
SQL: SELECT COUNT(*) AS tp_count FROM `coal_news` LIMIT 1   [ RunTime:0.0002s ]
SQL: SELECT `id`,`title`,`creat_time`,`writer`,`description`,`click` FROM `coal_news` ORDER BY `order`,`creat_time` desc LIMIT 0,10   [ RunTime:0.0002s ]
INFO: [ app_end ] --START--
INFO: Run Behavior\ShowPageTraceBehavior [ RunTime:0.000542s ]
INFO: [ app_end ] --END-- [ RunTime:0.000605s ]

[ 2016-10-19T16:20:12+08:00 ] 192.168.0.107 /index.php/Admin/News/listNews.html
INFO: [ app_init ] --START--
INFO: Run Behavior\BuildLiteBehavior [ RunTime:0.000020s ]
INFO: [ app_init ] --END-- [ RunTime:0.000473s ]
INFO: [ app_begin ] --START--
INFO: Run Behavior\ReadHtmlCacheBehavior [ RunTime:0.000591s ]
INFO: [ app_begin ] --END-- [ RunTime:0.000663s ]
SQL: SHOW COLUMNS FROM `coal_admin_auth` [ RunTime:0.0009s ]
SQL: SELECT * FROM `coal_admin_auth`  [ RunTime:0.0003s ]
NOTIC: [8] Use of undefined constant ture - assumed 'ture' /data/wwwroot/test.meiwenti.vip/CoalApp/Admin/Controller/IndexController.class.php 第 48 行.
SQL: SELECT * FROM `coal_admin_auth` WHERE `controller` = 'News' AND `action` = 'listNews' LIMIT 1   [ RunTime:0.0002s ]
SQL: SHOW COLUMNS FROM `coal_news` [ RunTime:0.0007s ]
SQL: SELECT COUNT(*) AS tp_count FROM `coal_news` LIMIT 1   [ RunTime:0.0002s ]
SQL: SELECT `id`,`title`,`creat_time`,`writer`,`description`,`click` FROM `coal_news` ORDER BY `order`,`creat_time` desc LIMIT 0,10   [ RunTime:0.0002s ]
INFO: [ app_end ] --START--
INFO: Run Behavior\ShowPageTraceBehavior [ RunTime:0.000565s ]
INFO: [ app_end ] --END-- [ RunTime:0.000641s ]

[ 2016-10-19T17:27:53+08:00 ] 192.168.0.107 /index.php/Admin/Seller/listSeller.html
INFO: [ app_init ] --START--
INFO: Run Behavior\BuildLiteBehavior [ RunTime:0.000014s ]
INFO: [ app_init ] --END-- [ RunTime:0.000306s ]
INFO: [ app_begin ] --START--
INFO: Run Behavior\ReadHtmlCacheBehavior [ RunTime:0.000386s ]
INFO: [ app_begin ] --END-- [ RunTime:0.000435s ]
SQL: SHOW COLUMNS FROM `coal_admin_auth` [ RunTime:0.0005s ]
SQL: SELECT * FROM `coal_admin_auth`  [ RunTime:0.0002s ]
NOTIC: [8] Use of undefined constant ture - assumed 'ture' /data/wwwroot/test.meiwenti.vip/CoalApp/Admin/Controller/IndexController.class.php 第 48 行.
NOTIC: [8] Use of undefined constant ture - assumed 'ture' /data/wwwroot/test.meiwenti.vip/CoalApp/Admin/Controller/IndexController.class.php 第 59 行.
SQL: SELECT * FROM `coal_admin_auth` WHERE `controller` = 'Seller' AND `action` = 'listSeller' LIMIT 1   [ RunTime:0.0001s ]
INFO: [ view_parse ] --START--
INFO: [ template_filter ] --START--
INFO: Run Behavior\ContentReplaceBehavior [ RunTime:0.000053s ]
INFO: [ template_filter ] --END-- [ RunTime:0.000090s ]
INFO: Run Behavior\ParseTemplateBehavior [ RunTime:0.003884s ]
INFO: [ view_parse ] --END-- [ RunTime:0.003922s ]
INFO: [ view_filter ] --START--
INFO: Run Behavior\WriteHtmlCacheBehavior [ RunTime:0.000110s ]
INFO: [ view_filter ] --END-- [ RunTime:0.000139s ]
INFO: [ app_end ] --START--
INFO: Run Behavior\ShowPageTraceBehavior [ RunTime:0.000312s ]
INFO: [ app_end ] --END-- [ RunTime:0.000344s ]

[ 2016-10-19T17:27:54+08:00 ] 192.168.0.107 /index.php/Admin/News/listNews.html
INFO: [ app_init ] --START--
INFO: Run Behavior\BuildLiteBehavior [ RunTime:0.000015s ]
INFO: [ app_init ] --END-- [ RunTime:0.000365s ]
INFO: [ app_begin ] --START--
INFO: Run Behavior\ReadHtmlCacheBehavior [ RunTime:0.000451s ]
INFO: [ app_begin ] --END-- [ RunTime:0.000514s ]
SQL: SHOW COLUMNS FROM `coal_admin_auth` [ RunTime:0.0007s ]
SQL: SELECT * FROM `coal_admin_auth`  [ RunTime:0.0002s ]
NOTIC: [8] Use of undefined constant ture - assumed 'ture' /data/wwwroot/test.meiwenti.vip/CoalApp/Admin/Controller/IndexController.class.php 第 48 行.
SQL: SELECT * FROM `coal_admin_auth` WHERE `controller` = 'News' AND `action` = 'listNews' LIMIT 1   [ RunTime:0.0002s ]
SQL: SHOW COLUMNS FROM `coal_news` [ RunTime:0.0005s ]
SQL: SELECT COUNT(*) AS tp_count FROM `coal_news` LIMIT 1   [ RunTime:0.0002s ]
SQL: SELECT `id`,`title`,`creat_time`,`writer`,`description`,`click` FROM `coal_news` ORDER BY `order`,`creat_time` desc LIMIT 0,10   [ RunTime:0.0002s ]
INFO: [ app_end ] --START--
INFO: Run Behavior\ShowPageTraceBehavior [ RunTime:0.000447s ]
INFO: [ app_end ] --END-- [ RunTime:0.000496s ]

[ 2016-10-19T17:27:54+08:00 ] 192.168.0.107 /index.php/Admin/Seller/favicon.ico
INFO: [ app_init ] --START--
INFO: Run Behavior\BuildLiteBehavior [ RunTime:0.000011s ]
INFO: [ app_init ] --END-- [ RunTime:0.000263s ]

[ 2016-10-19T17:27:57+08:00 ] 192.168.0.107 /index.php/Admin/News/listNews.html
INFO: [ app_init ] --START--
INFO: Run Behavior\BuildLiteBehavior [ RunTime:0.000014s ]
INFO: [ app_init ] --END-- [ RunTime:0.000318s ]
INFO: [ app_begin ] --START--
INFO: Run Behavior\ReadHtmlCacheBehavior [ RunTime:0.000397s ]
INFO: [ app_begin ] --END-- [ RunTime:0.000448s ]
SQL: SHOW COLUMNS FROM `coal_admin_auth` [ RunTime:0.0007s ]
SQL: SELECT * FROM `coal_admin_auth`  [ RunTime:0.0003s ]
NOTIC: [8] Use of undefined constant ture - assumed 'ture' /data/wwwroot/test.meiwenti.vip/CoalApp/Admin/Controller/IndexController.class.php 第 48 行.
SQL: SELECT * FROM `coal_admin_auth` WHERE `controller` = 'News' AND `action` = 'listNews' LIMIT 1   [ RunTime:0.0002s ]
SQL: SHOW COLUMNS FROM `coal_news` [ RunTime:0.0006s ]
SQL: SELECT COUNT(*) AS tp_count FROM `coal_news` LIMIT 1   [ RunTime:0.0002s ]
SQL: SELECT `id`,`title`,`creat_time`,`writer`,`description`,`click` FROM `coal_news` ORDER BY `order`,`creat_time` desc LIMIT 10,10   [ RunTime:0.0002s ]
INFO: [ app_end ] --START--
INFO: Run Behavior\ShowPageTraceBehavior [ RunTime:0.000477s ]
INFO: [ app_end ] --END-- [ RunTime:0.000528s ]

[ 2016-10-19T17:27:58+08:00 ] 192.168.0.107 /index.php/Admin/News/listNews.html
INFO: [ app_init ] --START--
INFO: Run Behavior\BuildLiteBehavior [ RunTime:0.000021s ]
INFO: [ app_init ] --END-- [ RunTime:0.000535s ]
INFO: [ app_begin ] --START--
INFO: Run Behavior\ReadHtmlCacheBehavior [ RunTime:0.000597s ]
INFO: [ app_begin ] --END-- [ RunTime:0.000670s ]
SQL: SHOW COLUMNS FROM `coal_admin_auth` [ RunTime:0.0009s ]
SQL: SELECT * FROM `coal_admin_auth`  [ RunTime:0.0004s ]
NOTIC: [8] Use of undefined constant ture - assumed 'ture' /data/wwwroot/test.meiwenti.vip/CoalApp/Admin/Controller/IndexController.class.php 第 48 行.
SQL: SELECT * FROM `coal_admin_auth` WHERE `controller` = 'News' AND `action` = 'listNews' LIMIT 1   [ RunTime:0.0003s ]
SQL: SHOW COLUMNS FROM `coal_news` [ RunTime:0.0007s ]
SQL: SELECT COUNT(*) AS tp_count FROM `coal_news` LIMIT 1   [ RunTime:0.0002s ]
SQL: SELECT `id`,`title`,`creat_time`,`writer`,`description`,`click` FROM `coal_news` ORDER BY `order`,`creat_time` desc LIMIT 0,10   [ RunTime:0.0002s ]
INFO: [ app_end ] --START--
INFO: Run Behavior\ShowPageTraceBehavior [ RunTime:0.000496s ]
INFO: [ app_end ] --END-- [ RunTime:0.000549s ]

[ 2016-10-19T17:30:34+08:00 ] 192.168.0.107 /index.php/Admin/Index/index.html
INFO: [ app_init ] --START--
INFO: Run Behavior\BuildLiteBehavior [ RunTime:0.000017s ]
INFO: [ app_init ] --END-- [ RunTime:0.000421s ]
INFO: [ app_begin ] --START--
INFO: Run Behavior\ReadHtmlCacheBehavior [ RunTime:0.000533s ]
INFO: [ app_begin ] --END-- [ RunTime:0.000599s ]
SQL: SHOW COLUMNS FROM `coal_admin_auth` [ RunTime:0.0008s ]
SQL: SELECT * FROM `coal_admin_auth`  [ RunTime:0.0003s ]
NOTIC: [8] Use of undefined constant ture - assumed 'ture' /data/wwwroot/test.meiwenti.vip/CoalApp/Admin/Controller/IndexController.class.php 第 48 行.
NOTIC: [8] Use of undefined constant ture - assumed 'ture' /data/wwwroot/test.meiwenti.vip/CoalApp/Admin/Controller/IndexController.class.php 第 53 行.
SQL: SELECT * FROM `coal_admin_auth` WHERE `controller` = 'Index' AND `action` = 'index' LIMIT 1   [ RunTime:0.0002s ]
INFO: [ view_parse ] --START--
INFO: [ template_filter ] --START--
INFO: Run Behavior\ContentReplaceBehavior [ RunTime:0.000119s ]
INFO: [ template_filter ] --END-- [ RunTime:0.000177s ]
INFO: Run Behavior\ParseTemplateBehavior [ RunTime:0.013487s ]
INFO: [ view_parse ] --END-- [ RunTime:0.013547s ]
INFO: [ view_filter ] --START--
INFO: Run Behavior\WriteHtmlCacheBehavior [ RunTime:0.000166s ]
INFO: [ view_filter ] --END-- [ RunTime:0.000208s ]
INFO: [ app_end ] --START--
INFO: Run Behavior\ShowPageTraceBehavior [ RunTime:0.000516s ]
INFO: [ app_end ] --END-- [ RunTime:0.000566s ]

[ 2016-10-19T17:30:34+08:00 ] 192.168.0.107 /index.php/Admin/Index/main.html
INFO: [ app_init ] --START--
INFO: Run Behavior\BuildLiteBehavior [ RunTime:0.000011s ]
INFO: [ app_init ] --END-- [ RunTime:0.000275s ]
INFO: [ app_begin ] --START--
INFO: Run Behavior\ReadHtmlCacheBehavior [ RunTime:0.000358s ]
INFO: [ app_begin ] --END-- [ RunTime:0.000402s ]
SQL: SHOW COLUMNS FROM `coal_admin_auth` [ RunTime:0.0006s ]
SQL: SELECT * FROM `coal_admin_auth`  [ RunTime:0.0002s ]
NOTIC: [8] Use of undefined constant ture - assumed 'ture' /data/wwwroot/test.meiwenti.vip/CoalApp/Admin/Controller/IndexController.class.php 第 48 行.
NOTIC: [8] Use of undefined constant ture - assumed 'ture' /data/wwwroot/test.meiwenti.vip/CoalApp/Admin/Controller/IndexController.class.php 第 53 行.
SQL: SELECT * FROM `coal_admin_auth` WHERE `controller` = 'Index' AND `action` = 'main' LIMIT 1   [ RunTime:0.0001s ]
INFO: [ view_parse ] --START--
INFO: [ template_filter ] --START--
INFO: Run Behavior\ContentReplaceBehavior [ RunTime:0.000059s ]
INFO: [ template_filter ] --END-- [ RunTime:0.000103s ]
INFO: Run Behavior\ParseTemplateBehavior [ RunTime:0.004413s ]
INFO: [ view_parse ] --END-- [ RunTime:0.004456s ]
INFO: [ view_filter ] --START--
INFO: Run Behavior\WriteHtmlCacheBehavior [ RunTime:0.000118s ]
INFO: [ view_filter ] --END-- [ RunTime:0.000148s ]
INFO: [ app_end ] --START--
INFO: Run Behavior\ShowPageTraceBehavior [ RunTime:0.000373s ]
INFO: [ app_end ] --END-- [ RunTime:0.000411s ]

[ 2016-10-19T17:30:35+08:00 ] 192.168.0.107 /index.php/Admin/Index/favicon.ico
INFO: [ app_init ] --START--
INFO: Run Behavior\BuildLiteBehavior [ RunTime:0.000008s ]
INFO: [ app_init ] --END-- [ RunTime:0.000186s ]

[ 2016-10-19T17:30:48+08:00 ] 192.168.0.107 /index.php/Admin/Index/index.html
INFO: [ app_init ] --START--
INFO: Run Behavior\BuildLiteBehavior [ RunTime:0.000017s ]
INFO: [ app_init ] --END-- [ RunTime:0.000416s ]
INFO: [ app_begin ] --START--
INFO: Run Behavior\ReadHtmlCacheBehavior [ RunTime:0.000521s ]
INFO: [ app_begin ] --END-- [ RunTime:0.000585s ]
SQL: SHOW COLUMNS FROM `coal_admin_auth` [ RunTime:0.0007s ]
SQL: SELECT * FROM `coal_admin_auth`  [ RunTime:0.0005s ]
NOTIC: [8] Use of undefined constant ture - assumed 'ture' /data/wwwroot/test.meiwenti.vip/CoalApp/Admin/Controller/IndexController.class.php 第 48 行.
NOTIC: [8] Use of undefined constant ture - assumed 'ture' /data/wwwroot/test.meiwenti.vip/CoalApp/Admin/Controller/IndexController.class.php 第 53 行.
SQL: SELECT * FROM `coal_admin_auth` WHERE `controller` = 'Index' AND `action` = 'index' LIMIT 1   [ RunTime:0.0004s ]
INFO: [ view_parse ] --START--
INFO: [ template_filter ] --START--
INFO: Run Behavior\ContentReplaceBehavior [ RunTime:0.000095s ]
INFO: [ template_filter ] --END-- [ RunTime:0.000140s ]
INFO: Run Behavior\ParseTemplateBehavior [ RunTime:0.011108s ]
INFO: [ view_parse ] --END-- [ RunTime:0.011155s ]
INFO: [ view_filter ] --START--
INFO: Run Behavior\WriteHtmlCacheBehavior [ RunTime:0.000144s ]
INFO: [ view_filter ] --END-- [ RunTime:0.000178s ]
INFO: [ app_end ] --START--
INFO: Run Behavior\ShowPageTraceBehavior [ RunTime:0.000407s ]
INFO: [ app_end ] --END-- [ RunTime:0.000449s ]

[ 2016-10-19T17:30:48+08:00 ] 192.168.0.107 /index.php/Admin/Index/main.html
INFO: [ app_init ] --START--
INFO: Run Behavior\BuildLiteBehavior [ RunTime:0.000009s ]
INFO: [ app_init ] --END-- [ RunTime:0.000183s ]
INFO: [ app_begin ] --START--
INFO: Run Behavior\ReadHtmlCacheBehavior [ RunTime:0.000238s ]
INFO: [ app_begin ] --END-- [ RunTime:0.000269s ]
SQL: SHOW COLUMNS FROM `coal_admin_auth` [ RunTime:0.0005s ]
SQL: SELECT * FROM `coal_admin_auth`  [ RunTime:0.0002s ]
NOTIC: [8] Use of undefined constant ture - assumed 'ture' /data/wwwroot/test.meiwenti.vip/CoalApp/Admin/Controller/IndexController.class.php 第 48 行.
NOTIC: [8] Use of undefined constant ture - assumed 'ture' /data/wwwroot/test.meiwenti.vip/CoalApp/Admin/Controller/IndexController.class.php 第 53 行.
SQL: SELECT * FROM `coal_admin_auth` WHERE `controller` = 'Index' AND `action` = 'main' LIMIT 1   [ RunTime:0.0003s ]
INFO: [ view_parse ] --START--
INFO: [ template_filter ] --START--
INFO: Run Behavior\ContentReplaceBehavior [ RunTime:0.000034s ]
INFO: [ template_filter ] --END-- [ RunTime:0.000060s ]
INFO: Run Behavior\ParseTemplateBehavior [ RunTime:0.002344s ]
INFO: [ view_parse ] --END-- [ RunTime:0.002386s ]
INFO: [ view_filter ] --START--
INFO: Run Behavior\WriteHtmlCacheBehavior [ RunTime:0.000098s ]
INFO: [ view_filter ] --END-- [ RunTime:0.000120s ]
INFO: [ app_end ] --START--
INFO: Run Behavior\ShowPageTraceBehavior [ RunTime:0.000234s ]
INFO: [ app_end ] --END-- [ RunTime:0.000258s ]

[ 2016-10-19T17:31:06+08:00 ] 192.168.0.107 /index.php/Admin/Index/index.html
INFO: [ app_init ] --START--
INFO: Run Behavior\BuildLiteBehavior [ RunTime:0.000022s ]
INFO: [ app_init ] --END-- [ RunTime:0.000540s ]
INFO: [ app_begin ] --START--
INFO: Run Behavior\ReadHtmlCacheBehavior [ RunTime:0.000602s ]
INFO: [ app_begin ] --END-- [ RunTime:0.000677s ]
SQL: SHOW COLUMNS FROM `coal_admin_auth` [ RunTime:0.0009s ]
SQL: SELECT * FROM `coal_admin_auth`  [ RunTime:0.0007s ]
NOTIC: [8] Use of undefined constant ture - assumed 'ture' /data/wwwroot/test.meiwenti.vip/CoalApp/Admin/Controller/IndexController.class.php 第 48 行.
NOTIC: [8] Use of undefined constant ture - assumed 'ture' /data/wwwroot/test.meiwenti.vip/CoalApp/Admin/Controller/IndexController.class.php 第 53 行.
SQL: SELECT * FROM `coal_admin_auth` WHERE `controller` = 'Index' AND `action` = 'index' LIMIT 1   [ RunTime:0.0005s ]
INFO: [ view_parse ] --START--
INFO: [ template_filter ] --START--
INFO: Run Behavior\ContentReplaceBehavior [ RunTime:0.000121s ]
INFO: [ template_filter ] --END-- [ RunTime:0.000177s ]
INFO: Run Behavior\ParseTemplateBehavior [ RunTime:0.013690s ]
INFO: [ view_parse ] --END-- [ RunTime:0.013747s ]
INFO: [ view_filter ] --START--
INFO: Run Behavior\WriteHtmlCacheBehavior [ RunTime:0.000148s ]
INFO: [ view_filter ] --END-- [ RunTime:0.000185s ]
INFO: [ app_end ] --START--
INFO: Run Behavior\ShowPageTraceBehavior [ RunTime:0.000464s ]
INFO: [ app_end ] --END-- [ RunTime:0.000508s ]

[ 2016-10-19T17:31:06+08:00 ] 192.168.0.107 /index.php/Admin/Index/main.html
INFO: [ app_init ] --START--
INFO: Run Behavior\BuildLiteBehavior [ RunTime:0.000012s ]
INFO: [ app_init ] --END-- [ RunTime:0.000290s ]
INFO: [ app_begin ] --START--
INFO: Run Behavior\ReadHtmlCacheBehavior [ RunTime:0.000367s ]
INFO: [ app_begin ] --END-- [ RunTime:0.000404s ]
SQL: SHOW COLUMNS FROM `coal_admin_auth` [ RunTime:0.0005s ]
SQL: SELECT * FROM `coal_admin_auth`  [ RunTime:0.0002s ]
NOTIC: [8] Use of undefined constant ture - assumed 'ture' /data/wwwroot/test.meiwenti.vip/CoalApp/Admin/Controller/IndexController.class.php 第 48 行.
NOTIC: [8] Use of undefined constant ture - assumed 'ture' /data/wwwroot/test.meiwenti.vip/CoalApp/Admin/Controller/IndexController.class.php 第 53 行.
SQL: SELECT * FROM `coal_admin_auth` WHERE `controller` = 'Index' AND `action` = 'main' LIMIT 1   [ RunTime:0.0003s ]
INFO: [ view_parse ] --START--
INFO: [ template_filter ] --START--
INFO: Run Behavior\ContentReplaceBehavior [ RunTime:0.000045s ]
INFO: [ template_filter ] --END-- [ RunTime:0.000072s ]
INFO: Run Behavior\ParseTemplateBehavior [ RunTime:0.002362s ]
INFO: [ view_parse ] --END-- [ RunTime:0.002404s ]
INFO: [ view_filter ] --START--
INFO: Run Behavior\WriteHtmlCacheBehavior [ RunTime:0.000096s ]
INFO: [ view_filter ] --END-- [ RunTime:0.000116s ]
INFO: [ app_end ] --START--
INFO: Run Behavior\ShowPageTraceBehavior [ RunTime:0.000225s ]
INFO: [ app_end ] --END-- [ RunTime:0.000248s ]

[ 2016-10-19T17:31:10+08:00 ] 192.168.0.107 /index.php/Admin/Seller/listSeller.html
INFO: [ app_init ] --START--
INFO: Run Behavior\BuildLiteBehavior [ RunTime:0.000018s ]
INFO: [ app_init ] --END-- [ RunTime:0.000427s ]
INFO: [ app_begin ] --START--
INFO: Run Behavior\ReadHtmlCacheBehavior [ RunTime:0.000541s ]
INFO: [ app_begin ] --END-- [ RunTime:0.000607s ]
SQL: SHOW COLUMNS FROM `coal_admin_auth` [ RunTime:0.0008s ]
SQL: SELECT * FROM `coal_admin_auth`  [ RunTime:0.0003s ]
NOTIC: [8] Use of undefined constant ture - assumed 'ture' /data/wwwroot/test.meiwenti.vip/CoalApp/Admin/Controller/IndexController.class.php 第 48 行.
NOTIC: [8] Use of undefined constant ture - assumed 'ture' /data/wwwroot/test.meiwenti.vip/CoalApp/Admin/Controller/IndexController.class.php 第 59 行.
SQL: SELECT * FROM `coal_admin_auth` WHERE `controller` = 'Seller' AND `action` = 'listSeller' LIMIT 1   [ RunTime:0.0005s ]
INFO: [ view_parse ] --START--
INFO: [ template_filter ] --START--
INFO: Run Behavior\ContentReplaceBehavior [ RunTime:0.000083s ]
INFO: [ template_filter ] --END-- [ RunTime:0.000142s ]
INFO: Run Behavior\ParseTemplateBehavior [ RunTime:0.006561s ]
INFO: [ view_parse ] --END-- [ RunTime:0.006624s ]
INFO: [ view_filter ] --START--
INFO: Run Behavior\WriteHtmlCacheBehavior [ RunTime:0.000168s ]
INFO: [ view_filter ] --END-- [ RunTime:0.000217s ]
INFO: [ app_end ] --START--
INFO: Run Behavior\ShowPageTraceBehavior [ RunTime:0.000430s ]
INFO: [ app_end ] --END-- [ RunTime:0.000474s ]

[ 2016-10-19T17:31:10+08:00 ] 192.168.0.107 /index.php/Admin/News/listNews.html
INFO: [ app_init ] --START--
INFO: Run Behavior\BuildLiteBehavior [ RunTime:0.000011s ]
INFO: [ app_init ] --END-- [ RunTime:0.000266s ]
INFO: [ app_begin ] --START--
INFO: Run Behavior\ReadHtmlCacheBehavior [ RunTime:0.000315s ]
INFO: [ app_begin ] --END-- [ RunTime:0.000357s ]
SQL: SHOW COLUMNS FROM `coal_admin_auth` [ RunTime:0.0005s ]
SQL: SELECT * FROM `coal_admin_auth`  [ RunTime:0.0002s ]
NOTIC: [8] Use of undefined constant ture - assumed 'ture' /data/wwwroot/test.meiwenti.vip/CoalApp/Admin/Controller/IndexController.class.php 第 48 行.
SQL: SELECT * FROM `coal_admin_auth` WHERE `controller` = 'News' AND `action` = 'listNews' LIMIT 1   [ RunTime:0.0003s ]
SQL: SHOW COLUMNS FROM `coal_news` [ RunTime:0.0004s ]
SQL: SELECT COUNT(*) AS tp_count FROM `coal_news` LIMIT 1   [ RunTime:0.0001s ]
SQL: SELECT `id`,`title`,`creat_time`,`writer`,`description`,`click` FROM `coal_news` ORDER BY `order`,`creat_time` desc LIMIT 0,10   [ RunTime:0.0001s ]
INFO: [ app_end ] --START--
INFO: Run Behavior\ShowPageTraceBehavior [ RunTime:0.000295s ]
INFO: [ app_end ] --END-- [ RunTime:0.000330s ]

[ 2016-10-19T17:31:33+08:00 ] 192.168.0.107 /index.php/Admin/Seller/listSeller.html
INFO: [ app_init ] --START--
INFO: Run Behavior\BuildLiteBehavior [ RunTime:0.000014s ]
INFO: [ app_init ] --END-- [ RunTime:0.000316s ]
INFO: [ app_begin ] --START--
INFO: Run Behavior\ReadHtmlCacheBehavior [ RunTime:0.000394s ]
INFO: [ app_begin ] --END-- [ RunTime:0.000445s ]
SQL: SHOW COLUMNS FROM `coal_admin_auth` [ RunTime:0.0007s ]
SQL: SELECT * FROM `coal_admin_auth`  [ RunTime:0.0002s ]
NOTIC: [8] Use of undefined constant ture - assumed 'ture' /data/wwwroot/test.meiwenti.vip/CoalApp/Admin/Controller/IndexController.class.php 第 48 行.
NOTIC: [8] Use of undefined constant ture - assumed 'ture' /data/wwwroot/test.meiwenti.vip/CoalApp/Admin/Controller/IndexController.class.php 第 59 行.
SQL: SELECT * FROM `coal_admin_auth` WHERE `controller` = 'Seller' AND `action` = 'listSeller' LIMIT 1   [ RunTime:0.0002s ]
INFO: [ view_parse ] --START--
INFO: [ template_filter ] --START--
INFO: Run Behavior\ContentReplaceBehavior [ RunTime:0.000048s ]
INFO: [ template_filter ] --END-- [ RunTime:0.000080s ]
INFO: Run Behavior\ParseTemplateBehavior [ RunTime:0.004860s ]
INFO: [ view_parse ] --END-- [ RunTime:0.004901s ]
INFO: [ view_filter ] --START--
INFO: Run Behavior\WriteHtmlCacheBehavior [ RunTime:0.000095s ]
INFO: [ view_filter ] --END-- [ RunTime:0.000122s ]
INFO: [ app_end ] --START--
INFO: Run Behavior\ShowPageTraceBehavior [ RunTime:0.000290s ]
INFO: [ app_end ] --END-- [ RunTime:0.000320s ]

[ 2016-10-19T17:31:33+08:00 ] 192.168.0.107 /index.php/Admin/News/listNews.html
INFO: [ app_init ] --START--
INFO: Run Behavior\BuildLiteBehavior [ RunTime:0.000010s ]
INFO: [ app_init ] --END-- [ RunTime:0.000210s ]
INFO: [ app_begin ] --START--
INFO: Run Behavior\ReadHtmlCacheBehavior [ RunTime:0.000257s ]
INFO: [ app_begin ] --END-- [ RunTime:0.000291s ]
SQL: SHOW COLUMNS FROM `coal_admin_auth` [ RunTime:0.0005s ]
SQL: SELECT * FROM `coal_admin_auth`  [ RunTime:0.0002s ]
NOTIC: [8] Use of undefined constant ture - assumed 'ture' /data/wwwroot/test.meiwenti.vip/CoalApp/Admin/Controller/IndexController.class.php 第 48 行.
SQL: SELECT * FROM `coal_admin_auth` WHERE `controller` = 'News' AND `action` = 'listNews' LIMIT 1   [ RunTime:0.0001s ]
SQL: SHOW COLUMNS FROM `coal_news` [ RunTime:0.0004s ]
SQL: SELECT COUNT(*) AS tp_count FROM `coal_news` LIMIT 1   [ RunTime:0.0001s ]
SQL: SELECT `id`,`title`,`creat_time`,`writer`,`description`,`click` FROM `coal_news` ORDER BY `order`,`creat_time` desc LIMIT 0,10   [ RunTime:0.0001s ]
INFO: [ app_end ] --START--
INFO: Run Behavior\ShowPageTraceBehavior [ RunTime:0.000252s ]
INFO: [ app_end ] --END-- [ RunTime:0.000283s ]

[ 2016-10-19T17:32:15+08:00 ] 192.168.0.107 /index.php/Admin/Index/index.html
INFO: [ app_init ] --START--
INFO: Run Behavior\BuildLiteBehavior [ RunTime:0.000022s ]
INFO: [ app_init ] --END-- [ RunTime:0.000519s ]
INFO: [ app_begin ] --START--
INFO: Run Behavior\ReadHtmlCacheBehavior [ RunTime:0.000667s ]
INFO: [ app_begin ] --END-- [ RunTime:0.000744s ]
SQL: SHOW COLUMNS FROM `coal_admin_auth` [ RunTime:0.0008s ]
SQL: SELECT * FROM `coal_admin_auth`  [ RunTime:0.0003s ]
NOTIC: [8] Use of undefined constant ture - assumed 'ture' /data/wwwroot/test.meiwenti.vip/CoalApp/Admin/Controller/IndexController.class.php 第 48 行.
NOTIC: [8] Use of undefined constant ture - assumed 'ture' /data/wwwroot/test.meiwenti.vip/CoalApp/Admin/Controller/IndexController.class.php 第 53 行.
SQL: SELECT * FROM `coal_admin_auth` WHERE `controller` = 'Index' AND `action` = 'index' LIMIT 1   [ RunTime:0.0002s ]
INFO: [ view_parse ] --START--
INFO: [ template_filter ] --START--
INFO: Run Behavior\ContentReplaceBehavior [ RunTime:0.000095s ]
INFO: [ template_filter ] --END-- [ RunTime:0.000148s ]
INFO: Run Behavior\ParseTemplateBehavior [ RunTime:0.085898s ]
INFO: [ view_parse ] --END-- [ RunTime:0.085936s ]
INFO: [ view_filter ] --START--
INFO: Run Behavior\WriteHtmlCacheBehavior [ RunTime:0.000102s ]
INFO: [ view_filter ] --END-- [ RunTime:0.000122s ]
INFO: [ app_end ] --START--
INFO: Run Behavior\ShowPageTraceBehavior [ RunTime:0.000242s ]
INFO: [ app_end ] --END-- [ RunTime:0.000269s ]

[ 2016-10-19T17:32:16+08:00 ] 192.168.0.107 /index.php/Admin/Index/main.html
INFO: [ app_init ] --START--
INFO: Run Behavior\BuildLiteBehavior [ RunTime:0.000008s ]
INFO: [ app_init ] --END-- [ RunTime:0.000173s ]
INFO: [ app_begin ] --START--
INFO: Run Behavior\ReadHtmlCacheBehavior [ RunTime:0.000213s ]
INFO: [ app_begin ] --END-- [ RunTime:0.000243s ]
SQL: SHOW COLUMNS FROM `coal_admin_auth` [ RunTime:0.0005s ]
SQL: SELECT * FROM `coal_admin_auth`  [ RunTime:0.0002s ]
NOTIC: [8] Use of undefined constant ture - assumed 'ture' /data/wwwroot/test.meiwenti.vip/CoalApp/Admin/Controller/IndexController.class.php 第 48 行.
NOTIC: [8] Use of undefined constant ture - assumed 'ture' /data/wwwroot/test.meiwenti.vip/CoalApp/Admin/Controller/IndexController.class.php 第 53 行.
SQL: SELECT * FROM `coal_admin_auth` WHERE `controller` = 'Index' AND `action` = 'main' LIMIT 1   [ RunTime:0.0001s ]
INFO: [ view_parse ] --START--
INFO: [ template_filter ] --START--
INFO: Run Behavior\ContentReplaceBehavior [ RunTime:0.000039s ]
INFO: [ template_filter ] --END-- [ RunTime:0.000066s ]
INFO: Run Behavior\ParseTemplateBehavior [ RunTime:0.002683s ]
INFO: [ view_parse ] --END-- [ RunTime:0.002711s ]
INFO: [ view_filter ] --START--
INFO: Run Behavior\WriteHtmlCacheBehavior [ RunTime:0.000096s ]
INFO: [ view_filter ] --END-- [ RunTime:0.000115s ]
INFO: [ app_end ] --START--
INFO: Run Behavior\ShowPageTraceBehavior [ RunTime:0.000237s ]
INFO: [ app_end ] --END-- [ RunTime:0.000260s ]

[ 2016-10-19T17:34:02+08:00 ] 192.168.0.107 /index.php/Admin/Seller/listSeller.html
INFO: [ app_init ] --START--
INFO: Run Behavior\BuildLiteBehavior [ RunTime:0.000018s ]
INFO: [ app_init ] --END-- [ RunTime:0.000471s ]
INFO: [ app_begin ] --START--
INFO: Run Behavior\ReadHtmlCacheBehavior [ RunTime:0.000561s ]
INFO: [ app_begin ] --END-- [ RunTime:0.000631s ]
SQL: SHOW COLUMNS FROM `coal_admin_auth` [ RunTime:0.0008s ]
SQL: SELECT * FROM `coal_admin_auth`  [ RunTime:0.0003s ]
NOTIC: [8] Use of undefined constant ture - assumed 'ture' /data/wwwroot/test.meiwenti.vip/CoalApp/Admin/Controller/IndexController.class.php 第 48 行.
NOTIC: [8] Use of undefined constant ture - assumed 'ture' /data/wwwroot/test.meiwenti.vip/CoalApp/Admin/Controller/IndexController.class.php 第 59 行.
SQL: SELECT * FROM `coal_admin_auth` WHERE `controller` = 'Seller' AND `action` = 'listSeller' LIMIT 1   [ RunTime:0.0002s ]
INFO: [ view_parse ] --START--
INFO: [ template_filter ] --START--
INFO: Run Behavior\ContentReplaceBehavior [ RunTime:0.000101s ]
INFO: [ template_filter ] --END-- [ RunTime:0.000170s ]
INFO: Run Behavior\ParseTemplateBehavior [ RunTime:0.007654s ]
INFO: [ view_parse ] --END-- [ RunTime:0.007715s ]
INFO: [ view_filter ] --START--
INFO: Run Behavior\WriteHtmlCacheBehavior [ RunTime:0.000183s ]
INFO: [ view_filter ] --END-- [ RunTime:0.000227s ]
INFO: [ app_end ] --START--
INFO: Run Behavior\ShowPageTraceBehavior [ RunTime:0.000525s ]
INFO: [ app_end ] --END-- [ RunTime:0.000574s ]

[ 2016-10-19T17:34:02+08:00 ] 192.168.0.107 /index.php/Admin/News/listNews.html
INFO: [ app_init ] --START--
INFO: Run Behavior\BuildLiteBehavior [ RunTime:0.000012s ]
INFO: [ app_init ] --END-- [ RunTime:0.000260s ]
INFO: [ app_begin ] --START--
INFO: Run Behavior\ReadHtmlCacheBehavior [ RunTime:0.000308s ]
INFO: [ app_begin ] --END-- [ RunTime:0.000349s ]
SQL: SHOW COLUMNS FROM `coal_admin_auth` [ RunTime:0.0006s ]
SQL: SELECT * FROM `coal_admin_auth`  [ RunTime:0.0002s ]
NOTIC: [8] Use of undefined constant ture - assumed 'ture' /data/wwwroot/test.meiwenti.vip/CoalApp/Admin/Controller/IndexController.class.php 第 48 行.
SQL: SELECT * FROM `coal_admin_auth` WHERE `controller` = 'News' AND `action` = 'listNews' LIMIT 1   [ RunTime:0.0002s ]
SQL: SHOW COLUMNS FROM `coal_news` [ RunTime:0.0005s ]
SQL: SELECT COUNT(*) AS tp_count FROM `coal_news` LIMIT 1   [ RunTime:0.0001s ]
SQL: SELECT `id`,`title`,`creat_time`,`writer`,`description`,`click` FROM `coal_news` ORDER BY `order`,`creat_time` desc LIMIT 0,10   [ RunTime:0.0002s ]
INFO: [ app_end ] --START--
INFO: Run Behavior\ShowPageTraceBehavior [ RunTime:0.000345s ]
INFO: [ app_end ] --END-- [ RunTime:0.000385s ]

[ 2016-10-19T17:34:48+08:00 ] 192.168.0.107 /index.php/Admin/Seller/listSeller.html
INFO: [ app_init ] --START--
INFO: Run Behavior\BuildLiteBehavior [ RunTime:0.000019s ]
INFO: [ app_init ] --END-- [ RunTime:0.000457s ]
INFO: [ app_begin ] --START--
INFO: Run Behavior\ReadHtmlCacheBehavior [ RunTime:0.000576s ]
INFO: [ app_begin ] --END-- [ RunTime:0.000650s ]
SQL: SHOW COLUMNS FROM `coal_admin_auth` [ RunTime:0.0008s ]
SQL: SELECT * FROM `coal_admin_auth`  [ RunTime:0.0003s ]
NOTIC: [8] Use of undefined constant ture - assumed 'ture' /data/wwwroot/test.meiwenti.vip/CoalApp/Admin/Controller/IndexController.class.php 第 48 行.
NOTIC: [8] Use of undefined constant ture - assumed 'ture' /data/wwwroot/test.meiwenti.vip/CoalApp/Admin/Controller/IndexController.class.php 第 59 行.
SQL: SELECT * FROM `coal_admin_auth` WHERE `controller` = 'Seller' AND `action` = 'listSeller' LIMIT 1   [ RunTime:0.0002s ]
INFO: [ view_parse ] --START--
INFO: [ template_filter ] --START--
INFO: Run Behavior\ContentReplaceBehavior [ RunTime:0.000083s ]
INFO: [ template_filter ] --END-- [ RunTime:0.000148s ]
INFO: Run Behavior\ParseTemplateBehavior [ RunTime:0.006935s ]
INFO: [ view_parse ] --END-- [ RunTime:0.007008s ]
INFO: [ view_filter ] --START--
INFO: Run Behavior\WriteHtmlCacheBehavior [ RunTime:0.000154s ]
INFO: [ view_filter ] --END-- [ RunTime:0.000210s ]
INFO: [ app_end ] --START--
INFO: Run Behavior\ShowPageTraceBehavior [ RunTime:0.000492s ]
INFO: [ app_end ] --END-- [ RunTime:0.000543s ]

[ 2016-10-19T17:34:48+08:00 ] 192.168.0.107 /index.php/Admin/News/listNews.html
INFO: [ app_init ] --START--
INFO: Run Behavior\BuildLiteBehavior [ RunTime:0.000016s ]
INFO: [ app_init ] --END-- [ RunTime:0.000392s ]
INFO: [ app_begin ] --START--
INFO: Run Behavior\ReadHtmlCacheBehavior [ RunTime:0.000490s ]
INFO: [ app_begin ] --END-- [ RunTime:0.000550s ]
SQL: SHOW COLUMNS FROM `coal_admin_auth` [ RunTime:0.0007s ]
SQL: SELECT * FROM `coal_admin_auth`  [ RunTime:0.0003s ]
NOTIC: [8] Use of undefined constant ture - assumed 'ture' /data/wwwroot/test.meiwenti.vip/CoalApp/Admin/Controller/IndexController.class.php 第 48 行.
SQL: SELECT * FROM `coal_admin_auth` WHERE `controller` = 'News' AND `action` = 'listNews' LIMIT 1   [ RunTime:0.0002s ]
SQL: SHOW COLUMNS FROM `coal_news` [ RunTime:0.0006s ]
SQL: SELECT COUNT(*) AS tp_count FROM `coal_news` LIMIT 1   [ RunTime:0.0002s ]
SQL: SELECT `id`,`title`,`creat_time`,`writer`,`description`,`click` FROM `coal_news` ORDER BY `order`,`creat_time` desc LIMIT 0,10   [ RunTime:0.0002s ]
INFO: [ app_end ] --START--
INFO: Run Behavior\ShowPageTraceBehavior [ RunTime:0.000394s ]
INFO: [ app_end ] --END-- [ RunTime:0.000440s ]

[ 2016-10-19T17:38:23+08:00 ] 192.168.0.107 /index.php/Admin/Seller/listSeller.html
INFO: [ app_init ] --START--
INFO: Run Behavior\BuildLiteBehavior [ RunTime:0.000016s ]
INFO: [ app_init ] --END-- [ RunTime:0.000408s ]
INFO: [ app_begin ] --START--
INFO: Run Behavior\ReadHtmlCacheBehavior [ RunTime:0.000524s ]
INFO: [ app_begin ] --END-- [ RunTime:0.000594s ]
SQL: SHOW COLUMNS FROM `coal_admin_auth` [ RunTime:0.0008s ]
SQL: SELECT * FROM `coal_admin_auth`  [ RunTime:0.0003s ]
NOTIC: [8] Use of undefined constant ture - assumed 'ture' /data/wwwroot/test.meiwenti.vip/CoalApp/Admin/Controller/IndexController.class.php 第 48 行.
NOTIC: [8] Use of undefined constant ture - assumed 'ture' /data/wwwroot/test.meiwenti.vip/CoalApp/Admin/Controller/IndexController.class.php 第 59 行.
SQL: SELECT * FROM `coal_admin_auth` WHERE `controller` = 'Seller' AND `action` = 'listSeller' LIMIT 1   [ RunTime:0.0002s ]
INFO: [ view_parse ] --START--
INFO: [ template_filter ] --START--
INFO: Run Behavior\ContentReplaceBehavior [ RunTime:0.000083s ]
INFO: [ template_filter ] --END-- [ RunTime:0.000147s ]
INFO: Run Behavior\ParseTemplateBehavior [ RunTime:0.006651s ]
INFO: [ view_parse ] --END-- [ RunTime:0.006711s ]
INFO: [ view_filter ] --START--
INFO: Run Behavior\WriteHtmlCacheBehavior [ RunTime:0.000155s ]
INFO: [ view_filter ] --END-- [ RunTime:0.000197s ]
INFO: [ app_end ] --START--
INFO: Run Behavior\ShowPageTraceBehavior [ RunTime:0.000502s ]
INFO: [ app_end ] --END-- [ RunTime:0.000551s ]

[ 2016-10-19T17:38:23+08:00 ] 192.168.0.107 /index.php/Admin/Seller/ajaxListSellers.html
INFO: [ app_init ] --START--
INFO: Run Behavior\BuildLiteBehavior [ RunTime:0.000011s ]
INFO: [ app_init ] --END-- [ RunTime:0.000249s ]
INFO: [ app_begin ] --START--
INFO: Run Behavior\ReadHtmlCacheBehavior [ RunTime:0.000220s ]
INFO: [ app_begin ] --END-- [ RunTime:0.000251s ]
SQL: SHOW COLUMNS FROM `coal_admin_auth` [ RunTime:0.0005s ]
SQL: SELECT * FROM `coal_admin_auth`  [ RunTime:0.0002s ]
NOTIC: [8] Use of undefined constant ture - assumed 'ture' /data/wwwroot/test.meiwenti.vip/CoalApp/Admin/Controller/IndexController.class.php 第 48 行.
SQL: SELECT * FROM `coal_admin_auth` WHERE `controller` = 'Seller' AND `action` = 'ajaxListSellers' LIMIT 1   [ RunTime:0.0003s ]
SQL: SHOW COLUMNS FROM `coal_news` [ RunTime:0.0004s ]
SQL: SELECT COUNT(*) AS tp_count FROM `coal_news` LIMIT 1   [ RunTime:0.0002s ]
SQL: SELECT `id`,`title`,`creat_time`,`writer`,`description`,`click` FROM `coal_news` ORDER BY `order`,`creat_time` desc LIMIT 0,10   [ RunTime:0.0002s ]
INFO: [ app_end ] --START--
INFO: Run Behavior\ShowPageTraceBehavior [ RunTime:0.000247s ]
INFO: [ app_end ] --END-- [ RunTime:0.000278s ]

[ 2016-10-19T17:38:24+08:00 ] 192.168.0.107 /index.php/Admin/Seller/listSeller.html
INFO: [ app_init ] --START--
INFO: Run Behavior\BuildLiteBehavior [ RunTime:0.000008s ]
INFO: [ app_init ] --END-- [ RunTime:0.000179s ]
INFO: [ app_begin ] --START--
INFO: Run Behavior\ReadHtmlCacheBehavior [ RunTime:0.000228s ]
INFO: [ app_begin ] --END-- [ RunTime:0.000258s ]
SQL: SHOW COLUMNS FROM `coal_admin_auth` [ RunTime:0.0005s ]
SQL: SELECT * FROM `coal_admin_auth`  [ RunTime:0.0002s ]
NOTIC: [8] Use of undefined constant ture - assumed 'ture' /data/wwwroot/test.meiwenti.vip/CoalApp/Admin/Controller/IndexController.class.php 第 48 行.
NOTIC: [8] Use of undefined constant ture - assumed 'ture' /data/wwwroot/test.meiwenti.vip/CoalApp/Admin/Controller/IndexController.class.php 第 59 行.
SQL: SELECT * FROM `coal_admin_auth` WHERE `controller` = 'Seller' AND `action` = 'listSeller' LIMIT 1   [ RunTime:0.0001s ]
INFO: [ view_parse ] --START--
INFO: [ template_filter ] --START--
INFO: Run Behavior\ContentReplaceBehavior [ RunTime:0.000037s ]
INFO: [ template_filter ] --END-- [ RunTime:0.000064s ]
INFO: Run Behavior\ParseTemplateBehavior [ RunTime:0.002708s ]
INFO: [ view_parse ] --END-- [ RunTime:0.002737s ]
INFO: [ view_filter ] --START--
INFO: Run Behavior\WriteHtmlCacheBehavior [ RunTime:0.000085s ]
INFO: [ view_filter ] --END-- [ RunTime:0.000106s ]
INFO: [ app_end ] --START--
INFO: Run Behavior\ShowPageTraceBehavior [ RunTime:0.000234s ]
INFO: [ app_end ] --END-- [ RunTime:0.000258s ]

[ 2016-10-19T17:38:24+08:00 ] 192.168.0.107 /index.php/Admin/Seller/ajaxListSellers.html
INFO: [ app_init ] --START--
INFO: Run Behavior\BuildLiteBehavior [ RunTime:0.000008s ]
INFO: [ app_init ] --END-- [ RunTime:0.000177s ]
INFO: [ app_begin ] --START--
INFO: Run Behavior\ReadHtmlCacheBehavior [ RunTime:0.000216s ]
INFO: [ app_begin ] --END-- [ RunTime:0.000246s ]
SQL: SHOW COLUMNS FROM `coal_admin_auth` [ RunTime:0.0005s ]
SQL: SELECT * FROM `coal_admin_auth`  [ RunTime:0.0002s ]
NOTIC: [8] Use of undefined constant ture - assumed 'ture' /data/wwwroot/test.meiwenti.vip/CoalApp/Admin/Controller/IndexController.class.php 第 48 行.
SQL: SELECT * FROM `coal_admin_auth` WHERE `controller` = 'Seller' AND `action` = 'ajaxListSellers' LIMIT 1   [ RunTime:0.0001s ]
SQL: SHOW COLUMNS FROM `coal_news` [ RunTime:0.0004s ]
SQL: SELECT COUNT(*) AS tp_count FROM `coal_news` LIMIT 1   [ RunTime:0.0001s ]
SQL: SELECT `id`,`title`,`creat_time`,`writer`,`description`,`click` FROM `coal_news` ORDER BY `order`,`creat_time` desc LIMIT 0,10   [ RunTime:0.0001s ]
INFO: [ app_end ] --START--
INFO: Run Behavior\ShowPageTraceBehavior [ RunTime:0.000244s ]
INFO: [ app_end ] --END-- [ RunTime:0.000275s ]

[ 2016-10-19T17:39:21+08:00 ] 192.168.0.107 /index.php/Admin/Seller/listSeller.html
INFO: [ app_init ] --START--
INFO: Run Behavior\BuildLiteBehavior [ RunTime:0.000020s ]
INFO: [ app_init ] --END-- [ RunTime:0.000493s ]
INFO: [ app_begin ] --START--
INFO: Run Behavior\ReadHtmlCacheBehavior [ RunTime:0.000625s ]
INFO: [ app_begin ] --END-- [ RunTime:0.000699s ]
SQL: SHOW COLUMNS FROM `coal_admin_auth` [ RunTime:0.0008s ]
SQL: SELECT * FROM `coal_admin_auth`  [ RunTime:0.0003s ]
NOTIC: [8] Use of undefined constant ture - assumed 'ture' /data/wwwroot/test.meiwenti.vip/CoalApp/Admin/Controller/IndexController.class.php 第 48 行.
NOTIC: [8] Use of undefined constant ture - assumed 'ture' /data/wwwroot/test.meiwenti.vip/CoalApp/Admin/Controller/IndexController.class.php 第 59 行.
SQL: SELECT * FROM `coal_admin_auth` WHERE `controller` = 'Seller' AND `action` = 'listSeller' LIMIT 1   [ RunTime:0.0002s ]
INFO: [ view_parse ] --START--
INFO: [ template_filter ] --START--
INFO: Run Behavior\ContentReplaceBehavior [ RunTime:0.000090s ]
INFO: [ template_filter ] --END-- [ RunTime:0.000164s ]
INFO: Run Behavior\ParseTemplateBehavior [ RunTime:0.007417s ]
INFO: [ view_parse ] --END-- [ RunTime:0.007474s ]
INFO: [ view_filter ] --START--
INFO: Run Behavior\WriteHtmlCacheBehavior [ RunTime:0.000170s ]
INFO: [ view_filter ] --END-- [ RunTime:0.000225s ]
INFO: [ app_end ] --START--
INFO: Run Behavior\ShowPageTraceBehavior [ RunTime:0.000539s ]
INFO: [ app_end ] --END-- [ RunTime:0.000589s ]

[ 2016-10-19T17:39:21+08:00 ] 192.168.0.107 /index.php/Admin/Seller/ajaxListSellers.html
INFO: [ app_init ] --START--
INFO: Run Behavior\BuildLiteBehavior [ RunTime:0.000010s ]
INFO: [ app_init ] --END-- [ RunTime:0.000221s ]
INFO: [ app_begin ] --START--
INFO: Run Behavior\ReadHtmlCacheBehavior [ RunTime:0.000272s ]
INFO: [ app_begin ] --END-- [ RunTime:0.000308s ]
SQL: SHOW COLUMNS FROM `coal_admin_auth` [ RunTime:0.0005s ]
SQL: SELECT * FROM `coal_admin_auth`  [ RunTime:0.0002s ]
NOTIC: [8] Use of undefined constant ture - assumed 'ture' /data/wwwroot/test.meiwenti.vip/CoalApp/Admin/Controller/IndexController.class.php 第 48 行.
SQL: SELECT * FROM `coal_admin_auth` WHERE `controller` = 'Seller' AND `action` = 'ajaxListSellers' LIMIT 1   [ RunTime:0.0001s ]
SQL: SHOW COLUMNS FROM `coal_seller` [ RunTime:0.0003s ]
SQL: SELECT COUNT(*) AS tp_count FROM `coal_seller` LIMIT 1   [ RunTime:0.0002s ]
ERR: 1054:Unknown column 'title' in 'field list'
 [ SQL语句 ] : SELECT `id`,`title`,`creat_time`,`writer`,`description`,`click` FROM `coal_seller` ORDER BY `order`,`creat_time` desc LIMIT 0,10  
ERR: 1054:Unknown column 'title' in 'field list'
 [ SQL语句 ] : SELECT `id`,`title`,`creat_time`,`writer`,`description`,`click` FROM `coal_seller` ORDER BY `order`,`creat_time` desc LIMIT 0,10  

[ 2016-10-19T17:58:34+08:00 ] 192.168.0.107 /index.php/Admin/Seller/listSeller.html
INFO: [ app_init ] --START--
INFO: Run Behavior\BuildLiteBehavior [ RunTime:0.000020s ]
INFO: [ app_init ] --END-- [ RunTime:0.000477s ]
INFO: [ app_begin ] --START--
INFO: Run Behavior\ReadHtmlCacheBehavior [ RunTime:0.000624s ]
INFO: [ app_begin ] --END-- [ RunTime:0.000698s ]
SQL: SHOW COLUMNS FROM `coal_admin_auth` [ RunTime:0.0008s ]
SQL: SELECT * FROM `coal_admin_auth`  [ RunTime:0.0003s ]
NOTIC: [8] Use of undefined constant ture - assumed 'ture' /data/wwwroot/test.meiwenti.vip/CoalApp/Admin/Controller/IndexController.class.php 第 48 行.
NOTIC: [8] Use of undefined constant ture - assumed 'ture' /data/wwwroot/test.meiwenti.vip/CoalApp/Admin/Controller/IndexController.class.php 第 59 行.
SQL: SELECT * FROM `coal_admin_auth` WHERE `controller` = 'Seller' AND `action` = 'listSeller' LIMIT 1   [ RunTime:0.0002s ]
INFO: [ view_parse ] --START--
INFO: [ template_filter ] --START--
INFO: Run Behavior\ContentReplaceBehavior [ RunTime:0.000094s ]
INFO: [ template_filter ] --END-- [ RunTime:0.000156s ]
INFO: Run Behavior\ParseTemplateBehavior [ RunTime:0.007375s ]
INFO: [ view_parse ] --END-- [ RunTime:0.007425s ]
INFO: [ view_filter ] --START--
INFO: Run Behavior\WriteHtmlCacheBehavior [ RunTime:0.000128s ]
INFO: [ view_filter ] --END-- [ RunTime:0.000161s ]
INFO: [ app_end ] --START--
INFO: Run Behavior\ShowPageTraceBehavior [ RunTime:0.000404s ]
INFO: [ app_end ] --END-- [ RunTime:0.000442s ]

[ 2016-10-19T17:58:35+08:00 ] 192.168.0.107 /index.php/Admin/Seller/ajaxListSellers.html
INFO: [ app_init ] --START--
INFO: Run Behavior\BuildLiteBehavior [ RunTime:0.000021s ]
INFO: [ app_init ] --END-- [ RunTime:0.000537s ]
INFO: [ app_begin ] --START--
INFO: Run Behavior\ReadHtmlCacheBehavior [ RunTime:0.000645s ]
INFO: [ app_begin ] --END-- [ RunTime:0.000722s ]
SQL: SHOW COLUMNS FROM `coal_admin_auth` [ RunTime:0.0009s ]
SQL: SELECT * FROM `coal_admin_auth`  [ RunTime:0.0003s ]
NOTIC: [8] Use of undefined constant ture - assumed 'ture' /data/wwwroot/test.meiwenti.vip/CoalApp/Admin/Controller/IndexController.class.php 第 48 行.
SQL: SELECT * FROM `coal_admin_auth` WHERE `controller` = 'Seller' AND `action` = 'ajaxListSellers' LIMIT 1   [ RunTime:0.0002s ]
SQL: SHOW COLUMNS FROM `coal_seller` [ RunTime:0.0007s ]
SQL: SELECT COUNT(*) AS tp_count FROM `coal_seller` LIMIT 1   [ RunTime:0.0002s ]
ERR: 1054:Unknown column 'title' in 'field list'
 [ SQL语句 ] : SELECT `id`,`title`,`creat_time`,`writer`,`description`,`click` FROM `coal_seller` ORDER BY `order`,`creat_time` desc LIMIT 0,10  
ERR: 1054:Unknown column 'title' in 'field list'
 [ SQL语句 ] : SELECT `id`,`title`,`creat_time`,`writer`,`description`,`click` FROM `coal_seller` ORDER BY `order`,`creat_time` desc LIMIT 0,10  

